Start testing: May 07 16:56 CST
----------------------------------------------------------
18/169 Testing: t_strm_reassem_single
18/169 Test: t_strm_reassem_single
Command: "/home/shootzecond/sponge/build/tests/fsm_stream_reassembler_single"
Directory: /home/shootzecond/sponge/build
"t_strm_reassem_single" start time: May 07 16:56 CST
Output:
----------------------------------------------------------
<end of output>
Test time =   0.01 sec
----------------------------------------------------------
Test Passed.
"t_strm_reassem_single" end time: May 07 16:56 CST
"t_strm_reassem_single" time elapsed: 00:00:00
----------------------------------------------------------

19/169 Testing: t_strm_reassem_seq
19/169 Test: t_strm_reassem_seq
Command: "/home/shootzecond/sponge/build/tests/fsm_stream_reassembler_seq"
Directory: /home/shootzecond/sponge/build
"t_strm_reassem_seq" start time: May 07 16:56 CST
Output:
----------------------------------------------------------
<end of output>
Test time =   0.01 sec
----------------------------------------------------------
Test Passed.
"t_strm_reassem_seq" end time: May 07 16:56 CST
"t_strm_reassem_seq" time elapsed: 00:00:00
----------------------------------------------------------

20/169 Testing: t_strm_reassem_dup
20/169 Test: t_strm_reassem_dup
Command: "/home/shootzecond/sponge/build/tests/fsm_stream_reassembler_dup"
Directory: /home/shootzecond/sponge/build
"t_strm_reassem_dup" start time: May 07 16:56 CST
Output:
----------------------------------------------------------
<end of output>
Test time =   0.02 sec
----------------------------------------------------------
Test Passed.
"t_strm_reassem_dup" end time: May 07 16:56 CST
"t_strm_reassem_dup" time elapsed: 00:00:00
----------------------------------------------------------

21/169 Testing: t_strm_reassem_holes
21/169 Test: t_strm_reassem_holes
Command: "/home/shootzecond/sponge/build/tests/fsm_stream_reassembler_holes"
Directory: /home/shootzecond/sponge/build
"t_strm_reassem_holes" start time: May 07 16:56 CST
Output:
----------------------------------------------------------
<end of output>
Test time =   0.01 sec
----------------------------------------------------------
Test Passed.
"t_strm_reassem_holes" end time: May 07 16:56 CST
"t_strm_reassem_holes" time elapsed: 00:00:00
----------------------------------------------------------

22/169 Testing: t_strm_reassem_many
22/169 Test: t_strm_reassem_many
Command: "/home/shootzecond/sponge/build/tests/fsm_stream_reassembler_many"
Directory: /home/shootzecond/sponge/build
"t_strm_reassem_many" start time: May 07 16:56 CST
Output:
----------------------------------------------------------
<end of output>
Test time =   0.58 sec
----------------------------------------------------------
Test Passed.
"t_strm_reassem_many" end time: May 07 16:56 CST
"t_strm_reassem_many" time elapsed: 00:00:00
----------------------------------------------------------

23/169 Testing: t_strm_reassem_overlapping
23/169 Test: t_strm_reassem_overlapping
Command: "/home/shootzecond/sponge/build/tests/fsm_stream_reassembler_overlapping"
Directory: /home/shootzecond/sponge/build
"t_strm_reassem_overlapping" start time: May 07 16:56 CST
Output:
----------------------------------------------------------
<end of output>
Test time =   0.01 sec
----------------------------------------------------------
Test Passed.
"t_strm_reassem_overlapping" end time: May 07 16:56 CST
"t_strm_reassem_overlapping" time elapsed: 00:00:00
----------------------------------------------------------

24/169 Testing: t_strm_reassem_win
24/169 Test: t_strm_reassem_win
Command: "/home/shootzecond/sponge/build/tests/fsm_stream_reassembler_win"
Directory: /home/shootzecond/sponge/build
"t_strm_reassem_win" start time: May 07 16:56 CST
Output:
----------------------------------------------------------
<end of output>
Test time =   0.56 sec
----------------------------------------------------------
Test Passed.
"t_strm_reassem_win" end time: May 07 16:56 CST
"t_strm_reassem_win" time elapsed: 00:00:00
----------------------------------------------------------

25/169 Testing: t_strm_reassem_cap
25/169 Test: t_strm_reassem_cap
Command: "/home/shootzecond/sponge/build/tests/fsm_stream_reassembler_cap"
Directory: /home/shootzecond/sponge/build
"t_strm_reassem_cap" start time: May 07 16:56 CST
Output:
----------------------------------------------------------
<end of output>
Test time =   0.25 sec
----------------------------------------------------------
Test Passed.
"t_strm_reassem_cap" end time: May 07 16:56 CST
"t_strm_reassem_cap" time elapsed: 00:00:00
----------------------------------------------------------

26/169 Testing: t_byte_stream_construction
26/169 Test: t_byte_stream_construction
Command: "/home/shootzecond/sponge/build/tests/byte_stream_construction"
Directory: /home/shootzecond/sponge/build
"t_byte_stream_construction" start time: May 07 16:56 CST
Output:
----------------------------------------------------------
<end of output>
Test time =   0.01 sec
----------------------------------------------------------
Test Passed.
"t_byte_stream_construction" end time: May 07 16:56 CST
"t_byte_stream_construction" time elapsed: 00:00:00
----------------------------------------------------------

27/169 Testing: t_byte_stream_one_write
27/169 Test: t_byte_stream_one_write
Command: "/home/shootzecond/sponge/build/tests/byte_stream_one_write"
Directory: /home/shootzecond/sponge/build
"t_byte_stream_one_write" start time: May 07 16:56 CST
Output:
----------------------------------------------------------
<end of output>
Test time =   0.01 sec
----------------------------------------------------------
Test Passed.
"t_byte_stream_one_write" end time: May 07 16:56 CST
"t_byte_stream_one_write" time elapsed: 00:00:00
----------------------------------------------------------

28/169 Testing: t_byte_stream_two_writes
28/169 Test: t_byte_stream_two_writes
Command: "/home/shootzecond/sponge/build/tests/byte_stream_two_writes"
Directory: /home/shootzecond/sponge/build
"t_byte_stream_two_writes" start time: May 07 16:56 CST
Output:
----------------------------------------------------------
<end of output>
Test time =   0.01 sec
----------------------------------------------------------
Test Passed.
"t_byte_stream_two_writes" end time: May 07 16:56 CST
"t_byte_stream_two_writes" time elapsed: 00:00:00
----------------------------------------------------------

29/169 Testing: t_byte_stream_capacity
29/169 Test: t_byte_stream_capacity
Command: "/home/shootzecond/sponge/build/tests/byte_stream_capacity"
Directory: /home/shootzecond/sponge/build
"t_byte_stream_capacity" start time: May 07 16:56 CST
Output:
----------------------------------------------------------
<end of output>
Test time =   1.25 sec
----------------------------------------------------------
Test Passed.
"t_byte_stream_capacity" end time: May 07 16:56 CST
"t_byte_stream_capacity" time elapsed: 00:00:01
----------------------------------------------------------

30/169 Testing: t_byte_stream_many_writes
30/169 Test: t_byte_stream_many_writes
Command: "/home/shootzecond/sponge/build/tests/byte_stream_many_writes"
Directory: /home/shootzecond/sponge/build
"t_byte_stream_many_writes" start time: May 07 16:56 CST
Output:
----------------------------------------------------------
<end of output>
Test time =   0.05 sec
----------------------------------------------------------
Test Passed.
"t_byte_stream_many_writes" end time: May 07 16:56 CST
"t_byte_stream_many_writes" time elapsed: 00:00:00
----------------------------------------------------------

53/169 Testing: t_address_dt
53/169 Test: t_address_dt
Command: "/home/shootzecond/sponge/build/doctests/address_dt"
Directory: /home/shootzecond/sponge/build
"t_address_dt" start time: May 07 16:56 CST
Output:
----------------------------------------------------------
<end of output>
Test time =   0.02 sec
----------------------------------------------------------
Test Passed.
"t_address_dt" end time: May 07 16:56 CST
"t_address_dt" time elapsed: 00:00:00
----------------------------------------------------------

54/169 Testing: t_parser_dt
54/169 Test: t_parser_dt
Command: "/home/shootzecond/sponge/build/doctests/parser_dt"
Directory: /home/shootzecond/sponge/build
"t_parser_dt" start time: May 07 16:56 CST
Output:
----------------------------------------------------------
<end of output>
Test time =   0.01 sec
----------------------------------------------------------
Test Passed.
"t_parser_dt" end time: May 07 16:56 CST
"t_parser_dt" time elapsed: 00:00:00
----------------------------------------------------------

55/169 Testing: t_socket_dt
55/169 Test: t_socket_dt
Command: "/home/shootzecond/sponge/build/doctests/socket_dt"
Directory: /home/shootzecond/sponge/build
"t_socket_dt" start time: May 07 16:56 CST
Output:
----------------------------------------------------------
<end of output>
Test time =   0.02 sec
----------------------------------------------------------
Test Passed.
"t_socket_dt" end time: May 07 16:56 CST
"t_socket_dt" time elapsed: 00:00:00
----------------------------------------------------------

End testing: May 07 16:56 CST
