Start testing: May 17 10:27 CST
----------------------------------------------------------
1/169 Testing: t_wrapping_ints_cmp
1/169 Test: t_wrapping_ints_cmp
Command: "/home/shootzecond/sponge/build/tests/wrapping_integers_cmp"
Directory: /home/shootzecond/sponge/build
"t_wrapping_ints_cmp" start time: May 17 10:27 CST
Output:
----------------------------------------------------------
<end of output>
Test time =   0.00 sec
----------------------------------------------------------
Test Passed.
"t_wrapping_ints_cmp" end time: May 17 10:27 CST
"t_wrapping_ints_cmp" time elapsed: 00:00:00
----------------------------------------------------------

2/169 Testing: t_wrapping_ints_unwrap
2/169 Test: t_wrapping_ints_unwrap
Command: "/home/shootzecond/sponge/build/tests/wrapping_integers_unwrap"
Directory: /home/shootzecond/sponge/build
"t_wrapping_ints_unwrap" start time: May 17 10:27 CST
Output:
----------------------------------------------------------
<end of output>
Test time =   0.00 sec
----------------------------------------------------------
Test Passed.
"t_wrapping_ints_unwrap" end time: May 17 10:27 CST
"t_wrapping_ints_unwrap" time elapsed: 00:00:00
----------------------------------------------------------

3/169 Testing: t_wrapping_ints_wrap
3/169 Test: t_wrapping_ints_wrap
Command: "/home/shootzecond/sponge/build/tests/wrapping_integers_wrap"
Directory: /home/shootzecond/sponge/build
"t_wrapping_ints_wrap" start time: May 17 10:27 CST
Output:
----------------------------------------------------------
<end of output>
Test time =   0.00 sec
----------------------------------------------------------
Test Passed.
"t_wrapping_ints_wrap" end time: May 17 10:27 CST
"t_wrapping_ints_wrap" time elapsed: 00:00:00
----------------------------------------------------------

4/169 Testing: t_wrapping_ints_roundtrip
4/169 Test: t_wrapping_ints_roundtrip
Command: "/home/shootzecond/sponge/build/tests/wrapping_integers_roundtrip"
Directory: /home/shootzecond/sponge/build
"t_wrapping_ints_roundtrip" start time: May 17 10:27 CST
Output:
----------------------------------------------------------
<end of output>
Test time =   0.11 sec
----------------------------------------------------------
Test Passed.
"t_wrapping_ints_roundtrip" end time: May 17 10:27 CST
"t_wrapping_ints_roundtrip" time elapsed: 00:00:00
----------------------------------------------------------

5/169 Testing: t_recv_connect
5/169 Test: t_recv_connect
Command: "/home/shootzecond/sponge/build/tests/recv_connect"
Directory: /home/shootzecond/sponge/build
"t_recv_connect" start time: May 17 10:27 CST
Output:
----------------------------------------------------------
<end of output>
Test time =   0.00 sec
----------------------------------------------------------
Test Passed.
"t_recv_connect" end time: May 17 10:27 CST
"t_recv_connect" time elapsed: 00:00:00
----------------------------------------------------------

6/169 Testing: t_recv_transmit
6/169 Test: t_recv_transmit
Command: "/home/shootzecond/sponge/build/tests/recv_transmit"
Directory: /home/shootzecond/sponge/build
"t_recv_transmit" start time: May 17 10:27 CST
Output:
----------------------------------------------------------
<end of output>
Test time =   0.05 sec
----------------------------------------------------------
Test Passed.
"t_recv_transmit" end time: May 17 10:27 CST
"t_recv_transmit" time elapsed: 00:00:00
----------------------------------------------------------

7/169 Testing: t_recv_window
7/169 Test: t_recv_window
Command: "/home/shootzecond/sponge/build/tests/recv_window"
Directory: /home/shootzecond/sponge/build
"t_recv_window" start time: May 17 10:27 CST
Output:
----------------------------------------------------------
<end of output>
Test time =   0.00 sec
----------------------------------------------------------
Test Passed.
"t_recv_window" end time: May 17 10:27 CST
"t_recv_window" time elapsed: 00:00:00
----------------------------------------------------------

8/169 Testing: t_recv_reorder
8/169 Test: t_recv_reorder
Command: "/home/shootzecond/sponge/build/tests/recv_reorder"
Directory: /home/shootzecond/sponge/build
"t_recv_reorder" start time: May 17 10:27 CST
Output:
----------------------------------------------------------
<end of output>
Test time =   0.00 sec
----------------------------------------------------------
Test Passed.
"t_recv_reorder" end time: May 17 10:27 CST
"t_recv_reorder" time elapsed: 00:00:00
----------------------------------------------------------

9/169 Testing: t_recv_close
9/169 Test: t_recv_close
Command: "/home/shootzecond/sponge/build/tests/recv_close"
Directory: /home/shootzecond/sponge/build
"t_recv_close" start time: May 17 10:27 CST
Output:
----------------------------------------------------------
<end of output>
Test time =   0.00 sec
----------------------------------------------------------
Test Passed.
"t_recv_close" end time: May 17 10:27 CST
"t_recv_close" time elapsed: 00:00:00
----------------------------------------------------------

10/169 Testing: t_recv_special
10/169 Test: t_recv_special
Command: "/home/shootzecond/sponge/build/tests/recv_special"
Directory: /home/shootzecond/sponge/build
"t_recv_special" start time: May 17 10:27 CST
Output:
----------------------------------------------------------
<end of output>
Test time =   0.00 sec
----------------------------------------------------------
Test Passed.
"t_recv_special" end time: May 17 10:27 CST
"t_recv_special" time elapsed: 00:00:00
----------------------------------------------------------

11/169 Testing: t_send_connect
11/169 Test: t_send_connect
Command: "/home/shootzecond/sponge/build/tests/send_connect"
Directory: /home/shootzecond/sponge/build
"t_send_connect" start time: May 17 10:27 CST
Output:
----------------------------------------------------------
<end of output>
Test time =   0.00 sec
----------------------------------------------------------
Test Passed.
"t_send_connect" end time: May 17 10:27 CST
"t_send_connect" time elapsed: 00:00:00
----------------------------------------------------------

12/169 Testing: t_send_transmit
12/169 Test: t_send_transmit
Command: "/home/shootzecond/sponge/build/tests/send_transmit"
Directory: /home/shootzecond/sponge/build
"t_send_transmit" start time: May 17 10:27 CST
Output:
----------------------------------------------------------
<end of output>
Test time =   0.04 sec
----------------------------------------------------------
Test Passed.
"t_send_transmit" end time: May 17 10:27 CST
"t_send_transmit" time elapsed: 00:00:00
----------------------------------------------------------

13/169 Testing: t_send_retx
13/169 Test: t_send_retx
Command: "/home/shootzecond/sponge/build/tests/send_retx"
Directory: /home/shootzecond/sponge/build
"t_send_retx" start time: May 17 10:27 CST
Output:
----------------------------------------------------------
<end of output>
Test time =   0.00 sec
----------------------------------------------------------
Test Passed.
"t_send_retx" end time: May 17 10:27 CST
"t_send_retx" time elapsed: 00:00:00
----------------------------------------------------------

14/169 Testing: t_send_window
14/169 Test: t_send_window
Command: "/home/shootzecond/sponge/build/tests/send_window"
Directory: /home/shootzecond/sponge/build
"t_send_window" start time: May 17 10:27 CST
Output:
----------------------------------------------------------
<end of output>
Test time =   0.08 sec
----------------------------------------------------------
Test Passed.
"t_send_window" end time: May 17 10:27 CST
"t_send_window" time elapsed: 00:00:00
----------------------------------------------------------

15/169 Testing: t_send_ack
15/169 Test: t_send_ack
Command: "/home/shootzecond/sponge/build/tests/send_ack"
Directory: /home/shootzecond/sponge/build
"t_send_ack" start time: May 17 10:27 CST
Output:
----------------------------------------------------------
<end of output>
Test time =   0.00 sec
----------------------------------------------------------
Test Passed.
"t_send_ack" end time: May 17 10:27 CST
"t_send_ack" time elapsed: 00:00:00
----------------------------------------------------------

16/169 Testing: t_send_close
16/169 Test: t_send_close
Command: "/home/shootzecond/sponge/build/tests/send_close"
Directory: /home/shootzecond/sponge/build
"t_send_close" start time: May 17 10:27 CST
Output:
----------------------------------------------------------
<end of output>
Test time =   0.00 sec
----------------------------------------------------------
Test Passed.
"t_send_close" end time: May 17 10:27 CST
"t_send_close" time elapsed: 00:00:00
----------------------------------------------------------

17/169 Testing: t_send_extra
17/169 Test: t_send_extra
Command: "/home/shootzecond/sponge/build/tests/send_extra"
Directory: /home/shootzecond/sponge/build
"t_send_extra" start time: May 17 10:27 CST
Output:
----------------------------------------------------------
<end of output>
Test time =   0.01 sec
----------------------------------------------------------
Test Passed.
"t_send_extra" end time: May 17 10:27 CST
"t_send_extra" time elapsed: 00:00:00
----------------------------------------------------------

18/169 Testing: t_strm_reassem_single
18/169 Test: t_strm_reassem_single
Command: "/home/shootzecond/sponge/build/tests/fsm_stream_reassembler_single"
Directory: /home/shootzecond/sponge/build
"t_strm_reassem_single" start time: May 17 10:27 CST
Output:
----------------------------------------------------------
<end of output>
Test time =   0.00 sec
----------------------------------------------------------
Test Passed.
"t_strm_reassem_single" end time: May 17 10:27 CST
"t_strm_reassem_single" time elapsed: 00:00:00
----------------------------------------------------------

19/169 Testing: t_strm_reassem_seq
19/169 Test: t_strm_reassem_seq
Command: "/home/shootzecond/sponge/build/tests/fsm_stream_reassembler_seq"
Directory: /home/shootzecond/sponge/build
"t_strm_reassem_seq" start time: May 17 10:27 CST
Output:
----------------------------------------------------------
<end of output>
Test time =   0.00 sec
----------------------------------------------------------
Test Passed.
"t_strm_reassem_seq" end time: May 17 10:27 CST
"t_strm_reassem_seq" time elapsed: 00:00:00
----------------------------------------------------------

20/169 Testing: t_strm_reassem_dup
20/169 Test: t_strm_reassem_dup
Command: "/home/shootzecond/sponge/build/tests/fsm_stream_reassembler_dup"
Directory: /home/shootzecond/sponge/build
"t_strm_reassem_dup" start time: May 17 10:27 CST
Output:
----------------------------------------------------------
<end of output>
Test time =   0.01 sec
----------------------------------------------------------
Test Passed.
"t_strm_reassem_dup" end time: May 17 10:27 CST
"t_strm_reassem_dup" time elapsed: 00:00:00
----------------------------------------------------------

21/169 Testing: t_strm_reassem_holes
21/169 Test: t_strm_reassem_holes
Command: "/home/shootzecond/sponge/build/tests/fsm_stream_reassembler_holes"
Directory: /home/shootzecond/sponge/build
"t_strm_reassem_holes" start time: May 17 10:27 CST
Output:
----------------------------------------------------------
<end of output>
Test time =   0.00 sec
----------------------------------------------------------
Test Passed.
"t_strm_reassem_holes" end time: May 17 10:27 CST
"t_strm_reassem_holes" time elapsed: 00:00:00
----------------------------------------------------------

22/169 Testing: t_strm_reassem_many
22/169 Test: t_strm_reassem_many
Command: "/home/shootzecond/sponge/build/tests/fsm_stream_reassembler_many"
Directory: /home/shootzecond/sponge/build
"t_strm_reassem_many" start time: May 17 10:27 CST
Output:
----------------------------------------------------------
<end of output>
Test time =   0.21 sec
----------------------------------------------------------
Test Passed.
"t_strm_reassem_many" end time: May 17 10:27 CST
"t_strm_reassem_many" time elapsed: 00:00:00
----------------------------------------------------------

23/169 Testing: t_strm_reassem_overlapping
23/169 Test: t_strm_reassem_overlapping
Command: "/home/shootzecond/sponge/build/tests/fsm_stream_reassembler_overlapping"
Directory: /home/shootzecond/sponge/build
"t_strm_reassem_overlapping" start time: May 17 10:27 CST
Output:
----------------------------------------------------------
<end of output>
Test time =   0.00 sec
----------------------------------------------------------
Test Passed.
"t_strm_reassem_overlapping" end time: May 17 10:27 CST
"t_strm_reassem_overlapping" time elapsed: 00:00:00
----------------------------------------------------------

24/169 Testing: t_strm_reassem_win
24/169 Test: t_strm_reassem_win
Command: "/home/shootzecond/sponge/build/tests/fsm_stream_reassembler_win"
Directory: /home/shootzecond/sponge/build
"t_strm_reassem_win" start time: May 17 10:27 CST
Output:
----------------------------------------------------------
<end of output>
Test time =   0.23 sec
----------------------------------------------------------
Test Passed.
"t_strm_reassem_win" end time: May 17 10:27 CST
"t_strm_reassem_win" time elapsed: 00:00:00
----------------------------------------------------------

25/169 Testing: t_strm_reassem_cap
25/169 Test: t_strm_reassem_cap
Command: "/home/shootzecond/sponge/build/tests/fsm_stream_reassembler_cap"
Directory: /home/shootzecond/sponge/build
"t_strm_reassem_cap" start time: May 17 10:27 CST
Output:
----------------------------------------------------------
<end of output>
Test time =   0.08 sec
----------------------------------------------------------
Test Passed.
"t_strm_reassem_cap" end time: May 17 10:27 CST
"t_strm_reassem_cap" time elapsed: 00:00:00
----------------------------------------------------------

26/169 Testing: t_byte_stream_construction
26/169 Test: t_byte_stream_construction
Command: "/home/shootzecond/sponge/build/tests/byte_stream_construction"
Directory: /home/shootzecond/sponge/build
"t_byte_stream_construction" start time: May 17 10:27 CST
Output:
----------------------------------------------------------
<end of output>
Test time =   0.00 sec
----------------------------------------------------------
Test Passed.
"t_byte_stream_construction" end time: May 17 10:27 CST
"t_byte_stream_construction" time elapsed: 00:00:00
----------------------------------------------------------

27/169 Testing: t_byte_stream_one_write
27/169 Test: t_byte_stream_one_write
Command: "/home/shootzecond/sponge/build/tests/byte_stream_one_write"
Directory: /home/shootzecond/sponge/build
"t_byte_stream_one_write" start time: May 17 10:27 CST
Output:
----------------------------------------------------------
<end of output>
Test time =   0.00 sec
----------------------------------------------------------
Test Passed.
"t_byte_stream_one_write" end time: May 17 10:27 CST
"t_byte_stream_one_write" time elapsed: 00:00:00
----------------------------------------------------------

28/169 Testing: t_byte_stream_two_writes
28/169 Test: t_byte_stream_two_writes
Command: "/home/shootzecond/sponge/build/tests/byte_stream_two_writes"
Directory: /home/shootzecond/sponge/build
"t_byte_stream_two_writes" start time: May 17 10:27 CST
Output:
----------------------------------------------------------
<end of output>
Test time =   0.00 sec
----------------------------------------------------------
Test Passed.
"t_byte_stream_two_writes" end time: May 17 10:27 CST
"t_byte_stream_two_writes" time elapsed: 00:00:00
----------------------------------------------------------

29/169 Testing: t_byte_stream_capacity
29/169 Test: t_byte_stream_capacity
Command: "/home/shootzecond/sponge/build/tests/byte_stream_capacity"
Directory: /home/shootzecond/sponge/build
"t_byte_stream_capacity" start time: May 17 10:27 CST
Output:
----------------------------------------------------------
<end of output>
Test time =   0.40 sec
----------------------------------------------------------
Test Passed.
"t_byte_stream_capacity" end time: May 17 10:27 CST
"t_byte_stream_capacity" time elapsed: 00:00:00
----------------------------------------------------------

30/169 Testing: t_byte_stream_many_writes
30/169 Test: t_byte_stream_many_writes
Command: "/home/shootzecond/sponge/build/tests/byte_stream_many_writes"
Directory: /home/shootzecond/sponge/build
"t_byte_stream_many_writes" start time: May 17 10:27 CST
Output:
----------------------------------------------------------
<end of output>
Test time =   0.01 sec
----------------------------------------------------------
Test Passed.
"t_byte_stream_many_writes" end time: May 17 10:27 CST
"t_byte_stream_many_writes" time elapsed: 00:00:00
----------------------------------------------------------

31/169 Testing: t_webget
31/169 Test: t_webget
Command: "/home/shootzecond/sponge/tests/webget_t.sh"
Directory: /home/shootzecond/sponge/build
"t_webget" start time: May 17 10:27 CST
Output:
----------------------------------------------------------
HTTP/1.1 200 OK
Content-type: text/plain

7SmXqWkrLKzVBCEalbSPqBcvs11Pw263K7x4Wv3JckI
<end of output>
Test time =   0.99 sec
----------------------------------------------------------
Test Passed.
"t_webget" end time: May 17 10:27 CST
"t_webget" time elapsed: 00:00:00
----------------------------------------------------------

34/169 Testing: t_tcp_parser
34/169 Test: t_tcp_parser
Command: "/home/shootzecond/sponge/build/tests/tcp_parser" "/home/shootzecond/sponge/tests/ipv4_parser.data"
Directory: /home/shootzecond/sponge/build
"t_tcp_parser" start time: May 17 10:27 CST
Output:
----------------------------------------------------------
<end of output>
Test time =   0.00 sec
----------------------------------------------------------
Test Passed.
"t_tcp_parser" end time: May 17 10:27 CST
"t_tcp_parser" time elapsed: 00:00:00
----------------------------------------------------------

35/169 Testing: t_ipv4_parser
35/169 Test: t_ipv4_parser
Command: "/home/shootzecond/sponge/build/tests/ipv4_parser" "/home/shootzecond/sponge/tests/ipv4_parser.data"
Directory: /home/shootzecond/sponge/build
"t_ipv4_parser" start time: May 17 10:27 CST
Output:
----------------------------------------------------------
<end of output>
Test time =   0.01 sec
----------------------------------------------------------
Test Passed.
"t_ipv4_parser" end time: May 17 10:27 CST
"t_ipv4_parser" time elapsed: 00:00:00
----------------------------------------------------------

36/169 Testing: t_active_close
36/169 Test: t_active_close
Command: "/home/shootzecond/sponge/build/tests/fsm_active_close"
Directory: /home/shootzecond/sponge/build
"t_active_close" start time: May 17 10:27 CST
Output:
----------------------------------------------------------
<end of output>
Test time =   0.00 sec
----------------------------------------------------------
Test Passed.
"t_active_close" end time: May 17 10:27 CST
"t_active_close" time elapsed: 00:00:00
----------------------------------------------------------

37/169 Testing: t_passive_close
37/169 Test: t_passive_close
Command: "/home/shootzecond/sponge/build/tests/fsm_passive_close"
Directory: /home/shootzecond/sponge/build
"t_passive_close" start time: May 17 10:27 CST
Output:
----------------------------------------------------------
<end of output>
Test time =   0.00 sec
----------------------------------------------------------
Test Passed.
"t_passive_close" end time: May 17 10:27 CST
"t_passive_close" time elapsed: 00:00:00
----------------------------------------------------------

39/169 Testing: t_ack_rst
39/169 Test: t_ack_rst
Command: "/home/shootzecond/sponge/build/tests/fsm_ack_rst_relaxed"
Directory: /home/shootzecond/sponge/build
"t_ack_rst" start time: May 17 10:27 CST
Output:
----------------------------------------------------------
Test 1
Test 2
Test 3
Warning: Unclean shutdown of TCPConnection
Warning: Unclean shutdown of TCPConnection
Warning: Unclean shutdown of TCPConnection
Warning: Unclean shutdown of TCPConnection
Warning: Unclean shutdown of TCPConnection
Warning: Unclean shutdown of TCPConnection
Warning: Unclean shutdown of TCPConnection
Warning: Unclean shutdown of TCPConnection
Warning: Unclean shutdown of TCPConnection
Test 4
Test 5
Warning: Unclean shutdown of TCPConnection
Warning: Unclean shutdown of TCPConnection
<end of output>
Test time =   0.00 sec
----------------------------------------------------------
Test Passed.
"t_ack_rst" end time: May 17 10:27 CST
"t_ack_rst" time elapsed: 00:00:00
----------------------------------------------------------

41/169 Testing: t_ack_rst_win
41/169 Test: t_ack_rst_win
Command: "/home/shootzecond/sponge/build/tests/fsm_ack_rst_win_relaxed"
Directory: /home/shootzecond/sponge/build
"t_ack_rst_win" start time: May 17 10:27 CST
Output:
----------------------------------------------------------
<end of output>
Test time =   0.00 sec
----------------------------------------------------------
Test Passed.
"t_ack_rst_win" end time: May 17 10:27 CST
"t_ack_rst_win" time elapsed: 00:00:00
----------------------------------------------------------

43/169 Testing: t_connect
43/169 Test: t_connect
Command: "/home/shootzecond/sponge/build/tests/fsm_connect_relaxed"
Directory: /home/shootzecond/sponge/build
"t_connect" start time: May 17 10:27 CST
Output:
----------------------------------------------------------
Warning: Unclean shutdown of TCPConnection
Warning: Unclean shutdown of TCPConnection
Warning: Unclean shutdown of TCPConnection
<end of output>
Test time =   0.00 sec
----------------------------------------------------------
Test Passed.
"t_connect" end time: May 17 10:27 CST
"t_connect" time elapsed: 00:00:00
----------------------------------------------------------

45/169 Testing: t_listen
45/169 Test: t_listen
Command: "/home/shootzecond/sponge/build/tests/fsm_listen_relaxed"
Directory: /home/shootzecond/sponge/build
"t_listen" start time: May 17 10:27 CST
Output:
----------------------------------------------------------
Warning: Unclean shutdown of TCPConnection
<end of output>
Test time =   0.00 sec
----------------------------------------------------------
Test Passed.
"t_listen" end time: May 17 10:27 CST
"t_listen" time elapsed: 00:00:00
----------------------------------------------------------

46/169 Testing: t_winsize
46/169 Test: t_winsize
Command: "/home/shootzecond/sponge/build/tests/fsm_winsize"
Directory: /home/shootzecond/sponge/build
"t_winsize" start time: May 17 10:27 CST
Output:
----------------------------------------------------------
Warning: Unclean shutdown of TCPConnection
Warning: Unclean shutdown of TCPConnection
Warning: Unclean shutdown of TCPConnection
Warning: Unclean shutdown of TCPConnection
Warning: Unclean shutdown of TCPConnection
Warning: Unclean shutdown of TCPConnection
Warning: Unclean shutdown of TCPConnection
Warning: Unclean shutdown of TCPConnection
Warning: Unclean shutdown of TCPConnection
Warning: Unclean shutdown of TCPConnection
Warning: Unclean shutdown of TCPConnection
Warning: Unclean shutdown of TCPConnection
Warning: Unclean shutdown of TCPConnection
Warning: Unclean shutdown of TCPConnection
Warning: Unclean shutdown of TCPConnection
Warning: Unclean shutdown of TCPConnection
Warning: Unclean shutdown of TCPConnection
Warning: Unclean shutdown of TCPConnection
Warning: Unclean shutdown of TCPConnection
Warning: Unclean shutdown of TCPConnection
Warning: Unclean shutdown of TCPConnection
Warning: Unclean shutdown of TCPConnection
Warning: Unclean shutdown of TCPConnection
Warning: Unclean shutdown of TCPConnection
Warning: Unclean shutdown of TCPConnection
Warning: Unclean shutdown of TCPConnection
Warning: Unclean shutdown of TCPConnection
Warning: Unclean shutdown of TCPConnection
Warning: Unclean shutdown of TCPConnection
Warning: Unclean shutdown of TCPConnection
Warning: Unclean shutdown of TCPConnection
Warning: Unclean shutdown of TCPConnection
<end of output>
Test time =   0.13 sec
----------------------------------------------------------
Test Passed.
"t_winsize" end time: May 17 10:27 CST
"t_winsize" time elapsed: 00:00:00
----------------------------------------------------------

48/169 Testing: t_retx
48/169 Test: t_retx
Command: "/home/shootzecond/sponge/build/tests/fsm_retx_relaxed"
Directory: /home/shootzecond/sponge/build
"t_retx" start time: May 17 10:27 CST
Output:
----------------------------------------------------------
  check_segment
  check_segment
  check_segment
  check_segment
  check_segment
  check_segment
  check_segment
  check_segment
  check_segment
<end of output>
Test time =   0.00 sec
----------------------------------------------------------
Test Passed.
"t_retx" end time: May 17 10:27 CST
"t_retx" time elapsed: 00:00:00
----------------------------------------------------------

49/169 Testing: t_retx_win
49/169 Test: t_retx_win
Command: "/home/shootzecond/sponge/build/tests/fsm_retx_win"
Directory: /home/shootzecond/sponge/build
"t_retx_win" start time: May 17 10:27 CST
Output:
----------------------------------------------------------
  check_segment
  check_segment
  check_segment
  check_segment
Warning: Unclean shutdown of TCPConnection
  check_segment
  check_segment
  check_segment
  check_segment
Warning: Unclean shutdown of TCPConnection
  check_segment
  check_segment
  check_segment
  check_segment
Warning: Unclean shutdown of TCPConnection
  check_segment
  check_segment
  check_segment
  check_segment
Warning: Unclean shutdown of TCPConnection
  check_segment
  check_segment
  check_segment
  check_segment
  check_segment
Warning: Unclean shutdown of TCPConnection
  check_segment
  check_segment
  check_segment
  check_segment
  check_segment
  check_segment
Warning: Unclean shutdown of TCPConnection
  check_segment
  check_segment
  check_segment
  check_segment
  check_segment
  check_segment
  check_segment
Warning: Unclean shutdown of TCPConnection
  check_segment
  check_segment
  check_segment
  check_segment
  check_segment
  check_segment
  check_segment
  check_segment
Warning: Unclean shutdown of TCPConnection
  check_segment
  check_segment
  check_segment
  check_segment
  check_segment
  check_segment
  check_segment
  check_segment
  check_segment
Warning: Unclean shutdown of TCPConnection
  check_segment
  check_segment
  check_segment
  check_segment
  check_segment
  check_segment
  check_segment
  check_segment
  check_segment
  check_segment
Warning: Unclean shutdown of TCPConnection
<end of output>
Test time =   0.01 sec
----------------------------------------------------------
Test Passed.
"t_retx_win" end time: May 17 10:27 CST
"t_retx_win" time elapsed: 00:00:00
----------------------------------------------------------

50/169 Testing: t_loopback
50/169 Test: t_loopback
Command: "/home/shootzecond/sponge/build/tests/fsm_loopback"
Directory: /home/shootzecond/sponge/build
"t_loopback" start time: May 17 10:27 CST
Output:
----------------------------------------------------------
Warning: Unclean shutdown of TCPConnection
Warning: Unclean shutdown of TCPConnection
Warning: Unclean shutdown of TCPConnection
Warning: Unclean shutdown of TCPConnection
Warning: Unclean shutdown of TCPConnection
Warning: Unclean shutdown of TCPConnection
Warning: Unclean shutdown of TCPConnection
Warning: Unclean shutdown of TCPConnection
Warning: Unclean shutdown of TCPConnection
Warning: Unclean shutdown of TCPConnection
Warning: Unclean shutdown of TCPConnection
Warning: Unclean shutdown of TCPConnection
Warning: Unclean shutdown of TCPConnection
Warning: Unclean shutdown of TCPConnection
Warning: Unclean shutdown of TCPConnection
Warning: Unclean shutdown of TCPConnection
Warning: Unclean shutdown of TCPConnection
Warning: Unclean shutdown of TCPConnection
Warning: Unclean shutdown of TCPConnection
Warning: Unclean shutdown of TCPConnection
Warning: Unclean shutdown of TCPConnection
Warning: Unclean shutdown of TCPConnection
Warning: Unclean shutdown of TCPConnection
Warning: Unclean shutdown of TCPConnection
Warning: Unclean shutdown of TCPConnection
Warning: Unclean shutdown of TCPConnection
Warning: Unclean shutdown of TCPConnection
Warning: Unclean shutdown of TCPConnection
Warning: Unclean shutdown of TCPConnection
Warning: Unclean shutdown of TCPConnection
Warning: Unclean shutdown of TCPConnection
Warning: Unclean shutdown of TCPConnection
Warning: Unclean shutdown of TCPConnection
Warning: Unclean shutdown of TCPConnection
Warning: Unclean shutdown of TCPConnection
Warning: Unclean shutdown of TCPConnection
Warning: Unclean shutdown of TCPConnection
Warning: Unclean shutdown of TCPConnection
Warning: Unclean shutdown of TCPConnection
Warning: Unclean shutdown of TCPConnection
Warning: Unclean shutdown of TCPConnection
Warning: Unclean shutdown of TCPConnection
Warning: Unclean shutdown of TCPConnection
Warning: Unclean shutdown of TCPConnection
Warning: Unclean shutdown of TCPConnection
Warning: Unclean shutdown of TCPConnection
Warning: Unclean shutdown of TCPConnection
Warning: Unclean shutdown of TCPConnection
Warning: Unclean shutdown of TCPConnection
Warning: Unclean shutdown of TCPConnection
Warning: Unclean shutdown of TCPConnection
Warning: Unclean shutdown of TCPConnection
Warning: Unclean shutdown of TCPConnection
Warning: Unclean shutdown of TCPConnection
Warning: Unclean shutdown of TCPConnection
Warning: Unclean shutdown of TCPConnection
Warning: Unclean shutdown of TCPConnection
Warning: Unclean shutdown of TCPConnection
Warning: Unclean shutdown of TCPConnection
Warning: Unclean shutdown of TCPConnection
Warning: Unclean shutdown of TCPConnection
Warning: Unclean shutdown of TCPConnection
Warning: Unclean shutdown of TCPConnection
Warning: Unclean shutdown of TCPConnection
<end of output>
Test time =   0.39 sec
----------------------------------------------------------
Test Passed.
"t_loopback" end time: May 17 10:27 CST
"t_loopback" time elapsed: 00:00:00
----------------------------------------------------------

51/169 Testing: t_loopback_win
51/169 Test: t_loopback_win
Command: "/home/shootzecond/sponge/build/tests/fsm_loopback_win"
Directory: /home/shootzecond/sponge/build
"t_loopback_win" start time: May 17 10:27 CST
Output:
----------------------------------------------------------
Warning: Unclean shutdown of TCPConnection
Warning: Unclean shutdown of TCPConnection
Warning: Unclean shutdown of TCPConnection
Warning: Unclean shutdown of TCPConnection
Warning: Unclean shutdown of TCPConnection
Warning: Unclean shutdown of TCPConnection
Warning: Unclean shutdown of TCPConnection
Warning: Unclean shutdown of TCPConnection
Warning: Unclean shutdown of TCPConnection
Warning: Unclean shutdown of TCPConnection
Warning: Unclean shutdown of TCPConnection
Warning: Unclean shutdown of TCPConnection
Warning: Unclean shutdown of TCPConnection
Warning: Unclean shutdown of TCPConnection
Warning: Unclean shutdown of TCPConnection
Warning: Unclean shutdown of TCPConnection
Warning: Unclean shutdown of TCPConnection
Warning: Unclean shutdown of TCPConnection
Warning: Unclean shutdown of TCPConnection
Warning: Unclean shutdown of TCPConnection
Warning: Unclean shutdown of TCPConnection
Warning: Unclean shutdown of TCPConnection
Warning: Unclean shutdown of TCPConnection
Warning: Unclean shutdown of TCPConnection
Warning: Unclean shutdown of TCPConnection
Warning: Unclean shutdown of TCPConnection
Warning: Unclean shutdown of TCPConnection
Warning: Unclean shutdown of TCPConnection
Warning: Unclean shutdown of TCPConnection
Warning: Unclean shutdown of TCPConnection
Warning: Unclean shutdown of TCPConnection
Warning: Unclean shutdown of TCPConnection
<end of output>
Test time =   0.22 sec
----------------------------------------------------------
Test Passed.
"t_loopback_win" end time: May 17 10:27 CST
"t_loopback_win" time elapsed: 00:00:00
----------------------------------------------------------

52/169 Testing: t_reorder
52/169 Test: t_reorder
Command: "/home/shootzecond/sponge/build/tests/fsm_reorder"
Directory: /home/shootzecond/sponge/build
"t_reorder" start time: May 17 10:27 CST
Output:
----------------------------------------------------------
Warning: Unclean shutdown of TCPConnection
Warning: Unclean shutdown of TCPConnection
Warning: Unclean shutdown of TCPConnection
Warning: Unclean shutdown of TCPConnection
Warning: Unclean shutdown of TCPConnection
Warning: Unclean shutdown of TCPConnection
Warning: Unclean shutdown of TCPConnection
Warning: Unclean shutdown of TCPConnection
Warning: Unclean shutdown of TCPConnection
Warning: Unclean shutdown of TCPConnection
Warning: Unclean shutdown of TCPConnection
Warning: Unclean shutdown of TCPConnection
Warning: Unclean shutdown of TCPConnection
Warning: Unclean shutdown of TCPConnection
Warning: Unclean shutdown of TCPConnection
Warning: Unclean shutdown of TCPConnection
Warning: Unclean shutdown of TCPConnection
Warning: Unclean shutdown of TCPConnection
Warning: Unclean shutdown of TCPConnection
Warning: Unclean shutdown of TCPConnection
Warning: Unclean shutdown of TCPConnection
Warning: Unclean shutdown of TCPConnection
Warning: Unclean shutdown of TCPConnection
Warning: Unclean shutdown of TCPConnection
Warning: Unclean shutdown of TCPConnection
Warning: Unclean shutdown of TCPConnection
Warning: Unclean shutdown of TCPConnection
Warning: Unclean shutdown of TCPConnection
Warning: Unclean shutdown of TCPConnection
Warning: Unclean shutdown of TCPConnection
Warning: Unclean shutdown of TCPConnection
Warning: Unclean shutdown of TCPConnection
Warning: Unclean shutdown of TCPConnection
Warning: Unclean shutdown of TCPConnection
Warning: Unclean shutdown of TCPConnection
Warning: Unclean shutdown of TCPConnection
Warning: Unclean shutdown of TCPConnection
Warning: Unclean shutdown of TCPConnection
Warning: Unclean shutdown of TCPConnection
Warning: Unclean shutdown of TCPConnection
Warning: Unclean shutdown of TCPConnection
Warning: Unclean shutdown of TCPConnection
Warning: Unclean shutdown of TCPConnection
Warning: Unclean shutdown of TCPConnection
Warning: Unclean shutdown of TCPConnection
Warning: Unclean shutdown of TCPConnection
Warning: Unclean shutdown of TCPConnection
Warning: Unclean shutdown of TCPConnection
Warning: Unclean shutdown of TCPConnection
Warning: Unclean shutdown of TCPConnection
Warning: Unclean shutdown of TCPConnection
Warning: Unclean shutdown of TCPConnection
Warning: Unclean shutdown of TCPConnection
Warning: Unclean shutdown of TCPConnection
Warning: Unclean shutdown of TCPConnection
Warning: Unclean shutdown of TCPConnection
Warning: Unclean shutdown of TCPConnection
Warning: Unclean shutdown of TCPConnection
Warning: Unclean shutdown of TCPConnection
Warning: Unclean shutdown of TCPConnection
Warning: Unclean shutdown of TCPConnection
Warning: Unclean shutdown of TCPConnection
Warning: Unclean shutdown of TCPConnection
Warning: Unclean shutdown of TCPConnection
<end of output>
Test time =   0.25 sec
----------------------------------------------------------
Test Passed.
"t_reorder" end time: May 17 10:27 CST
"t_reorder" time elapsed: 00:00:00
----------------------------------------------------------

53/169 Testing: t_address_dt
53/169 Test: t_address_dt
Command: "/home/shootzecond/sponge/build/doctests/address_dt"
Directory: /home/shootzecond/sponge/build
"t_address_dt" start time: May 17 10:27 CST
Output:
----------------------------------------------------------
<end of output>
Test time =   0.01 sec
----------------------------------------------------------
Test Passed.
"t_address_dt" end time: May 17 10:27 CST
"t_address_dt" time elapsed: 00:00:00
----------------------------------------------------------

54/169 Testing: t_parser_dt
54/169 Test: t_parser_dt
Command: "/home/shootzecond/sponge/build/doctests/parser_dt"
Directory: /home/shootzecond/sponge/build
"t_parser_dt" start time: May 17 10:27 CST
Output:
----------------------------------------------------------
<end of output>
Test time =   0.00 sec
----------------------------------------------------------
Test Passed.
"t_parser_dt" end time: May 17 10:27 CST
"t_parser_dt" time elapsed: 00:00:00
----------------------------------------------------------

55/169 Testing: t_socket_dt
55/169 Test: t_socket_dt
Command: "/home/shootzecond/sponge/build/doctests/socket_dt"
Directory: /home/shootzecond/sponge/build
"t_socket_dt" start time: May 17 10:27 CST
Output:
----------------------------------------------------------
<end of output>
Test time =   0.01 sec
----------------------------------------------------------
Test Passed.
"t_socket_dt" end time: May 17 10:27 CST
"t_socket_dt" time elapsed: 00:00:00
----------------------------------------------------------

56/169 Testing: t_udp_client_send
56/169 Test: t_udp_client_send
Command: "/home/shootzecond/sponge/txrx.sh" "-ucS"
Directory: /home/shootzecond/sponge/build
"t_udp_client_send" start time: May 17 10:27 CST
Output:
----------------------------------------------------------
DEBUG: Listening for incoming connection... DEBUG: Connecting to 169.254.144.1:31429... done.
DEBUG: Outbound stream to 169.254.144.1:31429 finished (33 bytes still in flight).
new connection from 169.254.144.1:49153.
DEBUG: Outbound stream to 169.254.144.1:49153 finished (1 byte still in flight).
DEBUG: Waiting for clean shutdown... DEBUG: Inbound stream from 169.254.144.1:49153 finished cleanly.
DEBUG: Inbound stream from 169.254.144.1:31429 finished cleanly.
DEBUG: Waiting for clean shutdown... DEBUG: Outbound stream to 169.254.144.1:49153 has been fully acknowledged.
DEBUG: Outbound stream to 169.254.144.1:31429 has been fully acknowledged.
DEBUG: TCP connection finished cleanly.
done.
DEBUG: TCP connection finished cleanly.
done.
<end of output>
Test time =   0.27 sec
----------------------------------------------------------
Test Passed.
"t_udp_client_send" end time: May 17 10:27 CST
"t_udp_client_send" time elapsed: 00:00:00
----------------------------------------------------------

57/169 Testing: t_udp_server_send
57/169 Test: t_udp_server_send
Command: "/home/shootzecond/sponge/txrx.sh" "-usS"
Directory: /home/shootzecond/sponge/build
"t_udp_server_send" start time: May 17 10:27 CST
Output:
----------------------------------------------------------
DEBUG: Listening for incoming connection... DEBUG: Connecting to 169.254.144.1:10634... done.
DEBUG: Outbound stream to 169.254.144.1:10634 finished (1 byte still in flight).
new connection from 169.254.144.1:53494.
DEBUG: Outbound stream to 169.254.144.1:53494 finished (33 bytes still in flight).
DEBUG: Inbound stream from 169.254.144.1:53494 finished cleanly.
DEBUG: Waiting for clean shutdown... DEBUG: Outbound stream to 169.254.144.1:10634 has been fully acknowledged.
DEBUG: Waiting for clean shutdown... DEBUG: Inbound stream from 169.254.144.1:10634 finished cleanly.
DEBUG: Waiting for lingering segments (e.g. retransmissions of FIN) from peer...
DEBUG: Outbound stream to 169.254.144.1:53494 has been fully acknowledged.
DEBUG: TCP connection finished cleanly.
done.
DEBUG: TCP connection finished cleanly.
done.
<end of output>
Test time =   0.25 sec
----------------------------------------------------------
Test Passed.
"t_udp_server_send" end time: May 17 10:27 CST
"t_udp_server_send" time elapsed: 00:00:00
----------------------------------------------------------

58/169 Testing: t_udp_client_recv
58/169 Test: t_udp_client_recv
Command: "/home/shootzecond/sponge/txrx.sh" "-ucR"
Directory: /home/shootzecond/sponge/build
"t_udp_client_recv" start time: May 17 10:27 CST
Output:
----------------------------------------------------------
DEBUG: Listening for incoming connection... DEBUG: Connecting to 169.254.144.1:33774... done.
DEBUG: Outbound stream to 169.254.144.1:33774 finished (1 byte still in flight).
new connection from 169.254.144.1:39278.
DEBUG: Outbound stream to 169.254.144.1:39278 finished (33 bytes still in flight).
DEBUG: Inbound stream from 169.254.144.1:39278 finished cleanly.
DEBUG: Waiting for clean shutdown... DEBUG: Outbound stream to 169.254.144.1:33774 has been fully acknowledged.
DEBUG: Inbound stream from 169.254.144.1:33774 finished cleanly.
DEBUG: Waiting for lingering segments (e.g. retransmissions of FIN) from peer...
DEBUG: Waiting for clean shutdown... DEBUG: Outbound stream to 169.254.144.1:39278 has been fully acknowledged.
DEBUG: TCP connection finished cleanly.
done.
DEBUG: TCP connection finished cleanly.
done.
<end of output>
Test time =   0.25 sec
----------------------------------------------------------
Test Passed.
"t_udp_client_recv" end time: May 17 10:27 CST
"t_udp_client_recv" time elapsed: 00:00:00
----------------------------------------------------------

59/169 Testing: t_udp_server_recv
59/169 Test: t_udp_server_recv
Command: "/home/shootzecond/sponge/txrx.sh" "-usR"
Directory: /home/shootzecond/sponge/build
"t_udp_server_recv" start time: May 17 10:27 CST
Output:
----------------------------------------------------------
DEBUG: Listening for incoming connection... DEBUG: Connecting to 169.254.144.1:33389... done.
new connection from 169.254.144.1:47773.
DEBUG: Outbound stream to 169.254.144.1:33389 finished (33 bytes still in flight).
DEBUG: Outbound stream to 169.254.144.1:47773 finished (1 byte still in flight).
DEBUG: Waiting for clean shutdown... DEBUG: Inbound stream from 169.254.144.1:47773 finished cleanly.
DEBUG: Waiting for clean shutdown... DEBUG: Inbound stream from 169.254.144.1:33389 finished cleanly.
DEBUG: Outbound stream to 169.254.144.1:47773 has been fully acknowledged.
DEBUG: Outbound stream to 169.254.144.1:33389 has been fully acknowledged.
DEBUG: TCP connection finished cleanly.
done.
DEBUG: TCP connection finished cleanly.
done.
<end of output>
Test time =   0.26 sec
----------------------------------------------------------
Test Passed.
"t_udp_server_recv" end time: May 17 10:27 CST
"t_udp_server_recv" time elapsed: 00:00:00
----------------------------------------------------------

60/169 Testing: t_udp_client_dupl
60/169 Test: t_udp_client_dupl
Command: "/home/shootzecond/sponge/txrx.sh" "-ucD"
Directory: /home/shootzecond/sponge/build
"t_udp_client_dupl" start time: May 17 10:27 CST
Output:
----------------------------------------------------------
DEBUG: Listening for incoming connection... DEBUG: Connecting to 169.254.144.1:27668... done.
new connection from 169.254.144.1:33452.
DEBUG: Outbound stream to 169.254.144.1:33452 finished (33 bytes still in flight).
DEBUG: Inbound stream from 169.254.144.1:27668 finished cleanly.
DEBUG: Waiting for clean shutdown... DEBUG: Outbound stream to 169.254.144.1:27668 finished (33 bytes still in flight).
DEBUG: Outbound stream to 169.254.144.1:33452 has been fully acknowledged.
DEBUG: Waiting for clean shutdown... DEBUG: Inbound stream from 169.254.144.1:33452 finished cleanly.
DEBUG: Waiting for lingering segments (e.g. retransmissions of FIN) from peer...
DEBUG: Outbound stream to 169.254.144.1:27668 has been fully acknowledged.
DEBUG: TCP connection finished cleanly.
done.
DEBUG: TCP connection finished cleanly.
done.
<end of output>
Test time =   0.25 sec
----------------------------------------------------------
Test Passed.
"t_udp_client_dupl" end time: May 17 10:27 CST
"t_udp_client_dupl" time elapsed: 00:00:00
----------------------------------------------------------

61/169 Testing: t_udp_server_dupl
61/169 Test: t_udp_server_dupl
Command: "/home/shootzecond/sponge/txrx.sh" "-usD"
Directory: /home/shootzecond/sponge/build
"t_udp_server_dupl" start time: May 17 10:27 CST
Output:
----------------------------------------------------------
DEBUG: Listening for incoming connection... DEBUG: Connecting to 169.254.144.1:6789... done.
new connection from 169.254.144.1:57578.
DEBUG: Outbound stream to 169.254.144.1:6789DEBUG: Outbound stream to 169.254.144.1:57578 finished ( finished (33 bytes still in flight).
33 bytes still in flight).
DEBUG: Inbound stream from 169.254.144.1:57578 finished cleanly.
DEBUG: Waiting for clean shutdown... DEBUG: Inbound stream from 169.254.144.1:6789 finished cleanly.
DEBUG: Outbound stream to 169.254.144.1:6789 has been fully acknowledged.
DEBUG: Waiting for clean shutdown... DEBUG: Outbound stream to 169.254.144.1:57578 has been fully acknowledged.
DEBUG: TCP connection finished cleanly.
done.
DEBUG: TCP connection finished cleanly.
done.
<end of output>
Test time =   0.25 sec
----------------------------------------------------------
Test Passed.
"t_udp_server_dupl" end time: May 17 10:27 CST
"t_udp_server_dupl" time elapsed: 00:00:00
----------------------------------------------------------

62/169 Testing: t_ucS_1M_32k
62/169 Test: t_ucS_1M_32k
Command: "/home/shootzecond/sponge/txrx.sh" "-ucSd" "1M" "-w" "32K"
Directory: /home/shootzecond/sponge/build
"t_ucS_1M_32k" start time: May 17 10:27 CST
Output:
----------------------------------------------------------
DEBUG: Listening for incoming connection... DEBUG: Connecting to 169.254.144.1:11507... done.
new connection from 169.254.144.1:46079.
DEBUG: Outbound stream to 169.254.144.1:46079 finished (1 byte still in flight).
DEBUG: Inbound stream from 169.254.144.1:11507 finished cleanly.
DEBUG: Outbound stream to 169.254.144.1:46079 has been fully acknowledged.
DEBUG: Waiting for clean shutdown... DEBUG: Outbound stream to 169.254.144.1:11507 finished (30768 bytes still in flight).
DEBUG: Waiting for clean shutdown... DEBUG: Inbound stream from 169.254.144.1:46079 finished cleanly.
DEBUG: Waiting for lingering segments (e.g. retransmissions of FIN) from peer...
DEBUG: Outbound stream to 169.254.144.1:11507 has been fully acknowledged.
DEBUG: TCP connection finished cleanly.
done.
DEBUG: TCP connection finished cleanly.
done.
<end of output>
Test time =   0.45 sec
----------------------------------------------------------
Test Passed.
"t_ucS_1M_32k" end time: May 17 10:27 CST
"t_ucS_1M_32k" time elapsed: 00:00:00
----------------------------------------------------------

63/169 Testing: t_ucS_128K_8K
63/169 Test: t_ucS_128K_8K
Command: "/home/shootzecond/sponge/txrx.sh" "-ucSd" "128K" "-w" "8K"
Directory: /home/shootzecond/sponge/build
"t_ucS_128K_8K" start time: May 17 10:27 CST
Output:
----------------------------------------------------------
DEBUG: Listening for incoming connection... DEBUG: Connecting to 169.254.144.1:9858... done.
new connection from 169.254.144.1:45591.
DEBUG: Outbound stream to 169.254.144.1:45591 finished (1 byte still in flight).
DEBUG: Inbound stream from 169.254.144.1:9858 finished cleanly.
DEBUG: Outbound stream to 169.254.144.1:45591 has been fully acknowledged.
DEBUG: Waiting for clean shutdown... DEBUG: Outbound stream to 169.254.144.1:9858 finished (6192 bytes still in flight).
DEBUG: Waiting for clean shutdown... DEBUG: Inbound stream from 169.254.144.1:45591 finished cleanly.
DEBUG: Waiting for lingering segments (e.g. retransmissions of FIN) from peer...
DEBUG: Outbound stream to 169.254.144.1:9858 has been fully acknowledged.
DEBUG: TCP connection finished cleanly.
done.
DEBUG: TCP connection finished cleanly.
done.
<end of output>
Test time =   0.27 sec
----------------------------------------------------------
Test Passed.
"t_ucS_128K_8K" end time: May 17 10:27 CST
"t_ucS_128K_8K" time elapsed: 00:00:00
----------------------------------------------------------

64/169 Testing: t_ucS_16_1
64/169 Test: t_ucS_16_1
Command: "/home/shootzecond/sponge/txrx.sh" "-ucSd" "16" "-w" "1"
Directory: /home/shootzecond/sponge/build
"t_ucS_16_1" start time: May 17 10:27 CST
Output:
----------------------------------------------------------
DEBUG: Listening for incoming connection... DEBUG: Connecting to 169.254.144.1:10375... done.
new connection from 169.254.144.1:39675.
DEBUG: Outbound stream to 169.254.144.1:39675 finished (1 byte still in flight).
DEBUG: Outbound stream to 169.254.144.1:10375 finished (1 byte still in flight).
DEBUG: Inbound stream from 169.254.144.1:10375 finished cleanly.
DEBUG: Waiting for clean shutdown... DEBUG: Outbound stream to 169.254.144.1:39675 has been fully acknowledged.
DEBUG: Inbound stream from 169.254.144.1:39675 finished cleanly.
DEBUG: Waiting for lingering segments (e.g. retransmissions of FIN) from peer...
DEBUG: Waiting for clean shutdown... DEBUG: Outbound stream to 169.254.144.1:10375 has been fully acknowledged.
DEBUG: TCP connection finished cleanly.
done.
DEBUG: TCP connection finished cleanly.
done.
<end of output>
Test time =   0.26 sec
----------------------------------------------------------
Test Passed.
"t_ucS_16_1" end time: May 17 10:27 CST
"t_ucS_16_1" time elapsed: 00:00:00
----------------------------------------------------------

65/169 Testing: t_ucS_32K_d
65/169 Test: t_ucS_32K_d
Command: "/home/shootzecond/sponge/txrx.sh" "-ucSd" "32K"
Directory: /home/shootzecond/sponge/build
"t_ucS_32K_d" start time: May 17 10:27 CST
Output:
----------------------------------------------------------
DEBUG: Listening for incoming connection... DEBUG: Connecting to 169.254.144.1:30411... done.
new connection from 169.254.144.1:37582.
DEBUG: Outbound stream to 169.254.144.1:37582 finished (1 byte still in flight).
DEBUG: Inbound stream from 169.254.144.1:30411 finished cleanly.
DEBUG: Outbound stream to 169.254.144.1:37582 has been fully acknowledged.
DEBUG: Waiting for clean shutdown... DEBUG: Outbound stream to 169.254.144.1:30411 finished (32769 bytes still in flight).
DEBUG: Waiting for clean shutdown... DEBUG: Inbound stream from 169.254.144.1:37582 finished cleanly.
DEBUG: Waiting for lingering segments (e.g. retransmissions of FIN) from peer...
DEBUG: Outbound stream to 169.254.144.1:30411 has been fully acknowledged.
DEBUG: TCP connection finished cleanly.
done.
DEBUG: TCP connection finished cleanly.
done.
<end of output>
Test time =   0.25 sec
----------------------------------------------------------
Test Passed.
"t_ucS_32K_d" end time: May 17 10:27 CST
"t_ucS_32K_d" time elapsed: 00:00:00
----------------------------------------------------------

66/169 Testing: t_ucR_1M_32k
66/169 Test: t_ucR_1M_32k
Command: "/home/shootzecond/sponge/txrx.sh" "-ucRd" "1M" "-w" "32K"
Directory: /home/shootzecond/sponge/build
"t_ucR_1M_32k" start time: May 17 10:27 CST
Output:
----------------------------------------------------------
DEBUG: Listening for incoming connection... DEBUG: Connecting to 169.254.144.1:19923... done.
new connection from 169.254.144.1:46830.
DEBUG: Outbound stream to 169.254.144.1:19923 finished (1 byte still in flight).
DEBUG: Inbound stream from 169.254.144.1:46830 finished cleanly.
DEBUG: Outbound stream to 169.254.144.1:19923 has been fully acknowledged.
DEBUG: Waiting for clean shutdown... DEBUG: Outbound stream to 169.254.144.1:46830 finished (31768 bytes still in flight).
DEBUG: Outbound stream to 169.254.144.1:46830 has been fully acknowledged.
DEBUG: TCP connection finished cleanly.
done.
DEBUG: Inbound stream from 169.254.144.1:19923 finished cleanly.
DEBUG: Waiting for lingering segments (e.g. retransmissions of FIN) from peer...
DEBUG: Waiting for clean shutdown... DEBUG: TCP connection finished cleanly.
done.
<end of output>
Test time =   0.47 sec
----------------------------------------------------------
Test Passed.
"t_ucR_1M_32k" end time: May 17 10:27 CST
"t_ucR_1M_32k" time elapsed: 00:00:00
----------------------------------------------------------

67/169 Testing: t_ucR_128K_8K
67/169 Test: t_ucR_128K_8K
Command: "/home/shootzecond/sponge/txrx.sh" "-ucRd" "128K" "-w" "8K"
Directory: /home/shootzecond/sponge/build
"t_ucR_128K_8K" start time: May 17 10:27 CST
Output:
----------------------------------------------------------
DEBUG: Listening for incoming connection... DEBUG: Connecting to 169.254.144.1:20907... done.
new connection from 169.254.144.1:47679.
DEBUG: Outbound stream to 169.254.144.1:20907 finished (1 byte still in flight).
DEBUG: Outbound stream to 169.254.144.1:20907 has been fully acknowledged.
DEBUG: Inbound stream from 169.254.144.1:47679 finished cleanly.
DEBUG: Waiting for clean shutdown... DEBUG: Outbound stream to 169.254.144.1:47679 finished (7192 bytes still in flight).
DEBUG: Inbound stream from 169.254.144.1:20907 finished cleanly.
DEBUG: Waiting for lingering segments (e.g. retransmissions of FIN) from peer...
DEBUG: Waiting for clean shutdown... DEBUG: Outbound stream to 169.254.144.1:47679 has been fully acknowledged.
DEBUG: TCP connection finished cleanly.
done.
DEBUG: TCP connection finished cleanly.
done.
<end of output>
Test time =   0.27 sec
----------------------------------------------------------
Test Passed.
"t_ucR_128K_8K" end time: May 17 10:27 CST
"t_ucR_128K_8K" time elapsed: 00:00:00
----------------------------------------------------------

68/169 Testing: t_ucR_16_1
68/169 Test: t_ucR_16_1
Command: "/home/shootzecond/sponge/txrx.sh" "-ucRd" "16" "-w" "1"
Directory: /home/shootzecond/sponge/build
"t_ucR_16_1" start time: May 17 10:27 CST
Output:
----------------------------------------------------------
DEBUG: Listening for incoming connection... DEBUG: Connecting to 169.254.144.1:32491... done.
DEBUG: Outbound stream to 169.254.144.1:32491 finished (1 byte still in flight).
new connection from 169.254.144.1:46158.
DEBUG: Outbound stream to 169.254.144.1:46158 finished (1 byte still in flight).
DEBUG: Inbound stream from 169.254.144.1:46158 finished cleanly.
DEBUG: Waiting for clean shutdown... DEBUG: Outbound stream to 169.254.144.1:32491 has been fully acknowledged.
DEBUG: Waiting for clean shutdown... DEBUG: Inbound stream from 169.254.144.1:32491 finished cleanly.
DEBUG: Waiting for lingering segments (e.g. retransmissions of FIN) from peer...
DEBUG: Outbound stream to 169.254.144.1:46158 has been fully acknowledged.
DEBUG: TCP connection finished cleanly.
done.
DEBUG: TCP connection finished cleanly.
done.
<end of output>
Test time =   0.25 sec
----------------------------------------------------------
Test Passed.
"t_ucR_16_1" end time: May 17 10:27 CST
"t_ucR_16_1" time elapsed: 00:00:00
----------------------------------------------------------

69/169 Testing: t_ucR_32K_d
69/169 Test: t_ucR_32K_d
Command: "/home/shootzecond/sponge/txrx.sh" "-ucRd" "32K"
Directory: /home/shootzecond/sponge/build
"t_ucR_32K_d" start time: May 17 10:27 CST
Output:
----------------------------------------------------------
DEBUG: Listening for incoming connection... DEBUG: Connecting to 169.254.144.1:5599... done.
new connection from 169.254.144.1:47879.
DEBUG: Outbound stream to 169.254.144.1:5599 finished (1 byte still in flight).
DEBUG: Inbound stream from 169.254.144.1:47879 finished cleanly.
DEBUG: Outbound stream to 169.254.144.1:5599 has been fully acknowledged.
DEBUG: Waiting for clean shutdown... DEBUG: Outbound stream to 169.254.144.1:47879 finished (32769 bytes still in flight).
DEBUG: Inbound stream from 169.254.144.1:5599 finished cleanly.
DEBUG: Waiting for lingering segments (e.g. retransmissions of FIN) from peer...
DEBUG: Waiting for clean shutdown... DEBUG: Outbound stream to 169.254.144.1:47879 has been fully acknowledged.
DEBUG: TCP connection finished cleanly.
done.
DEBUG: TCP connection finished cleanly.
done.
<end of output>
Test time =   0.25 sec
----------------------------------------------------------
Test Passed.
"t_ucR_32K_d" end time: May 17 10:27 CST
"t_ucR_32K_d" time elapsed: 00:00:00
----------------------------------------------------------

70/169 Testing: t_ucD_1M_32k
70/169 Test: t_ucD_1M_32k
Command: "/home/shootzecond/sponge/txrx.sh" "-ucDd" "1M" "-w" "32K"
Directory: /home/shootzecond/sponge/build
"t_ucD_1M_32k" start time: May 17 10:27 CST
Output:
----------------------------------------------------------
DEBUG: Listening for incoming connection... DEBUG: Connecting to 169.254.144.1:9200... done.
new connection from 169.254.144.1:54189.
DEBUG: Outbound stream to 169.254.144.1:54189 finished (31768 bytes still in flight).
DEBUG: Waiting for clean shutdown... DEBUG: Inbound stream from 169.254.144.1:9200 finished cleanly.
DEBUG: Outbound stream to 169.254.144.1:54189 has been fully acknowledged.
DEBUG: Outbound stream to 169.254.144.1:9200 finished (31768 bytes still in flight).
DEBUG: Waiting for clean shutdown... DEBUG: Inbound stream from 169.254.144.1:54189 finished cleanly.
DEBUG: Waiting for lingering segments (e.g. retransmissions of FIN) from peer...
DEBUG: Outbound stream to 169.254.144.1:9200 has been fully acknowledged.
DEBUG: TCP connection finished cleanly.
done.
DEBUG: TCP connection finished cleanly.
done.
<end of output>
Test time =   0.55 sec
----------------------------------------------------------
Test Passed.
"t_ucD_1M_32k" end time: May 17 10:27 CST
"t_ucD_1M_32k" time elapsed: 00:00:00
----------------------------------------------------------

71/169 Testing: t_ucD_128K_8K
71/169 Test: t_ucD_128K_8K
Command: "/home/shootzecond/sponge/txrx.sh" "-ucDd" "128K" "-w" "8K"
Directory: /home/shootzecond/sponge/build
"t_ucD_128K_8K" start time: May 17 10:27 CST
Output:
----------------------------------------------------------
DEBUG: Listening for incoming connection... DEBUG: Connecting to 169.254.144.1:31469... done.
new connection from 169.254.144.1:45498.
DEBUG: Outbound stream to 169.254.144.1:45498 finished (6192 bytes still in flight).
DEBUG: Outbound stream to 169.254.144.1:31469 finished (7192 bytes still in flight).
DEBUG: Inbound stream from DEBUG: Waiting for clean shutdown... DEBUG: Inbound stream from 169.254.144.1:45498 finished cleanly.
169.254.144.1:31469 finished cleanly.
DEBUG: Outbound stream to DEBUG: Outbound stream to 169.254.144.1:45498 has been fully acknowledged.
169.254.144.1:31469 has been fully acknowledged.
DEBUG: Waiting for clean shutdown... DEBUG: TCP connection finished cleanly.
DEBUG: TCP connection finished cleanly.
done.
done.
<end of output>
Test time =   0.29 sec
----------------------------------------------------------
Test Passed.
"t_ucD_128K_8K" end time: May 17 10:27 CST
"t_ucD_128K_8K" time elapsed: 00:00:00
----------------------------------------------------------

72/169 Testing: t_ucD_16_1
72/169 Test: t_ucD_16_1
Command: "/home/shootzecond/sponge/txrx.sh" "-ucDd" "16" "-w" "1"
Directory: /home/shootzecond/sponge/build
"t_ucD_16_1" start time: May 17 10:27 CST
Output:
----------------------------------------------------------
DEBUG: Listening for incoming connection... DEBUG: Connecting to 169.254.144.1:10010... done.
new connection from 169.254.144.1:56157.
DEBUG: Outbound stream to 169.254.144.1:10010 finished (DEBUG: Outbound stream to 1169.254.144.1:56157 finished (1 byte still in flight).
 byte still in flight).
DEBUG: Inbound stream from 169.254.144.1:10010 finished cleanly.
DEBUG: Waiting for clean shutdown... DEBUG: Outbound stream to 169.254.144.1:56157 has been fully acknowledged.
DEBUG: Inbound stream from 169.254.144.1:56157 finished cleanly.
DEBUG: Waiting for lingering segments (e.g. retransmissions of FIN) from peer...
DEBUG: Waiting for clean shutdown... DEBUG: Outbound stream to 169.254.144.1:10010 has been fully acknowledged.
DEBUG: TCP connection finished cleanly.
done.
DEBUG: TCP connection finished cleanly.
done.
<end of output>
Test time =   0.26 sec
----------------------------------------------------------
Test Passed.
"t_ucD_16_1" end time: May 17 10:27 CST
"t_ucD_16_1" time elapsed: 00:00:00
----------------------------------------------------------

73/169 Testing: t_ucD_32K_d
73/169 Test: t_ucD_32K_d
Command: "/home/shootzecond/sponge/txrx.sh" "-ucDd" "32K"
Directory: /home/shootzecond/sponge/build
"t_ucD_32K_d" start time: May 17 10:27 CST
Output:
----------------------------------------------------------
DEBUG: Listening for incoming connection... DEBUG: Connecting to 169.254.144.1:25634... done.
new connection from 169.254.144.1:49523.
DEBUG: Outbound stream to 169.254.144.1:49523 finished (32769 bytes still in flight).
DEBUG: Outbound stream to 169.254.144.1:25634 finished (32769 bytes still in flight).
DEBUG: Inbound stream from DEBUG: Inbound stream from 169.254.144.1:25634 finished cleanly.
DEBUG: Waiting for clean shutdown... DEBUG: Waiting for clean shutdown... 169.254.144.1:49523 finished cleanly.
DEBUG: Outbound stream to 169.254.144.1:25634 has been fully acknowledged.
DEBUG: Outbound stream to 169.254.144.1:49523 has been fully acknowledged.
DEBUG: TCP connection finished cleanly.
done.
DEBUG: TCP connection finished cleanly.
done.
<end of output>
Test time =   0.26 sec
----------------------------------------------------------
Test Passed.
"t_ucD_32K_d" end time: May 17 10:27 CST
"t_ucD_32K_d" time elapsed: 00:00:00
----------------------------------------------------------

74/169 Testing: t_usS_1M_32k
74/169 Test: t_usS_1M_32k
Command: "/home/shootzecond/sponge/txrx.sh" "-usSd" "1M" "-w" "32K"
Directory: /home/shootzecond/sponge/build
"t_usS_1M_32k" start time: May 17 10:27 CST
Output:
----------------------------------------------------------
DEBUG: Listening for incoming connection... DEBUG: Connecting to 169.254.144.1:12872... done.
new connection from 169.254.144.1:52466.
DEBUG: Outbound stream to 169.254.144.1:12872 finished (1 byte still in flight).
DEBUG: Inbound stream from 169.254.144.1:52466 finished cleanly.
DEBUG: Outbound stream to 169.254.144.1:12872 has been fully acknowledged.
DEBUG: Waiting for clean shutdown... DEBUG: Outbound stream to 169.254.144.1:52466 finished (31768 bytes still in flight).
DEBUG: Inbound stream from 169.254.144.1:12872 finished cleanly.
DEBUG: Waiting for lingering segments (e.g. retransmissions of FIN) from peer...
DEBUG: Outbound stream to 169.254.144.1:52466 has been fully acknowledged.
DEBUG: TCP connection finished cleanly.
done.
DEBUG: Waiting for clean shutdown... DEBUG: TCP connection finished cleanly.
done.
<end of output>
Test time =   0.44 sec
----------------------------------------------------------
Test Passed.
"t_usS_1M_32k" end time: May 17 10:27 CST
"t_usS_1M_32k" time elapsed: 00:00:00
----------------------------------------------------------

75/169 Testing: t_usS_128K_8K
75/169 Test: t_usS_128K_8K
Command: "/home/shootzecond/sponge/txrx.sh" "-usSd" "128K" "-w" "8K"
Directory: /home/shootzecond/sponge/build
"t_usS_128K_8K" start time: May 17 10:27 CST
Output:
----------------------------------------------------------
DEBUG: Listening for incoming connection... DEBUG: Connecting to 169.254.144.1:32021... done.
new connection from 169.254.144.1:49152.
DEBUG: Outbound stream to 169.254.144.1:32021 finished (1 byte still in flight).
DEBUG: Inbound stream from 169.254.144.1:49152 finished cleanly.
DEBUG: Outbound stream to 169.254.144.1:32021 has been fully acknowledged.
DEBUG: Waiting for clean shutdown... DEBUG: Outbound stream to 169.254.144.1:49152 finished (7192 bytes still in flight).
DEBUG: Inbound stream from 169.254.144.1:32021 finished cleanly.
DEBUG: Waiting for lingering segments (e.g. retransmissions of FIN) from peer...
DEBUG: Waiting for clean shutdown... DEBUG: Outbound stream to 169.254.144.1:49152 has been fully acknowledged.
DEBUG: TCP connection finished cleanly.
done.
DEBUG: TCP connection finished cleanly.
done.
<end of output>
Test time =   0.28 sec
----------------------------------------------------------
Test Passed.
"t_usS_128K_8K" end time: May 17 10:27 CST
"t_usS_128K_8K" time elapsed: 00:00:00
----------------------------------------------------------

76/169 Testing: t_usS_16_1
76/169 Test: t_usS_16_1
Command: "/home/shootzecond/sponge/txrx.sh" "-usSd" "16" "-w" "1"
Directory: /home/shootzecond/sponge/build
"t_usS_16_1" start time: May 17 10:27 CST
Output:
----------------------------------------------------------
DEBUG: Listening for incoming connection... DEBUG: Connecting to 169.254.144.1:27705... done.
new connection from 169.254.144.1:51004.
DEBUG: Outbound stream to 169.254.144.1:51004 finished (1 byte still in flight).
DEBUG: Outbound stream to 169.254.144.1:27705 finished (1 byte still in flight).
DEBUG: Outbound stream to 169.254.144.1:27705 has been fully acknowledged.
DEBUG: Inbound stream from 169.254.144.1:51004 finished cleanly.
DEBUG: Waiting for clean shutdown... DEBUG: Inbound stream from 169.254.144.1:27705 finished cleanly.
DEBUG: Waiting for lingering segments (e.g. retransmissions of FIN) from peer...
DEBUG: Waiting for clean shutdown... DEBUG: Outbound stream to 169.254.144.1:51004 has been fully acknowledged.
DEBUG: TCP connection finished cleanly.
done.
DEBUG: TCP connection finished cleanly.
done.
<end of output>
Test time =   0.25 sec
----------------------------------------------------------
Test Passed.
"t_usS_16_1" end time: May 17 10:27 CST
"t_usS_16_1" time elapsed: 00:00:00
----------------------------------------------------------

77/169 Testing: t_usS_32K_d
77/169 Test: t_usS_32K_d
Command: "/home/shootzecond/sponge/txrx.sh" "-usSd" "32K"
Directory: /home/shootzecond/sponge/build
"t_usS_32K_d" start time: May 17 10:27 CST
Output:
----------------------------------------------------------
DEBUG: Listening for incoming connection... DEBUG: Connecting to 169.254.144.1:24811... done.
new connection from 169.254.144.1:53253.
DEBUG: Outbound stream to 169.254.144.1:24811 finished (1 byte still in flight).
DEBUG: Outbound stream to 169.254.144.1:53253 finished (32769 bytes still in flight).
DEBUG: Outbound stream to 169.254.144.1:24811 has been fully acknowledged.
DEBUG: Inbound stream from 169.254.144.1:24811 finished cleanly.
DEBUG: Waiting for lingering segments (e.g. retransmissions of FIN) from peer...
DEBUG: Waiting for clean shutdown... DEBUG: Inbound stream from 169.254.144.1:53253 finished cleanly.
DEBUG: Outbound stream to 169.254.144.1:53253 has been fully acknowledged.
DEBUG: TCP connection finished cleanly.
DEBUG: Waiting for clean shutdown... done.
DEBUG: TCP connection finished cleanly.
done.
<end of output>
Test time =   0.26 sec
----------------------------------------------------------
Test Passed.
"t_usS_32K_d" end time: May 17 10:27 CST
"t_usS_32K_d" time elapsed: 00:00:00
----------------------------------------------------------

78/169 Testing: t_usR_1M_32k
78/169 Test: t_usR_1M_32k
Command: "/home/shootzecond/sponge/txrx.sh" "-usRd" "1M" "-w" "32K"
Directory: /home/shootzecond/sponge/build
"t_usR_1M_32k" start time: May 17 10:27 CST
Output:
----------------------------------------------------------
DEBUG: Listening for incoming connection... DEBUG: Connecting to 169.254.144.1:9846... done.
new connection from 169.254.144.1:58007.
DEBUG: Outbound stream to 169.254.144.1:58007 finished (1 byte still in flight).
DEBUG: Inbound stream from 169.254.144.1:9846 finished cleanly.
DEBUG: Outbound stream to 169.254.144.1:58007 has been fully acknowledged.
DEBUG: Waiting for clean shutdown... DEBUG: Outbound stream to 169.254.144.1:9846 finished (31768 bytes still in flight).
DEBUG: Inbound stream from 169.254.144.1:58007 finished cleanly.
DEBUG: Waiting for lingering segments (e.g. retransmissions of FIN) from peer...
DEBUG: Outbound stream to 169.254.144.1:9846 has been fully acknowledged.
DEBUG: TCP connection finished cleanly.
done.
DEBUG: Waiting for clean shutdown... DEBUG: TCP connection finished cleanly.
done.
<end of output>
Test time =   0.46 sec
----------------------------------------------------------
Test Passed.
"t_usR_1M_32k" end time: May 17 10:27 CST
"t_usR_1M_32k" time elapsed: 00:00:00
----------------------------------------------------------

79/169 Testing: t_usR_128K_8K
79/169 Test: t_usR_128K_8K
Command: "/home/shootzecond/sponge/txrx.sh" "-usRd" "128K" "-w" "8K"
Directory: /home/shootzecond/sponge/build
"t_usR_128K_8K" start time: May 17 10:27 CST
Output:
----------------------------------------------------------
DEBUG: Listening for incoming connection... DEBUG: Connecting to 169.254.144.1:2414... done.
new connection from 169.254.144.1:35965.
DEBUG: Outbound stream to 169.254.144.1:35965 finished (1 byte still in flight).
DEBUG: Inbound stream from 169.254.144.1:2414 finished cleanly.
DEBUG: Outbound stream to 169.254.144.1:35965 has been fully acknowledged.
DEBUG: Waiting for clean shutdown... DEBUG: Outbound stream to 169.254.144.1:2414 finished (6192 bytes still in flight).
DEBUG: Waiting for clean shutdown... DEBUG: Inbound stream from 169.254.144.1:35965 finished cleanly.
DEBUG: Waiting for lingering segments (e.g. retransmissions of FIN) from peer...
DEBUG: Outbound stream to 169.254.144.1:2414 has been fully acknowledged.
DEBUG: TCP connection finished cleanly.
done.
DEBUG: TCP connection finished cleanly.
done.
<end of output>
Test time =   0.28 sec
----------------------------------------------------------
Test Passed.
"t_usR_128K_8K" end time: May 17 10:27 CST
"t_usR_128K_8K" time elapsed: 00:00:00
----------------------------------------------------------

80/169 Testing: t_usR_16_1
80/169 Test: t_usR_16_1
Command: "/home/shootzecond/sponge/txrx.sh" "-usRd" "16" "-w" "1"
Directory: /home/shootzecond/sponge/build
"t_usR_16_1" start time: May 17 10:27 CST
Output:
----------------------------------------------------------
DEBUG: Listening for incoming connection... DEBUG: Connecting to 169.254.144.1:15083... done.
new connection from 169.254.144.1:57980.
DEBUG: Outbound stream to 169.254.144.1:57980 finished (1 byte still in flight).
DEBUG: Outbound stream to 169.254.144.1:15083 finished (1 byte still in flight).
DEBUG: Inbound stream from 169.254.144.1:15083 finished cleanly.
DEBUG: Waiting for clean shutdown... DEBUG: Outbound stream to 169.254.144.1:57980 has been fully acknowledged.
DEBUG: Waiting for clean shutdown... DEBUG: Inbound stream from 169.254.144.1:57980 finished cleanly.
DEBUG: Waiting for lingering segments (e.g. retransmissions of FIN) from peer...
DEBUG: Outbound stream to 169.254.144.1:15083 has been fully acknowledged.
DEBUG: TCP connection finished cleanly.
done.
DEBUG: TCP connection finished cleanly.
done.
<end of output>
Test time =   0.26 sec
----------------------------------------------------------
Test Passed.
"t_usR_16_1" end time: May 17 10:27 CST
"t_usR_16_1" time elapsed: 00:00:00
----------------------------------------------------------

81/169 Testing: t_usR_32K_d
81/169 Test: t_usR_32K_d
Command: "/home/shootzecond/sponge/txrx.sh" "-usRd" "32K"
Directory: /home/shootzecond/sponge/build
"t_usR_32K_d" start time: May 17 10:27 CST
Output:
----------------------------------------------------------
DEBUG: Listening for incoming connection... DEBUG: Connecting to 169.254.144.1:12231... done.
new connection from 169.254.144.1:36672.
DEBUG: Outbound stream to 169.254.144.1:36672 finished (1 byte still in flight).
DEBUG: Inbound stream from 169.254.144.1:12231 finished cleanly.
DEBUG: Outbound stream to 169.254.144.1:36672 has been fully acknowledged.
DEBUG: Waiting for clean shutdown... DEBUG: Outbound stream to 169.254.144.1:12231 finished (32769 bytes still in flight).
DEBUG: Inbound stream from 169.254.144.1:36672 finished cleanly.
DEBUG: Waiting for lingering segments (e.g. retransmissions of FIN) from peer...
DEBUG: Waiting for clean shutdown... DEBUG: Outbound stream to 169.254.144.1:12231 has been fully acknowledged.
DEBUG: TCP connection finished cleanly.
done.
DEBUG: TCP connection finished cleanly.
done.
<end of output>
Test time =   0.26 sec
----------------------------------------------------------
Test Passed.
"t_usR_32K_d" end time: May 17 10:27 CST
"t_usR_32K_d" time elapsed: 00:00:00
----------------------------------------------------------

82/169 Testing: t_usD_1M_32k
82/169 Test: t_usD_1M_32k
Command: "/home/shootzecond/sponge/txrx.sh" "-usDd" "1M" "-w" "32K"
Directory: /home/shootzecond/sponge/build
"t_usD_1M_32k" start time: May 17 10:27 CST
Output:
----------------------------------------------------------
DEBUG: Listening for incoming connection... DEBUG: Connecting to 169.254.144.1:15282... done.
new connection from 169.254.144.1:60236.
DEBUG: Outbound stream to 169.254.144.1:60236 finished (31768 bytes still in flight).
DEBUG: Outbound stream to 169.254.144.1:15282 finished (31768 bytes still in flight).
DEBUG: Waiting for clean shutdown... DEBUG: Inbound stream from 169.254.144.1:15282 finished cleanly.
DEBUG: Outbound stream to 169.254.144.1:60236 has been fully acknowledged.
DEBUG: Waiting for clean shutdown... DEBUG: Inbound stream from 169.254.144.1:60236 finished cleanly.
DEBUG: Waiting for lingering segments (e.g. retransmissions of FIN) from peer...
DEBUG: Outbound stream to 169.254.144.1:15282 has been fully acknowledged.
DEBUG: TCP connection finished cleanly.
done.
DEBUG: TCP connection finished cleanly.
done.
<end of output>
Test time =   0.55 sec
----------------------------------------------------------
Test Passed.
"t_usD_1M_32k" end time: May 17 10:27 CST
"t_usD_1M_32k" time elapsed: 00:00:00
----------------------------------------------------------

83/169 Testing: t_usD_128K_8K
83/169 Test: t_usD_128K_8K
Command: "/home/shootzecond/sponge/txrx.sh" "-usDd" "128K" "-w" "8K"
Directory: /home/shootzecond/sponge/build
"t_usD_128K_8K" start time: May 17 10:27 CST
Output:
----------------------------------------------------------
DEBUG: Listening for incoming connection... DEBUG: Connecting to 169.254.144.1:14774... done.
new connection from 169.254.144.1:41156.
DEBUG: Outbound stream to 169.254.144.1:14774 finished (7192 bytes still in flight).
DEBUG: Outbound stream to 169.254.144.1:41156 finished (7192 bytes still in flight).
DEBUG: Inbound stream from DEBUG: Waiting for clean shutdown... DEBUG: Inbound stream from 169.254.144.1:41156 finished cleanly.
169.254.144.1:14774 finished cleanly.
DEBUG: Outbound stream to 169.254.144.1:14774 has been fully acknowledged.
DEBUG: Outbound stream to 169.254.144.1:41156 has been fully acknowledged.
DEBUG: Waiting for clean shutdown... DEBUG: TCP connection finished cleanly.
DEBUG: TCP connection finished cleanly.
done.
done.
<end of output>
Test time =   0.29 sec
----------------------------------------------------------
Test Passed.
"t_usD_128K_8K" end time: May 17 10:27 CST
"t_usD_128K_8K" time elapsed: 00:00:00
----------------------------------------------------------

84/169 Testing: t_usD_16_1
84/169 Test: t_usD_16_1
Command: "/home/shootzecond/sponge/txrx.sh" "-usDd" "16" "-w" "1"
Directory: /home/shootzecond/sponge/build
"t_usD_16_1" start time: May 17 10:27 CST
Output:
----------------------------------------------------------
DEBUG: Listening for incoming connection... DEBUG: Connecting to 169.254.144.1:3838... done.
new connection from 169.254.144.1:50865.
DEBUG: Outbound stream to 169.254.144.1:3838 finished (1 byte still in flight).
DEBUG: Outbound stream to 169.254.144.1:50865 finished (1 byte still in flight).
DEBUG: Inbound stream from 169.254.144.1:3838 finished cleanly.
DEBUG: Waiting for clean shutdown... DEBUG: Outbound stream to DEBUG: Outbound stream to 169.254.144.1:50865 has been fully acknowledged.
169.254.144.1:3838 has been fully acknowledged.
DEBUG: Waiting for clean shutdown... DEBUG: Inbound stream from 169.254.144.1:50865 finished cleanly.
DEBUG: Waiting for lingering segments (e.g. retransmissions of FIN) from peer...
DEBUG: TCP connection finished cleanly.
done.
DEBUG: TCP connection finished cleanly.
done.
<end of output>
Test time =   0.26 sec
----------------------------------------------------------
Test Passed.
"t_usD_16_1" end time: May 17 10:27 CST
"t_usD_16_1" time elapsed: 00:00:00
----------------------------------------------------------

85/169 Testing: t_usD_32K_d
85/169 Test: t_usD_32K_d
Command: "/home/shootzecond/sponge/txrx.sh" "-usDd" "32K"
Directory: /home/shootzecond/sponge/build
"t_usD_32K_d" start time: May 17 10:27 CST
Output:
----------------------------------------------------------
DEBUG: Listening for incoming connection... DEBUG: Connecting to 169.254.144.1:23879... done.
new connection from 169.254.144.1:38883.
DEBUG: Outbound stream to DEBUG: Outbound stream to 169.254.144.1:23879 finished (32769 bytes still in flight).
169.254.144.1:38883 finished (32769 bytes still in flight).
DEBUG: Inbound stream from 169.254.144.1:23879 finished cleanly.
DEBUG: Waiting for clean shutdown... DEBUG: Waiting for clean shutdown... DEBUG: Inbound stream from 169.254.144.1:38883 finished cleanly.
DEBUG: Outbound stream to DEBUG: Outbound stream to 169.254.144.1:38883 has been fully acknowledged.
169.254.144.1:23879 has been fully acknowledged.
DEBUG: TCP connection finished cleanly.
done.
DEBUG: TCP connection finished cleanly.
done.
<end of output>
Test time =   0.27 sec
----------------------------------------------------------
Test Passed.
"t_usD_32K_d" end time: May 17 10:27 CST
"t_usD_32K_d" time elapsed: 00:00:00
----------------------------------------------------------

86/169 Testing: t_ucS_128K_8K_l
86/169 Test: t_ucS_128K_8K_l
Command: "/home/shootzecond/sponge/txrx.sh" "-ucSd" "128K" "-w" "8K" "-l" "0.1"
Directory: /home/shootzecond/sponge/build
"t_ucS_128K_8K_l" start time: May 17 10:27 CST
Output:
----------------------------------------------------------
DEBUG: Listening for incoming connection... DEBUG: Connecting to 169.254.144.1:4300... done.
new connection from 169.254.144.1:37205.
DEBUG: Outbound stream to 169.254.144.1:37205 finished (1 byte still in flight).
DEBUG: Inbound stream from 169.254.144.1:4300 finished cleanly.
DEBUG: Outbound stream to 169.254.144.1:37205 has been fully acknowledged.
DEBUG: Waiting for clean shutdown... DEBUG: Outbound stream to 169.254.144.1:4300 finished (7192 bytes still in flight).
DEBUG: Inbound stream from 169.254.144.1:37205 finished cleanly.
DEBUG: Waiting for lingering segments (e.g. retransmissions of FIN) from peer...
DEBUG: Waiting for clean shutdown... DEBUG: Outbound stream to 169.254.144.1:4300 has been fully acknowledged.
DEBUG: TCP connection finished cleanly.
done.
DEBUG: TCP connection finished cleanly.
done.
<end of output>
Test time =   0.28 sec
----------------------------------------------------------
Test Passed.
"t_ucS_128K_8K_l" end time: May 17 10:27 CST
"t_ucS_128K_8K_l" time elapsed: 00:00:00
----------------------------------------------------------

87/169 Testing: t_ucS_128K_8K_L
87/169 Test: t_ucS_128K_8K_L
Command: "/home/shootzecond/sponge/txrx.sh" "-ucSd" "128K" "-w" "8K" "-L" "0.1"
Directory: /home/shootzecond/sponge/build
"t_ucS_128K_8K_L" start time: May 17 10:27 CST
Output:
----------------------------------------------------------
DEBUG: Listening for incoming connection... DEBUG: Connecting to 169.254.144.1:5267... done.
new connection from 169.254.144.1:53903.
DEBUG: Outbound stream to 169.254.144.1:53903 finished (1 byte still in flight).
DEBUG: Inbound stream from 169.254.144.1:5267 finished cleanly.
DEBUG: Outbound stream to 169.254.144.1:53903 has been fully acknowledged.
DEBUG: Waiting for clean shutdown... DEBUG: Outbound stream to 169.254.144.1:5267 finished (7192 bytes still in flight).
DEBUG: Inbound stream from 169.254.144.1:53903 finished cleanly.
DEBUG: Waiting for lingering segments (e.g. retransmissions of FIN) from peer...
DEBUG: Waiting for clean shutdown... DEBUG: Outbound stream to 169.254.144.1:5267 has been fully acknowledged.
DEBUG: TCP connection finished cleanly.
done.
DEBUG: TCP connection finished cleanly.
done.
<end of output>
Test time =   0.46 sec
----------------------------------------------------------
Test Passed.
"t_ucS_128K_8K_L" end time: May 17 10:27 CST
"t_ucS_128K_8K_L" time elapsed: 00:00:00
----------------------------------------------------------

88/169 Testing: t_ucS_128K_8K_lL
88/169 Test: t_ucS_128K_8K_lL
Command: "/home/shootzecond/sponge/txrx.sh" "-ucSd" "128K" "-w" "8K" "-l" "0.1" "-L" "0.1"
Directory: /home/shootzecond/sponge/build
"t_ucS_128K_8K_lL" start time: May 17 10:27 CST
Output:
----------------------------------------------------------
DEBUG: Listening for incoming connection... DEBUG: Connecting to 169.254.144.1:16931... done.
new connection from 169.254.144.1:51316.
DEBUG: Outbound stream to 169.254.144.1:51316 finished (1 byte still in flight).
[...]
DEBUG: Outbound stream to 169.254.144.9:2344 has been fully acknowledged.
DEBUG: Waiting for clean shutdown... DEBUG: Outbound stream to 169.254.144.1:34177 finished (1192 bytes still in flight).
DEBUG: Waiting for clean shutdown... DEBUG: Inbound stream from 169.254.144.9:2344 finished cleanly.
DEBUG: Waiting for lingering segments (e.g. retransmissions of FIN) from peer...
DEBUG: Outbound stream to 169.254.144.1:34177 has been fully acknowledged.
DEBUG: TCP connection finished cleanly.
done.
DEBUG: TCP connection finished cleanly.
done.
<end of output>
Test time =   0.56 sec
----------------------------------------------------------
Test Passed.
"t_isD_128K_8K_L" end time: May 17 10:28 CST
"t_isD_128K_8K_L" time elapsed: 00:00:00
----------------------------------------------------------

151/169 Testing: t_isD_128K_8K_lL
151/169 Test: t_isD_128K_8K_lL
Command: "/home/shootzecond/sponge/txrx.sh" "-isDd" "128K" "-w" "8K" "-l" "0.1" "-L" "0.1"
Directory: /home/shootzecond/sponge/build
"t_isD_128K_8K_lL" start time: May 17 10:28 CST
Output:
----------------------------------------------------------
DEBUG: Listening for incoming connection... DEBUG: Connecting to 169.254.144.9:8720... done.
new connection from 169.254.144.1:48759.
DEBUG: Outbound stream to 169.254.144.9:8720 finished (8192 bytes still in flight).
DEBUG: Outbound stream to 169.254.144.1:48759 finished (7001 bytes still in flight).
DEBUG: Waiting for clean shutdown... DEBUG: Inbound stream from 169.254.144.9:8720 finished cleanly.
DEBUG: Outbound stream to 169.254.144.1:48759 has been fully acknowledged.
DEBUG: Waiting for clean shutdown... DEBUG: Inbound stream from 169.254.144.1:48759 finished cleanly.
DEBUG: Waiting for lingering segments (e.g. retransmissions of FIN) from peer...
DEBUG: Outbound stream to 169.254.144.9:8720 has been fully acknowledged.
DEBUG: TCP connection finished cleanly.
done.
DEBUG: TCP connection finished cleanly.
done.
<end of output>
Test time =   0.77 sec
----------------------------------------------------------
Test Passed.
"t_isD_128K_8K_lL" end time: May 17 10:28 CST
"t_isD_128K_8K_lL" time elapsed: 00:00:00
----------------------------------------------------------

152/169 Testing: t_icnS_128K_8K_l
152/169 Test: t_icnS_128K_8K_l
Command: "/home/shootzecond/sponge/txrx.sh" "-icSnd" "128K" "-w" "8K" "-l" "0.1"
Directory: /home/shootzecond/sponge/build
"t_icnS_128K_8K_l" start time: May 17 10:28 CST
Output:
----------------------------------------------------------
DEBUG: Connecting to 169.254.144.1:7191... done.
DEBUG: Inbound stream from 169.254.144.1:7191 finished cleanly.
DEBUG: Waiting for clean shutdown... DEBUG: Outbound stream to 169.254.144.1:7191 finished (64000 bytes still in flight).
DEBUG: Outbound stream to 169.254.144.1:7191 has been fully acknowledged.
DEBUG: TCP connection finished cleanly.
done.
<end of output>
Test time =   0.16 sec
----------------------------------------------------------
Test Passed.
"t_icnS_128K_8K_l" end time: May 17 10:28 CST
"t_icnS_128K_8K_l" time elapsed: 00:00:00
----------------------------------------------------------

153/169 Testing: t_icnS_128K_8K_L
153/169 Test: t_icnS_128K_8K_L
Command: "/home/shootzecond/sponge/txrx.sh" "-icSnd" "128K" "-w" "8K" "-L" "0.1"
Directory: /home/shootzecond/sponge/build
"t_icnS_128K_8K_L" start time: May 17 10:28 CST
Output:
----------------------------------------------------------
DEBUG: Connecting to 169.254.144.1:30435... done.
DEBUG: Inbound stream from 169.254.144.1:30435 finished cleanly.
DEBUG: Waiting for clean shutdown... DEBUG: Outbound stream to 169.254.144.1:30435 finished (30000 bytes still in flight).
DEBUG: Outbound stream to 169.254.144.1:30435 has been fully acknowledged.
DEBUG: TCP connection finished cleanly.
done.
<end of output>
Test time =   0.38 sec
----------------------------------------------------------
Test Passed.
"t_icnS_128K_8K_L" end time: May 17 10:28 CST
"t_icnS_128K_8K_L" time elapsed: 00:00:00
----------------------------------------------------------

154/169 Testing: t_icnS_128K_8K_lL
154/169 Test: t_icnS_128K_8K_lL
Command: "/home/shootzecond/sponge/txrx.sh" "-icSnd" "128K" "-w" "8K" "-l" "0.1" "-L" "0.1"
Directory: /home/shootzecond/sponge/build
"t_icnS_128K_8K_lL" start time: May 17 10:28 CST
Output:
----------------------------------------------------------
DEBUG: Connecting to 169.254.144.1:26207... done.
DEBUG: Inbound stream from 169.254.144.1:26207 finished cleanly.
DEBUG: Waiting for clean shutdown... DEBUG: Outbound stream to 169.254.144.1:26207 finished (36000 bytes still in flight).
DEBUG: Outbound stream to 169.254.144.1:26207 has been fully acknowledged.
DEBUG: TCP connection finished cleanly.
done.
<end of output>
Test time =   0.60 sec
----------------------------------------------------------
Test Passed.
"t_icnS_128K_8K_lL" end time: May 17 10:28 CST
"t_icnS_128K_8K_lL" time elapsed: 00:00:00
----------------------------------------------------------

155/169 Testing: t_icnR_128K_8K_l
155/169 Test: t_icnR_128K_8K_l
Command: "/home/shootzecond/sponge/txrx.sh" "-icRnd" "128K" "-w" "8K" "-l" "0.1"
Directory: /home/shootzecond/sponge/build
"t_icnR_128K_8K_l" start time: May 17 10:28 CST
Output:
----------------------------------------------------------
DEBUG: Connecting to 169.254.144.1:19910... done.
DEBUG: Outbound stream to 169.254.144.1:19910 finished (1 byte still in flight).
DEBUG: Outbound stream to 169.254.144.1:19910 has been fully acknowledged.
DEBUG: Waiting for clean shutdown... DEBUG: Inbound stream from 169.254.144.1:19910 finished cleanly.
DEBUG: Waiting for lingering segments (e.g. retransmissions of FIN) from peer...
DEBUG: TCP connection finished cleanly.
done.
<end of output>
Test time =   0.51 sec
----------------------------------------------------------
Test Passed.
"t_icnR_128K_8K_l" end time: May 17 10:28 CST
"t_icnR_128K_8K_l" time elapsed: 00:00:00
----------------------------------------------------------

156/169 Testing: t_icnR_128K_8K_L
156/169 Test: t_icnR_128K_8K_L
Command: "/home/shootzecond/sponge/txrx.sh" "-icRnd" "128K" "-w" "8K" "-L" "0.1"
Directory: /home/shootzecond/sponge/build
"t_icnR_128K_8K_L" start time: May 17 10:28 CST
Output:
----------------------------------------------------------
DEBUG: Connecting to 169.254.144.1:10478... done.
DEBUG: Outbound stream to 169.254.144.1:10478 finished (1 byte still in flight).
DEBUG: Outbound stream to 169.254.144.1:10478 has been fully acknowledged.
DEBUG: Inbound stream from 169.254.144.1:10478 finished cleanly.
DEBUG: Waiting for lingering segments (e.g. retransmissions of FIN) from peer...
DEBUG: Waiting for clean shutdown... DEBUG: TCP connection finished cleanly.
done.
<end of output>
Test time =   0.28 sec
----------------------------------------------------------
Test Passed.
"t_icnR_128K_8K_L" end time: May 17 10:28 CST
"t_icnR_128K_8K_L" time elapsed: 00:00:00
----------------------------------------------------------

157/169 Testing: t_icnR_128K_8K_lL
157/169 Test: t_icnR_128K_8K_lL
Command: "/home/shootzecond/sponge/txrx.sh" "-icRnd" "128K" "-w" "8K" "-l" "0.1" "-L" "0.1"
Directory: /home/shootzecond/sponge/build
"t_icnR_128K_8K_lL" start time: May 17 10:28 CST
Output:
----------------------------------------------------------
DEBUG: Connecting to 169.254.144.1:2122... done.
DEBUG: Outbound stream to 169.254.144.1:2122 finished (1 byte still in flight).
DEBUG: Outbound stream to 169.254.144.1:2122 has been fully acknowledged.
DEBUG: Inbound stream from 169.254.144.1:2122 finished cleanly.
DEBUG: Waiting for lingering segments (e.g. retransmissions of FIN) from peer...
DEBUG: Waiting for clean shutdown... DEBUG: TCP connection finished cleanly.
done.
<end of output>
Test time =   0.70 sec
----------------------------------------------------------
Test Passed.
"t_icnR_128K_8K_lL" end time: May 17 10:28 CST
"t_icnR_128K_8K_lL" time elapsed: 00:00:00
----------------------------------------------------------

158/169 Testing: t_icnD_128K_8K_l
158/169 Test: t_icnD_128K_8K_l
Command: "/home/shootzecond/sponge/txrx.sh" "-icDnd" "128K" "-w" "8K" "-l" "0.1"
Directory: /home/shootzecond/sponge/build
"t_icnD_128K_8K_l" start time: May 17 10:28 CST
Output:
----------------------------------------------------------
DEBUG: Connecting to 169.254.144.1:27048... done.
DEBUG: Outbound stream to 169.254.144.1:27048 finished (64000 bytes still in flight).
DEBUG: Outbound stream to 169.254.144.1:27048 has been fully acknowledged.
DEBUG: Inbound stream from 169.254.144.1:27048 finished cleanly.
DEBUG: Waiting for lingering segments (e.g. retransmissions of FIN) from peer...
DEBUG: Waiting for clean shutdown... DEBUG: TCP connection finished cleanly.
done.
<end of output>
Test time =   1.47 sec
----------------------------------------------------------
Test Passed.
"t_icnD_128K_8K_l" end time: May 17 10:28 CST
"t_icnD_128K_8K_l" time elapsed: 00:00:01
----------------------------------------------------------

159/169 Testing: t_icnD_128K_8K_L
159/169 Test: t_icnD_128K_8K_L
Command: "/home/shootzecond/sponge/txrx.sh" "-icDnd" "128K" "-w" "8K" "-L" "0.1"
Directory: /home/shootzecond/sponge/build
"t_icnD_128K_8K_L" start time: May 17 10:28 CST
Output:
----------------------------------------------------------
DEBUG: Connecting to 169.254.144.1:13322... done.
DEBUG: Inbound stream from 169.254.144.1:13322 finished cleanly.
DEBUG: Waiting for clean shutdown... DEBUG: Outbound stream to 169.254.144.1:13322 finished (51000 bytes still in flight).
DEBUG: Outbound stream to 169.254.144.1:13322 has been fully acknowledged.
DEBUG: TCP connection finished cleanly.
done.
<end of output>
Test time =   0.33 sec
----------------------------------------------------------
Test Passed.
"t_icnD_128K_8K_L" end time: May 17 10:28 CST
"t_icnD_128K_8K_L" time elapsed: 00:00:00
----------------------------------------------------------

160/169 Testing: t_icnD_128K_8K_lL
160/169 Test: t_icnD_128K_8K_lL
Command: "/home/shootzecond/sponge/txrx.sh" "-icDnd" "128K" "-w" "8K" "-l" "0.1" "-L" "0.1"
Directory: /home/shootzecond/sponge/build
"t_icnD_128K_8K_lL" start time: May 17 10:28 CST
Output:
----------------------------------------------------------
DEBUG: Connecting to 169.254.144.1:18794... done.
DEBUG: Outbound stream to 169.254.144.1:18794 finished (56000 bytes still in flight).
DEBUG: Outbound stream to 169.254.144.1:18794 has been fully acknowledged.
DEBUG: Inbound stream from 169.254.144.1:18794 finished cleanly.
DEBUG: Waiting for lingering segments (e.g. retransmissions of FIN) from peer...
DEBUG: Waiting for clean shutdown... DEBUG: TCP connection finished cleanly.
done.
<end of output>
Test time =   0.57 sec
----------------------------------------------------------
Test Passed.
"t_icnD_128K_8K_lL" end time: May 17 10:28 CST
"t_icnD_128K_8K_lL" time elapsed: 00:00:00
----------------------------------------------------------

161/169 Testing: t_isnS_128K_8K_l
161/169 Test: t_isnS_128K_8K_l
Command: "/home/shootzecond/sponge/txrx.sh" "-isSnd" "128K" "-w" "8K" "-l" "0.1"
Directory: /home/shootzecond/sponge/build
"t_isnS_128K_8K_l" start time: May 17 10:28 CST
Output:
----------------------------------------------------------
DEBUG: Listening for incoming connection... new connection from 169.254.144.1:36518.
DEBUG: Inbound stream from 169.254.144.1:36518 finished cleanly.
DEBUG: Waiting for clean shutdown... DEBUG: Outbound stream to 169.254.144.1:36518 finished (64000 bytes still in flight).
DEBUG: Outbound stream to 169.254.144.1:36518 has been fully acknowledged.
DEBUG: TCP connection finished cleanly.
done.
<end of output>
Test time =   1.19 sec
----------------------------------------------------------
Test Passed.
"t_isnS_128K_8K_l" end time: May 17 10:28 CST
"t_isnS_128K_8K_l" time elapsed: 00:00:01
----------------------------------------------------------

162/169 Testing: t_isnS_128K_8K_L
162/169 Test: t_isnS_128K_8K_L
Command: "/home/shootzecond/sponge/txrx.sh" "-isSnd" "128K" "-w" "8K" "-L" "0.1"
Directory: /home/shootzecond/sponge/build
"t_isnS_128K_8K_L" start time: May 17 10:28 CST
Output:
----------------------------------------------------------
DEBUG: Listening for incoming connection... new connection from 169.254.144.1:35386.
DEBUG: Inbound stream from 169.254.144.1:35386 finished cleanly.
DEBUG: Waiting for clean shutdown... DEBUG: Outbound stream to 169.254.144.1:35386 finished (34000 bytes still in flight).
DEBUG: Outbound stream to 169.254.144.1:35386 has been fully acknowledged.
DEBUG: TCP connection finished cleanly.
done.
<end of output>
Test time =   0.29 sec
----------------------------------------------------------
Test Passed.
"t_isnS_128K_8K_L" end time: May 17 10:28 CST
"t_isnS_128K_8K_L" time elapsed: 00:00:00
----------------------------------------------------------

163/169 Testing: t_isnS_128K_8K_lL
163/169 Test: t_isnS_128K_8K_lL
Command: "/home/shootzecond/sponge/txrx.sh" "-isSnd" "128K" "-w" "8K" "-l" "0.1" "-L" "0.1"
Directory: /home/shootzecond/sponge/build
"t_isnS_128K_8K_lL" start time: May 17 10:28 CST
Output:
----------------------------------------------------------
DEBUG: Listening for incoming connection... new connection from 169.254.144.1:51868.
DEBUG: Inbound stream from 169.254.144.1:51868 finished cleanly.
DEBUG: Waiting for clean shutdown... DEBUG: Outbound stream to 169.254.144.1:51868 finished (64000 bytes still in flight).
DEBUG: Outbound stream to 169.254.144.1:51868 has been fully acknowledged.
DEBUG: TCP connection finished cleanly.
done.
<end of output>
Test time =   0.39 sec
----------------------------------------------------------
Test Passed.
"t_isnS_128K_8K_lL" end time: May 17 10:28 CST
"t_isnS_128K_8K_lL" time elapsed: 00:00:00
----------------------------------------------------------

164/169 Testing: t_isnR_128K_8K_l
164/169 Test: t_isnR_128K_8K_l
Command: "/home/shootzecond/sponge/txrx.sh" "-isRnd" "128K" "-w" "8K" "-l" "0.1"
Directory: /home/shootzecond/sponge/build
"t_isnR_128K_8K_l" start time: May 17 10:28 CST
Output:
----------------------------------------------------------
DEBUG: Listening for incoming connection... new connection from 169.254.144.1:55468.
DEBUG: Outbound stream to 169.254.144.1:55468 finished (1 byte still in flight).
DEBUG: Outbound stream to 169.254.144.1:55468 has been fully acknowledged.
DEBUG: Inbound stream from 169.254.144.1:55468 finished cleanly.
DEBUG: Waiting for lingering segments (e.g. retransmissions of FIN) from peer...
DEBUG: Waiting for clean shutdown... DEBUG: TCP connection finished cleanly.
done.
<end of output>
Test time =   0.31 sec
----------------------------------------------------------
Test Passed.
"t_isnR_128K_8K_l" end time: May 17 10:28 CST
"t_isnR_128K_8K_l" time elapsed: 00:00:00
----------------------------------------------------------

165/169 Testing: t_isnR_128K_8K_L
165/169 Test: t_isnR_128K_8K_L
Command: "/home/shootzecond/sponge/txrx.sh" "-isRnd" "128K" "-w" "8K" "-L" "0.1"
Directory: /home/shootzecond/sponge/build
"t_isnR_128K_8K_L" start time: May 17 10:28 CST
Output:
----------------------------------------------------------
DEBUG: Listening for incoming connection... new connection from 169.254.144.1:50224.
DEBUG: Outbound stream to 169.254.144.1:50224 finished (1 byte still in flight).
DEBUG: Outbound stream to 169.254.144.1:50224 has been fully acknowledged.
DEBUG: Inbound stream from 169.254.144.1:50224 finished cleanly.
DEBUG: Waiting for lingering segments (e.g. retransmissions of FIN) from peer...
DEBUG: Waiting for clean shutdown... DEBUG: TCP connection finished cleanly.
done.
<end of output>
Test time =   0.28 sec
----------------------------------------------------------
Test Passed.
"t_isnR_128K_8K_L" end time: May 17 10:28 CST
"t_isnR_128K_8K_L" time elapsed: 00:00:00
----------------------------------------------------------

166/169 Testing: t_isnR_128K_8K_lL
166/169 Test: t_isnR_128K_8K_lL
Command: "/home/shootzecond/sponge/txrx.sh" "-isRnd" "128K" "-w" "8K" "-l" "0.1" "-L" "0.1"
Directory: /home/shootzecond/sponge/build
"t_isnR_128K_8K_lL" start time: May 17 10:28 CST
Output:
----------------------------------------------------------
DEBUG: Listening for incoming connection... new connection from 169.254.144.1:45242.
DEBUG: Outbound stream to 169.254.144.1:45242 finished (1 byte still in flight).
DEBUG: Outbound stream to 169.254.144.1:45242 has been fully acknowledged.
DEBUG: Waiting for clean shutdown... DEBUG: Inbound stream from 169.254.144.1:45242 finished cleanly.
DEBUG: Waiting for lingering segments (e.g. retransmissions of FIN) from peer...
DEBUG: TCP connection finished cleanly.
done.
<end of output>
Test time =   0.86 sec
----------------------------------------------------------
Test Passed.
"t_isnR_128K_8K_lL" end time: May 17 10:28 CST
"t_isnR_128K_8K_lL" time elapsed: 00:00:00
----------------------------------------------------------

167/169 Testing: t_isnD_128K_8K_l
167/169 Test: t_isnD_128K_8K_l
Command: "/home/shootzecond/sponge/txrx.sh" "-isDnd" "128K" "-w" "8K" "-l" "0.1"
Directory: /home/shootzecond/sponge/build
"t_isnD_128K_8K_l" start time: May 17 10:28 CST
Output:
----------------------------------------------------------
DEBUG: Listening for incoming connection... new connection from 169.254.144.1:60486.
DEBUG: Outbound stream to 169.254.144.1:60486 finished (64000 bytes still in flight).
DEBUG: Outbound stream to 169.254.144.1:60486 has been fully acknowledged.
DEBUG: Inbound stream from 169.254.144.1:60486 finished cleanly.
DEBUG: Waiting for lingering segments (e.g. retransmissions of FIN) from peer...
DEBUG: Waiting for clean shutdown... DEBUG: TCP connection finished cleanly.
done.
<end of output>
Test time =   0.47 sec
----------------------------------------------------------
Test Passed.
"t_isnD_128K_8K_l" end time: May 17 10:28 CST
"t_isnD_128K_8K_l" time elapsed: 00:00:00
----------------------------------------------------------

168/169 Testing: t_isnD_128K_8K_L
168/169 Test: t_isnD_128K_8K_L
Command: "/home/shootzecond/sponge/txrx.sh" "-isDnd" "128K" "-w" "8K" "-L" "0.1"
Directory: /home/shootzecond/sponge/build
"t_isnD_128K_8K_L" start time: May 17 10:28 CST
Output:
----------------------------------------------------------
DEBUG: Listening for incoming connection... new connection from 169.254.144.1:45010.
DEBUG: Inbound stream from 169.254.144.1:45010 finished cleanly.
DEBUG: Waiting for clean shutdown... DEBUG: Outbound stream to 169.254.144.1:45010 finished (32000 bytes still in flight).
DEBUG: Outbound stream to 169.254.144.1:45010 has been fully acknowledged.
DEBUG: TCP connection finished cleanly.
done.
<end of output>
Test time =   0.36 sec
----------------------------------------------------------
Test Passed.
"t_isnD_128K_8K_L" end time: May 17 10:28 CST
"t_isnD_128K_8K_L" time elapsed: 00:00:00
----------------------------------------------------------

169/169 Testing: t_isnD_128K_8K_lL
169/169 Test: t_isnD_128K_8K_lL
Command: "/home/shootzecond/sponge/txrx.sh" "-isDnd" "128K" "-w" "8K" "-l" "0.1" "-L" "0.1"
Directory: /home/shootzecond/sponge/build
"t_isnD_128K_8K_lL" start time: May 17 10:28 CST
Output:
----------------------------------------------------------
DEBUG: Listening for incoming connection... new connection from 169.254.144.1:47658.
DEBUG: Outbound stream to 169.254.144.1:47658 finished (64000 bytes still in flight).
DEBUG: Outbound stream to 169.254.144.1:47658 has been fully acknowledged.
DEBUG: Waiting for clean shutdown... DEBUG: Inbound stream from 169.254.144.1:47658 finished cleanly.
DEBUG: Waiting for lingering segments (e.g. retransmissions of FIN) from peer...
DEBUG: TCP connection finished cleanly.
done.
<end of output>
Test time =   5.17 sec
----------------------------------------------------------
Test Passed.
"t_isnD_128K_8K_lL" end time: May 17 10:28 CST
"t_isnD_128K_8K_lL" time elapsed: 00:00:05
----------------------------------------------------------

End testing: May 17 10:28 CST
