Start testing: May 20 14:38 CST
----------------------------------------------------------
1/169 Testing: t_wrapping_ints_cmp
1/169 Test: t_wrapping_ints_cmp
Command: "/home/shootzecond/sponge/build/tests/wrapping_integers_cmp"
Directory: /home/shootzecond/sponge/build
"t_wrapping_ints_cmp" start time: May 20 14:38 CST
Output:
----------------------------------------------------------
<end of output>
Test time =   0.00 sec
----------------------------------------------------------
Test Passed.
"t_wrapping_ints_cmp" end time: May 20 14:38 CST
"t_wrapping_ints_cmp" time elapsed: 00:00:00
----------------------------------------------------------

2/169 Testing: t_wrapping_ints_unwrap
2/169 Test: t_wrapping_ints_unwrap
Command: "/home/shootzecond/sponge/build/tests/wrapping_integers_unwrap"
Directory: /home/shootzecond/sponge/build
"t_wrapping_ints_unwrap" start time: May 20 14:38 CST
Output:
----------------------------------------------------------
<end of output>
Test time =   0.00 sec
----------------------------------------------------------
Test Passed.
"t_wrapping_ints_unwrap" end time: May 20 14:38 CST
"t_wrapping_ints_unwrap" time elapsed: 00:00:00
----------------------------------------------------------

3/169 Testing: t_wrapping_ints_wrap
3/169 Test: t_wrapping_ints_wrap
Command: "/home/shootzecond/sponge/build/tests/wrapping_integers_wrap"
Directory: /home/shootzecond/sponge/build
"t_wrapping_ints_wrap" start time: May 20 14:38 CST
Output:
----------------------------------------------------------
<end of output>
Test time =   0.00 sec
----------------------------------------------------------
Test Passed.
"t_wrapping_ints_wrap" end time: May 20 14:38 CST
"t_wrapping_ints_wrap" time elapsed: 00:00:00
----------------------------------------------------------

4/169 Testing: t_wrapping_ints_roundtrip
4/169 Test: t_wrapping_ints_roundtrip
Command: "/home/shootzecond/sponge/build/tests/wrapping_integers_roundtrip"
Directory: /home/shootzecond/sponge/build
"t_wrapping_ints_roundtrip" start time: May 20 14:38 CST
Output:
----------------------------------------------------------
<end of output>
Test time =   0.09 sec
----------------------------------------------------------
Test Passed.
"t_wrapping_ints_roundtrip" end time: May 20 14:38 CST
"t_wrapping_ints_roundtrip" time elapsed: 00:00:00
----------------------------------------------------------

5/169 Testing: t_recv_connect
5/169 Test: t_recv_connect
Command: "/home/shootzecond/sponge/build/tests/recv_connect"
Directory: /home/shootzecond/sponge/build
"t_recv_connect" start time: May 20 14:38 CST
Output:
----------------------------------------------------------
<end of output>
Test time =   0.00 sec
----------------------------------------------------------
Test Passed.
"t_recv_connect" end time: May 20 14:38 CST
"t_recv_connect" time elapsed: 00:00:00
----------------------------------------------------------

6/169 Testing: t_recv_transmit
6/169 Test: t_recv_transmit
Command: "/home/shootzecond/sponge/build/tests/recv_transmit"
Directory: /home/shootzecond/sponge/build
"t_recv_transmit" start time: May 20 14:38 CST
Output:
----------------------------------------------------------
<end of output>
Test time =   0.04 sec
----------------------------------------------------------
Test Passed.
"t_recv_transmit" end time: May 20 14:38 CST
"t_recv_transmit" time elapsed: 00:00:00
----------------------------------------------------------

7/169 Testing: t_recv_window
7/169 Test: t_recv_window
Command: "/home/shootzecond/sponge/build/tests/recv_window"
Directory: /home/shootzecond/sponge/build
"t_recv_window" start time: May 20 14:38 CST
Output:
----------------------------------------------------------
<end of output>
Test time =   0.00 sec
----------------------------------------------------------
Test Passed.
"t_recv_window" end time: May 20 14:38 CST
"t_recv_window" time elapsed: 00:00:00
----------------------------------------------------------

8/169 Testing: t_recv_reorder
8/169 Test: t_recv_reorder
Command: "/home/shootzecond/sponge/build/tests/recv_reorder"
Directory: /home/shootzecond/sponge/build
"t_recv_reorder" start time: May 20 14:38 CST
Output:
----------------------------------------------------------
<end of output>
Test time =   0.00 sec
----------------------------------------------------------
Test Passed.
"t_recv_reorder" end time: May 20 14:38 CST
"t_recv_reorder" time elapsed: 00:00:00
----------------------------------------------------------

9/169 Testing: t_recv_close
9/169 Test: t_recv_close
Command: "/home/shootzecond/sponge/build/tests/recv_close"
Directory: /home/shootzecond/sponge/build
"t_recv_close" start time: May 20 14:38 CST
Output:
----------------------------------------------------------
<end of output>
Test time =   0.00 sec
----------------------------------------------------------
Test Passed.
"t_recv_close" end time: May 20 14:38 CST
"t_recv_close" time elapsed: 00:00:00
----------------------------------------------------------

10/169 Testing: t_recv_special
10/169 Test: t_recv_special
Command: "/home/shootzecond/sponge/build/tests/recv_special"
Directory: /home/shootzecond/sponge/build
"t_recv_special" start time: May 20 14:38 CST
Output:
----------------------------------------------------------
<end of output>
Test time =   0.00 sec
----------------------------------------------------------
Test Passed.
"t_recv_special" end time: May 20 14:38 CST
"t_recv_special" time elapsed: 00:00:00
----------------------------------------------------------

11/169 Testing: t_send_connect
11/169 Test: t_send_connect
Command: "/home/shootzecond/sponge/build/tests/send_connect"
Directory: /home/shootzecond/sponge/build
"t_send_connect" start time: May 20 14:38 CST
Output:
----------------------------------------------------------
<end of output>
Test time =   0.00 sec
----------------------------------------------------------
Test Passed.
"t_send_connect" end time: May 20 14:38 CST
"t_send_connect" time elapsed: 00:00:00
----------------------------------------------------------

12/169 Testing: t_send_transmit
12/169 Test: t_send_transmit
Command: "/home/shootzecond/sponge/build/tests/send_transmit"
Directory: /home/shootzecond/sponge/build
"t_send_transmit" start time: May 20 14:38 CST
Output:
----------------------------------------------------------
<end of output>
Test time =   0.04 sec
----------------------------------------------------------
Test Passed.
"t_send_transmit" end time: May 20 14:38 CST
"t_send_transmit" time elapsed: 00:00:00
----------------------------------------------------------

13/169 Testing: t_send_retx
13/169 Test: t_send_retx
Command: "/home/shootzecond/sponge/build/tests/send_retx"
Directory: /home/shootzecond/sponge/build
"t_send_retx" start time: May 20 14:38 CST
Output:
----------------------------------------------------------
<end of output>
Test time =   0.00 sec
----------------------------------------------------------
Test Passed.
"t_send_retx" end time: May 20 14:38 CST
"t_send_retx" time elapsed: 00:00:00
----------------------------------------------------------

14/169 Testing: t_send_window
14/169 Test: t_send_window
Command: "/home/shootzecond/sponge/build/tests/send_window"
Directory: /home/shootzecond/sponge/build
"t_send_window" start time: May 20 14:38 CST
Output:
----------------------------------------------------------
<end of output>
Test time =   0.09 sec
----------------------------------------------------------
Test Passed.
"t_send_window" end time: May 20 14:38 CST
"t_send_window" time elapsed: 00:00:00
----------------------------------------------------------

15/169 Testing: t_send_ack
15/169 Test: t_send_ack
Command: "/home/shootzecond/sponge/build/tests/send_ack"
Directory: /home/shootzecond/sponge/build
"t_send_ack" start time: May 20 14:38 CST
Output:
----------------------------------------------------------
<end of output>
Test time =   0.00 sec
----------------------------------------------------------
Test Passed.
"t_send_ack" end time: May 20 14:38 CST
"t_send_ack" time elapsed: 00:00:00
----------------------------------------------------------

16/169 Testing: t_send_close
16/169 Test: t_send_close
Command: "/home/shootzecond/sponge/build/tests/send_close"
Directory: /home/shootzecond/sponge/build
"t_send_close" start time: May 20 14:38 CST
Output:
----------------------------------------------------------
<end of output>
Test time =   0.00 sec
----------------------------------------------------------
Test Passed.
"t_send_close" end time: May 20 14:38 CST
"t_send_close" time elapsed: 00:00:00
----------------------------------------------------------

17/169 Testing: t_send_extra
17/169 Test: t_send_extra
Command: "/home/shootzecond/sponge/build/tests/send_extra"
Directory: /home/shootzecond/sponge/build
"t_send_extra" start time: May 20 14:38 CST
Output:
----------------------------------------------------------
<end of output>
Test time =   0.01 sec
----------------------------------------------------------
Test Passed.
"t_send_extra" end time: May 20 14:38 CST
"t_send_extra" time elapsed: 00:00:00
----------------------------------------------------------

18/169 Testing: t_strm_reassem_single
18/169 Test: t_strm_reassem_single
Command: "/home/shootzecond/sponge/build/tests/fsm_stream_reassembler_single"
Directory: /home/shootzecond/sponge/build
"t_strm_reassem_single" start time: May 20 14:38 CST
Output:
----------------------------------------------------------
<end of output>
Test time =   0.00 sec
----------------------------------------------------------
Test Passed.
"t_strm_reassem_single" end time: May 20 14:38 CST
"t_strm_reassem_single" time elapsed: 00:00:00
----------------------------------------------------------

19/169 Testing: t_strm_reassem_seq
19/169 Test: t_strm_reassem_seq
Command: "/home/shootzecond/sponge/build/tests/fsm_stream_reassembler_seq"
Directory: /home/shootzecond/sponge/build
"t_strm_reassem_seq" start time: May 20 14:38 CST
Output:
----------------------------------------------------------
<end of output>
Test time =   0.00 sec
----------------------------------------------------------
Test Passed.
"t_strm_reassem_seq" end time: May 20 14:38 CST
"t_strm_reassem_seq" time elapsed: 00:00:00
----------------------------------------------------------

20/169 Testing: t_strm_reassem_dup
20/169 Test: t_strm_reassem_dup
Command: "/home/shootzecond/sponge/build/tests/fsm_stream_reassembler_dup"
Directory: /home/shootzecond/sponge/build
"t_strm_reassem_dup" start time: May 20 14:38 CST
Output:
----------------------------------------------------------
<end of output>
Test time =   0.01 sec
----------------------------------------------------------
Test Passed.
"t_strm_reassem_dup" end time: May 20 14:38 CST
"t_strm_reassem_dup" time elapsed: 00:00:00
----------------------------------------------------------

21/169 Testing: t_strm_reassem_holes
21/169 Test: t_strm_reassem_holes
Command: "/home/shootzecond/sponge/build/tests/fsm_stream_reassembler_holes"
Directory: /home/shootzecond/sponge/build
"t_strm_reassem_holes" start time: May 20 14:38 CST
Output:
----------------------------------------------------------
<end of output>
Test time =   0.00 sec
----------------------------------------------------------
Test Passed.
"t_strm_reassem_holes" end time: May 20 14:38 CST
"t_strm_reassem_holes" time elapsed: 00:00:00
----------------------------------------------------------

22/169 Testing: t_strm_reassem_many
22/169 Test: t_strm_reassem_many
Command: "/home/shootzecond/sponge/build/tests/fsm_stream_reassembler_many"
Directory: /home/shootzecond/sponge/build
"t_strm_reassem_many" start time: May 20 14:38 CST
Output:
----------------------------------------------------------
<end of output>
Test time =   0.22 sec
----------------------------------------------------------
Test Passed.
"t_strm_reassem_many" end time: May 20 14:38 CST
"t_strm_reassem_many" time elapsed: 00:00:00
----------------------------------------------------------

23/169 Testing: t_strm_reassem_overlapping
23/169 Test: t_strm_reassem_overlapping
Command: "/home/shootzecond/sponge/build/tests/fsm_stream_reassembler_overlapping"
Directory: /home/shootzecond/sponge/build
"t_strm_reassem_overlapping" start time: May 20 14:38 CST
Output:
----------------------------------------------------------
<end of output>
Test time =   0.00 sec
----------------------------------------------------------
Test Passed.
"t_strm_reassem_overlapping" end time: May 20 14:38 CST
"t_strm_reassem_overlapping" time elapsed: 00:00:00
----------------------------------------------------------

24/169 Testing: t_strm_reassem_win
24/169 Test: t_strm_reassem_win
Command: "/home/shootzecond/sponge/build/tests/fsm_stream_reassembler_win"
Directory: /home/shootzecond/sponge/build
"t_strm_reassem_win" start time: May 20 14:38 CST
Output:
----------------------------------------------------------
<end of output>
Test time =   0.21 sec
----------------------------------------------------------
Test Passed.
"t_strm_reassem_win" end time: May 20 14:38 CST
"t_strm_reassem_win" time elapsed: 00:00:00
----------------------------------------------------------

25/169 Testing: t_strm_reassem_cap
25/169 Test: t_strm_reassem_cap
Command: "/home/shootzecond/sponge/build/tests/fsm_stream_reassembler_cap"
Directory: /home/shootzecond/sponge/build
"t_strm_reassem_cap" start time: May 20 14:38 CST
Output:
----------------------------------------------------------
<end of output>
Test time =   0.08 sec
----------------------------------------------------------
Test Passed.
"t_strm_reassem_cap" end time: May 20 14:38 CST
"t_strm_reassem_cap" time elapsed: 00:00:00
----------------------------------------------------------

26/169 Testing: t_byte_stream_construction
26/169 Test: t_byte_stream_construction
Command: "/home/shootzecond/sponge/build/tests/byte_stream_construction"
Directory: /home/shootzecond/sponge/build
"t_byte_stream_construction" start time: May 20 14:38 CST
Output:
----------------------------------------------------------
<end of output>
Test time =   0.00 sec
----------------------------------------------------------
Test Passed.
"t_byte_stream_construction" end time: May 20 14:38 CST
"t_byte_stream_construction" time elapsed: 00:00:00
----------------------------------------------------------

27/169 Testing: t_byte_stream_one_write
27/169 Test: t_byte_stream_one_write
Command: "/home/shootzecond/sponge/build/tests/byte_stream_one_write"
Directory: /home/shootzecond/sponge/build
"t_byte_stream_one_write" start time: May 20 14:38 CST
Output:
----------------------------------------------------------
<end of output>
Test time =   0.00 sec
----------------------------------------------------------
Test Passed.
"t_byte_stream_one_write" end time: May 20 14:38 CST
"t_byte_stream_one_write" time elapsed: 00:00:00
----------------------------------------------------------

28/169 Testing: t_byte_stream_two_writes
28/169 Test: t_byte_stream_two_writes
Command: "/home/shootzecond/sponge/build/tests/byte_stream_two_writes"
Directory: /home/shootzecond/sponge/build
"t_byte_stream_two_writes" start time: May 20 14:38 CST
Output:
----------------------------------------------------------
<end of output>
Test time =   0.00 sec
----------------------------------------------------------
Test Passed.
"t_byte_stream_two_writes" end time: May 20 14:38 CST
"t_byte_stream_two_writes" time elapsed: 00:00:00
----------------------------------------------------------

29/169 Testing: t_byte_stream_capacity
29/169 Test: t_byte_stream_capacity
Command: "/home/shootzecond/sponge/build/tests/byte_stream_capacity"
Directory: /home/shootzecond/sponge/build
"t_byte_stream_capacity" start time: May 20 14:38 CST
Output:
----------------------------------------------------------
<end of output>
Test time =   0.36 sec
----------------------------------------------------------
Test Passed.
"t_byte_stream_capacity" end time: May 20 14:38 CST
"t_byte_stream_capacity" time elapsed: 00:00:00
----------------------------------------------------------

30/169 Testing: t_byte_stream_many_writes
30/169 Test: t_byte_stream_many_writes
Command: "/home/shootzecond/sponge/build/tests/byte_stream_many_writes"
Directory: /home/shootzecond/sponge/build
"t_byte_stream_many_writes" start time: May 20 14:38 CST
Output:
----------------------------------------------------------
<end of output>
Test time =   0.01 sec
----------------------------------------------------------
Test Passed.
"t_byte_stream_many_writes" end time: May 20 14:38 CST
"t_byte_stream_many_writes" time elapsed: 00:00:00
----------------------------------------------------------

31/169 Testing: t_webget
31/169 Test: t_webget
Command: "/home/shootzecond/sponge/tests/webget_t.sh"
Directory: /home/shootzecond/sponge/build
"t_webget" start time: May 20 14:38 CST
Output:
----------------------------------------------------------
HTTP/1.1 200 OK
Content-type: text/plain

7SmXqWkrLKzVBCEalbSPqBcvs11Pw263K7x4Wv3JckI
<end of output>
Test time =   0.99 sec
----------------------------------------------------------
Test Passed.
"t_webget" end time: May 20 14:38 CST
"t_webget" time elapsed: 00:00:00
----------------------------------------------------------

32/169 Testing: arp_network_interface
32/169 Test: arp_network_interface
Command: "/home/shootzecond/sponge/build/tests/net_interface"
Directory: /home/shootzecond/sponge/build
"arp_network_interface" start time: May 20 14:38 CST
Output:
----------------------------------------------------------
DEBUG: Network interface has Ethernet address 6a:4f:4b:50:5a:55 and IP address 4.3.2.1
DEBUG: Network interface has Ethernet address 76:06:37:36:f6:f3 and IP address 5.5.5.5
DEBUG: Network interface has Ethernet address 32:38:b2:93:60:07 and IP address 5.5.5.5
DEBUG: Network interface has Ethernet address 1e:a9:e9:49:6c:f7 and IP address 1.2.3.4
DEBUG: Network interface has Ethernet address e2:2e:71:71:34:23 and IP address 4.3.2.1
DEBUG: Network interface has Ethernet address 26:41:bb:43:c0:79 and IP address 10.0.0.1
<end of output>
Test time =   0.00 sec
----------------------------------------------------------
Test Passed.
"arp_network_interface" end time: May 20 14:38 CST
"arp_network_interface" time elapsed: 00:00:00
----------------------------------------------------------

33/169 Testing: router_test
33/169 Test: router_test
Command: "/home/shootzecond/sponge/build/apps/network_simulator"
Directory: /home/shootzecond/sponge/build
"router_test" start time: May 20 14:38 CST
Output:
----------------------------------------------------------
[32;1mConstructing network.[m
DEBUG: Network interface has Ethernet address 02:00:00:f3:a7:95 and IP address 171.67.76.46
DEBUG: Network interface has Ethernet address 02:00:00:ef:4b:e9 and IP address 10.0.0.1
DEBUG: Network interface has Ethernet address 02:00:00:34:1f:03 and IP address 172.16.0.1
DEBUG: Network interface has Ethernet address 02:00:00:5d:64:39 and IP address 192.168.0.1
DEBUG: Network interface has Ethernet address 02:00:00:c9:90:5d and IP address 198.178.229.1
DEBUG: Network interface has Ethernet address 02:00:00:76:0d:4a and IP address 143.195.0.2
DEBUG: Network interface has Ethernet address 02:00:00:62:c3:5c and IP address 128.30.76.255
DEBUG: Network interface has Ethernet address 7a:b6:bc:a5:7e:e6 and IP address 10.0.0.2
DEBUG: Network interface has Ethernet address d6:fe:63:c9:50:9f and IP address 171.67.76.1
DEBUG: Network interface has Ethernet address fe:4f:34:4d:6e:17 and IP address 192.168.0.2
DEBUG: Network interface has Ethernet address 3e:81:c2:b3:32:49 and IP address 143.195.0.1
DEBUG: Network interface has Ethernet address ba:b4:67:0d:70:9b and IP address 198.178.229.42
DEBUG: Network interface has Ethernet address 6a:87:54:fe:0d:22 and IP address 198.178.229.43
DEBUG: adding route 0.0.0.0/0 => 171.67.76.1 on interface 0
DEBUG: adding route 10.0.0.0/8 => (direct) on interface 1
DEBUG: adding route 172.16.0.0/16 => (direct) on interface 2
DEBUG: adding route 192.168.0.0/24 => (direct) on interface 3
DEBUG: adding route 198.178.229.0/24 => (direct) on interface 4
DEBUG: adding route 143.195.0.0/17 => 143.195.0.1 on interface 5
DEBUG: adding route 143.195.128.0/18 => 143.195.0.1 on interface 5
DEBUG: adding route 143.195.192.0/19 => 143.195.0.1 on interface 5
DEBUG: adding route 128.30.76.255/16 => 128.30.0.1 on interface 6
[32;1m

Testing traffic between two ordinary hosts (applesauce to cherrypie)...[m

Host applesauce trying to send datagram (with next hop = 10.0.0.1): IPv4, len=30, protocol=6, src=10.0.0.2, dst=192.168.0.2 payload="random payload: {2879254566}"
Transferring frame from applesauce to router.eth0: dst=ff:ff:ff:ff:ff:ff, src=7a:b6:bc:a5:7e:e6, type=ARP opcode=REQUEST, sender=7a:b6:bc:a5:7e:e6/10.0.0.2, target=00:00:00:00:00:00/10.0.0.1
Transferring frame from router.eth0 to applesauce: dst=7a:b6:bc:a5:7e:e6, src=02:00:00:ef:4b:e9, type=ARP opcode=REPLY, sender=02:00:00:ef:4b:e9/10.0.0.1, target=7a:b6:bc:a5:7e:e6/10.0.0.2
Transferring frame from applesauce to router.eth0: dst=02:00:00:ef:4b:e9, src=7a:b6:bc:a5:7e:e6, type=IPv4 IPv4, len=30, protocol=6, src=10.0.0.2, dst=192.168.0.2 payload="random payload: {2879254566}"
Transferring frame from router.eth2 to cherrypie: dst=ff:ff:ff:ff:ff:ff, src=02:00:00:5d:64:39, type=ARP opcode=REQUEST, sender=02:00:00:5d:64:39/192.168.0.1, target=00:00:00:00:00:00/192.168.0.2
Transferring frame from cherrypie to router.eth2: dst=02:00:00:5d:64:39, src=fe:4f:34:4d:6e:17, type=ARP opcode=REPLY, sender=fe:4f:34:4d:6e:17/192.168.0.2, target=02:00:00:5d:64:39/192.168.0.1
Transferring frame from router.eth2 to cherrypie: dst=fe:4f:34:4d:6e:17, src=02:00:00:5d:64:39, type=IPv4 IPv4, len=30, protocol=6, src=10.0.0.2, dst=192.168.0.2 payload="random payload: {2879254566}"
[32;1m

Testing traffic between two ordinary hosts (cherrypie to applesauce)...[m

Host cherrypie trying to send datagram (with next hop = 192.168.0.1): IPv4, len=30, protocol=6, src=192.168.0.2, dst=10.0.0.2 payload="random payload: {2022171568}"
Transferring frame from cherrypie to router.eth2: dst=02:00:00:5d:64:39, src=fe:4f:34:4d:6e:17, type=IPv4 IPv4, len=30, protocol=6, src=192.168.0.2, dst=10.0.0.2 payload="random payload: {2022171568}"
Transferring frame from router.eth0 to applesauce: dst=7a:b6:bc:a5:7e:e6, src=02:00:00:ef:4b:e9, type=IPv4 IPv4, len=30, protocol=6, src=192.168.0.2, dst=10.0.0.2 payload="random payload: {2022171568}"
[32;1m

Success! Testing applesauce sending to the Internet.[m

Host applesauce trying to send datagram (with next hop = 10.0.0.1): IPv4, len=30, protocol=6, src=10.0.0.2, dst=1.2.3.4 payload="random payload: {2829594922}"
Transferring frame from applesauce to router.eth0: dst=02:00:00:ef:4b:e9, src=7a:b6:bc:a5:7e:e6, type=IPv4 IPv4, len=30, protocol=6, src=10.0.0.2, dst=1.2.3.4 payload="random payload: {2829594922}"
Transferring frame from router.default to default_router: dst=ff:ff:ff:ff:ff:ff, src=02:00:00:f3:a7:95, type=ARP opcode=REQUEST, sender=02:00:00:f3:a7:95/171.67.76.46, target=00:00:00:00:00:00/171.67.76.1
Transferring frame from default_router to router.default: dst=02:00:00:f3:a7:95, src=d6:fe:63:c9:50:9f, type=ARP opcode=REPLY, sender=d6:fe:63:c9:50:9f/171.67.76.1, target=02:00:00:f3:a7:95/171.67.76.46
Transferring frame from router.default to default_router: dst=d6:fe:63:c9:50:9f, src=02:00:00:f3:a7:95, type=IPv4 IPv4, len=30, protocol=6, src=10.0.0.2, dst=1.2.3.4 payload="random payload: {2829594922}"
[32;1m

Success! Testing sending to the HS network and Internet.[m

Host applesauce trying to send datagram (with next hop = 10.0.0.1): IPv4, len=30, protocol=6, src=10.0.0.2, dst=143.195.131.17 payload="random payload: {2115930301}"
Transferring frame from applesauce to router.eth0: dst=02:00:00:ef:4b:e9, src=7a:b6:bc:a5:7e:e6, type=IPv4 IPv4, len=30, protocol=6, src=10.0.0.2, dst=143.195.131.17 payload="random payload: {2115930301}"
Transferring frame from router.hs4 to hs_router: dst=ff:ff:ff:ff:ff:ff, src=02:00:00:76:0d:4a, type=ARP opcode=REQUEST, sender=02:00:00:76:0d:4a/143.195.0.2, target=00:00:00:00:00:00/143.195.0.1
Transferring frame from hs_router to router.hs4: dst=02:00:00:76:0d:4a, src=3e:81:c2:b3:32:49, type=ARP opcode=REPLY, sender=3e:81:c2:b3:32:49/143.195.0.1, target=02:00:00:76:0d:4a/143.195.0.2
Transferring frame from router.hs4 to hs_router: dst=3e:81:c2:b3:32:49, src=02:00:00:76:0d:4a, type=IPv4 IPv4, len=30, protocol=6, src=10.0.0.2, dst=143.195.131.17 payload="random payload: {2115930301}"
Host cherrypie trying to send datagram (with next hop = 192.168.0.1): IPv4, len=30, protocol=6, src=192.168.0.2, dst=143.195.193.52 payload="random payload: {4294927345}"
Transferring frame from cherrypie to router.eth2: dst=02:00:00:5d:64:39, src=fe:4f:34:4d:6e:17, type=IPv4 IPv4, len=30, protocol=6, src=192.168.0.2, dst=143.195.193.52 payload="random payload: {4294927345}"
Transferring frame from router.hs4 to hs_router: dst=3e:81:c2:b3:32:49, src=02:00:00:76:0d:4a, type=IPv4 IPv4, len=30, protocol=6, src=192.168.0.2, dst=143.195.193.52 payload="random payload: {4294927345}"
Host cherrypie trying to send datagram (with next hop = 192.168.0.1): IPv4, len=30, protocol=6, src=192.168.0.2, dst=143.195.223.255 payload="random payload: {1011660929}"
Transferring frame from cherrypie to router.eth2: dst=02:00:00:5d:64:39, src=fe:4f:34:4d:6e:17, type=IPv4 IPv4, len=30, protocol=6, src=192.168.0.2, dst=143.195.223.255 payload="random payload: {1011660929}"
Transferring frame from router.hs4 to hs_router: dst=3e:81:c2:b3:32:49, src=02:00:00:76:0d:4a, type=IPv4 IPv4, len=30, protocol=6, src=192.168.0.2, dst=143.195.223.255 payload="random payload: {1011660929}"
Host cherrypie trying to send datagram (with next hop = 192.168.0.1): IPv4, len=2e, protocol=6, src=192.168.0.2, dst=143.195.224.0 payload="random payload: {49124635}"
Transferring frame from cherrypie to router.eth2: dst=02:00:00:5d:64:39, src=fe:4f:34:4d:6e:17, type=IPv4 IPv4, len=2e, protocol=6, src=192.168.0.2, dst=143.195.224.0 payload="random payload: {49124635}"
Transferring frame from router.default to default_router: dst=d6:fe:63:c9:50:9f, src=02:00:00:f3:a7:95, type=IPv4 IPv4, len=2e, protocol=6, src=192.168.0.2, dst=143.195.224.0 payload="random payload: {49124635}"
[32;1m

Success! Testing two hosts on the same network (dm42 to dm43)...[m

Host dm42 trying to send datagram (with next hop = 198.178.229.1): IPv4, len=2f, protocol=6, src=198.178.229.42, dst=198.178.229.43 payload="random payload: {219595283}"
Transferring frame from dm42 to router.uun3: dst=ff:ff:ff:ff:ff:ff, src=ba:b4:67:0d:70:9b, type=ARP opcode=REQUEST, sender=ba:b4:67:0d:70:9b/198.178.229.42, target=00:00:00:00:00:00/198.178.229.1
Transferring frame from dm42 to dm43: dst=ff:ff:ff:ff:ff:ff, src=ba:b4:67:0d:70:9b, type=ARP opcode=REQUEST, sender=ba:b4:67:0d:70:9b/198.178.229.42, target=00:00:00:00:00:00/198.178.229.1
Transferring frame from router.uun3 to dm42: dst=ba:b4:67:0d:70:9b, src=02:00:00:c9:90:5d, type=ARP opcode=REPLY, sender=02:00:00:c9:90:5d/198.178.229.1, target=ba:b4:67:0d:70:9b/198.178.229.42
Transferring frame from router.uun3 to dm43: dst=ba:b4:67:0d:70:9b, src=02:00:00:c9:90:5d, type=ARP opcode=REPLY, sender=02:00:00:c9:90:5d/198.178.229.1, target=ba:b4:67:0d:70:9b/198.178.229.42
Transferring frame from dm42 to router.uun3: dst=02:00:00:c9:90:5d, src=ba:b4:67:0d:70:9b, type=IPv4 IPv4, len=2f, protocol=6, src=198.178.229.42, dst=198.178.229.43 payload="random payload: {219595283}"
Transferring frame from dm42 to dm43: dst=02:00:00:c9:90:5d, src=ba:b4:67:0d:70:9b, type=IPv4 IPv4, len=2f, protocol=6, src=198.178.229.42, dst=198.178.229.43 payload="random payload: {219595283}"
Transferring frame from router.uun3 to dm42: dst=ff:ff:ff:ff:ff:ff, src=02:00:00:c9:90:5d, type=ARP opcode=REQUEST, sender=02:00:00:c9:90:5d/198.178.229.1, target=00:00:00:00:00:00/198.178.229.43
Transferring frame from router.uun3 to dm43: dst=ff:ff:ff:ff:ff:ff, src=02:00:00:c9:90:5d, type=ARP opcode=REQUEST, sender=02:00:00:c9:90:5d/198.178.229.1, target=00:00:00:00:00:00/198.178.229.43
Transferring frame from dm43 to router.uun3: dst=02:00:00:c9:90:5d, src=6a:87:54:fe:0d:22, type=ARP opcode=REPLY, sender=6a:87:54:fe:0d:22/198.178.229.43, target=02:00:00:c9:90:5d/198.178.229.1
Transferring frame from dm43 to dm42: dst=02:00:00:c9:90:5d, src=6a:87:54:fe:0d:22, type=ARP opcode=REPLY, sender=6a:87:54:fe:0d:22/198.178.229.43, target=02:00:00:c9:90:5d/198.178.229.1
Transferring frame from router.uun3 to dm42: dst=6a:87:54:fe:0d:22, src=02:00:00:c9:90:5d, type=IPv4 IPv4, len=2f, protocol=6, src=198.178.229.42, dst=198.178.229.43 payload="random payload: {219595283}"
Transferring frame from router.uun3 to dm43: dst=6a:87:54:fe:0d:22, src=02:00:00:c9:90:5d, type=IPv4 IPv4, len=2f, protocol=6, src=198.178.229.42, dst=198.178.229.43 payload="random payload: {219595283}"
[32;1m

Success! Testing TTL expiration...[m

Host applesauce trying to send datagram (with next hop = 10.0.0.1): IPv4, len=30, protocol=6, ttl=1, src=10.0.0.2, dst=1.2.3.4 payload="random payload: {1277228927}"
Transferring frame from applesauce to router.eth0: dst=02:00:00:ef:4b:e9, src=7a:b6:bc:a5:7e:e6, type=IPv4 IPv4, len=30, protocol=6, ttl=1, src=10.0.0.2, dst=1.2.3.4 payload="random payload: {1277228927}"
Host applesauce trying to send datagram (with next hop = 10.0.0.1): IPv4, len=30, protocol=6, ttl=0, src=10.0.0.2, dst=1.2.3.4 payload="random payload: {1104284995}"
Transferring frame from applesauce to router.eth0: dst=02:00:00:ef:4b:e9, src=7a:b6:bc:a5:7e:e6, type=IPv4 IPv4, len=30, protocol=6, ttl=0, src=10.0.0.2, dst=1.2.3.4 payload="random payload: {1104284995}"


[32;1mCongratulations! All datagrams were routed successfully.[m
<end of output>
Test time =   0.01 sec
----------------------------------------------------------
Test Passed.
"router_test" end time: May 20 14:38 CST
"router_test" time elapsed: 00:00:00
----------------------------------------------------------

34/169 Testing: t_tcp_parser
34/169 Test: t_tcp_parser
Command: "/home/shootzecond/sponge/build/tests/tcp_parser" "/home/shootzecond/sponge/tests/ipv4_parser.data"
Directory: /home/shootzecond/sponge/build
"t_tcp_parser" start time: May 20 14:38 CST
Output:
----------------------------------------------------------
<end of output>
Test time =   0.00 sec
----------------------------------------------------------
Test Passed.
"t_tcp_parser" end time: May 20 14:38 CST
"t_tcp_parser" time elapsed: 00:00:00
----------------------------------------------------------

35/169 Testing: t_ipv4_parser
35/169 Test: t_ipv4_parser
Command: "/home/shootzecond/sponge/build/tests/ipv4_parser" "/home/shootzecond/sponge/tests/ipv4_parser.data"
Directory: /home/shootzecond/sponge/build
"t_ipv4_parser" start time: May 20 14:38 CST
Output:
----------------------------------------------------------
<end of output>
Test time =   0.01 sec
----------------------------------------------------------
Test Passed.
"t_ipv4_parser" end time: May 20 14:38 CST
"t_ipv4_parser" time elapsed: 00:00:00
----------------------------------------------------------

36/169 Testing: t_active_close
36/169 Test: t_active_close
Command: "/home/shootzecond/sponge/build/tests/fsm_active_close"
Directory: /home/shootzecond/sponge/build
"t_active_close" start time: May 20 14:38 CST
Output:
----------------------------------------------------------
<end of output>
Test time =   0.00 sec
----------------------------------------------------------
Test Passed.
"t_active_close" end time: May 20 14:38 CST
"t_active_close" time elapsed: 00:00:00
----------------------------------------------------------

37/169 Testing: t_passive_close
37/169 Test: t_passive_close
Command: "/home/shootzecond/sponge/build/tests/fsm_passive_close"
Directory: /home/shootzecond/sponge/build
"t_passive_close" start time: May 20 14:38 CST
Output:
----------------------------------------------------------
<end of output>
Test time =   0.00 sec
----------------------------------------------------------
Test Passed.
"t_passive_close" end time: May 20 14:38 CST
"t_passive_close" time elapsed: 00:00:00
----------------------------------------------------------

39/169 Testing: t_ack_rst
39/169 Test: t_ack_rst
Command: "/home/shootzecond/sponge/build/tests/fsm_ack_rst_relaxed"
Directory: /home/shootzecond/sponge/build
"t_ack_rst" start time: May 20 14:38 CST
Output:
----------------------------------------------------------
Test 1
Test 2
Test 3
Warning: Unclean shutdown of TCPConnection
Warning: Unclean shutdown of TCPConnection
Warning: Unclean shutdown of TCPConnection
Warning: Unclean shutdown of TCPConnection
Warning: Unclean shutdown of TCPConnection
Warning: Unclean shutdown of TCPConnection
Warning: Unclean shutdown of TCPConnection
Warning: Unclean shutdown of TCPConnection
Warning: Unclean shutdown of TCPConnection
Test 4
Test 5
Warning: Unclean shutdown of TCPConnection
Warning: Unclean shutdown of TCPConnection
<end of output>
Test time =   0.00 sec
----------------------------------------------------------
Test Passed.
"t_ack_rst" end time: May 20 14:38 CST
"t_ack_rst" time elapsed: 00:00:00
----------------------------------------------------------

41/169 Testing: t_ack_rst_win
41/169 Test: t_ack_rst_win
Command: "/home/shootzecond/sponge/build/tests/fsm_ack_rst_win_relaxed"
Directory: /home/shootzecond/sponge/build
"t_ack_rst_win" start time: May 20 14:38 CST
Output:
----------------------------------------------------------
<end of output>
Test time =   0.00 sec
----------------------------------------------------------
Test Passed.
"t_ack_rst_win" end time: May 20 14:38 CST
"t_ack_rst_win" time elapsed: 00:00:00
----------------------------------------------------------

43/169 Testing: t_connect
43/169 Test: t_connect
Command: "/home/shootzecond/sponge/build/tests/fsm_connect_relaxed"
Directory: /home/shootzecond/sponge/build
"t_connect" start time: May 20 14:38 CST
Output:
----------------------------------------------------------
Warning: Unclean shutdown of TCPConnection
Warning: Unclean shutdown of TCPConnection
Warning: Unclean shutdown of TCPConnection
<end of output>
Test time =   0.00 sec
----------------------------------------------------------
Test Passed.
"t_connect" end time: May 20 14:38 CST
"t_connect" time elapsed: 00:00:00
----------------------------------------------------------

45/169 Testing: t_listen
45/169 Test: t_listen
Command: "/home/shootzecond/sponge/build/tests/fsm_listen_relaxed"
Directory: /home/shootzecond/sponge/build
"t_listen" start time: May 20 14:38 CST
Output:
----------------------------------------------------------
Warning: Unclean shutdown of TCPConnection
<end of output>
Test time =   0.00 sec
----------------------------------------------------------
Test Passed.
"t_listen" end time: May 20 14:38 CST
"t_listen" time elapsed: 00:00:00
----------------------------------------------------------

46/169 Testing: t_winsize
46/169 Test: t_winsize
Command: "/home/shootzecond/sponge/build/tests/fsm_winsize"
Directory: /home/shootzecond/sponge/build
"t_winsize" start time: May 20 14:38 CST
Output:
----------------------------------------------------------
Warning: Unclean shutdown of TCPConnection
Warning: Unclean shutdown of TCPConnection
Warning: Unclean shutdown of TCPConnection
Warning: Unclean shutdown of TCPConnection
Warning: Unclean shutdown of TCPConnection
Warning: Unclean shutdown of TCPConnection
Warning: Unclean shutdown of TCPConnection
Warning: Unclean shutdown of TCPConnection
Warning: Unclean shutdown of TCPConnection
Warning: Unclean shutdown of TCPConnection
Warning: Unclean shutdown of TCPConnection
Warning: Unclean shutdown of TCPConnection
Warning: Unclean shutdown of TCPConnection
Warning: Unclean shutdown of TCPConnection
Warning: Unclean shutdown of TCPConnection
Warning: Unclean shutdown of TCPConnection
Warning: Unclean shutdown of TCPConnection
Warning: Unclean shutdown of TCPConnection
Warning: Unclean shutdown of TCPConnection
Warning: Unclean shutdown of TCPConnection
Warning: Unclean shutdown of TCPConnection
Warning: Unclean shutdown of TCPConnection
Warning: Unclean shutdown of TCPConnection
Warning: Unclean shutdown of TCPConnection
Warning: Unclean shutdown of TCPConnection
Warning: Unclean shutdown of TCPConnection
Warning: Unclean shutdown of TCPConnection
Warning: Unclean shutdown of TCPConnection
Warning: Unclean shutdown of TCPConnection
Warning: Unclean shutdown of TCPConnection
Warning: Unclean shutdown of TCPConnection
Warning: Unclean shutdown of TCPConnection
<end of output>
Test time =   0.13 sec
----------------------------------------------------------
Test Passed.
"t_winsize" end time: May 20 14:38 CST
"t_winsize" time elapsed: 00:00:00
----------------------------------------------------------

48/169 Testing: t_retx
48/169 Test: t_retx
Command: "/home/shootzecond/sponge/build/tests/fsm_retx_relaxed"
Directory: /home/shootzecond/sponge/build
"t_retx" start time: May 20 14:38 CST
Output:
----------------------------------------------------------
  check_segment
  check_segment
  check_segment
  check_segment
  check_segment
  check_segment
  check_segment
  check_segment
  check_segment
<end of output>
Test time =   0.00 sec
----------------------------------------------------------
Test Passed.
"t_retx" end time: May 20 14:38 CST
"t_retx" time elapsed: 00:00:00
----------------------------------------------------------

49/169 Testing: t_retx_win
49/169 Test: t_retx_win
Command: "/home/shootzecond/sponge/build/tests/fsm_retx_win"
Directory: /home/shootzecond/sponge/build
"t_retx_win" start time: May 20 14:38 CST
Output:
----------------------------------------------------------
  check_segment
  check_segment
  check_segment
  check_segment
Warning: Unclean shutdown of TCPConnection
  check_segment
  check_segment
  check_segment
  check_segment
Warning: Unclean shutdown of TCPConnection
  check_segment
  check_segment
  check_segment
  check_segment
Warning: Unclean shutdown of TCPConnection
  check_segment
  check_segment
  check_segment
  check_segment
Warning: Unclean shutdown of TCPConnection
  check_segment
  check_segment
  check_segment
  check_segment
  check_segment
Warning: Unclean shutdown of TCPConnection
  check_segment
  check_segment
  check_segment
  check_segment
  check_segment
  check_segment
Warning: Unclean shutdown of TCPConnection
  check_segment
  check_segment
  check_segment
  check_segment
  check_segment
  check_segment
  check_segment
Warning: Unclean shutdown of TCPConnection
  check_segment
  check_segment
  check_segment
  check_segment
  check_segment
  check_segment
  check_segment
  check_segment
Warning: Unclean shutdown of TCPConnection
  check_segment
  check_segment
  check_segment
  check_segment
  check_segment
  check_segment
  check_segment
  check_segment
  check_segment
Warning: Unclean shutdown of TCPConnection
  check_segment
  check_segment
  check_segment
  check_segment
  check_segment
  check_segment
  check_segment
  check_segment
  check_segment
  check_segment
Warning: Unclean shutdown of TCPConnection
<end of output>
Test time =   0.01 sec
----------------------------------------------------------
Test Passed.
"t_retx_win" end time: May 20 14:38 CST
"t_retx_win" time elapsed: 00:00:00
----------------------------------------------------------

50/169 Testing: t_loopback
50/169 Test: t_loopback
Command: "/home/shootzecond/sponge/build/tests/fsm_loopback"
Directory: /home/shootzecond/sponge/build
"t_loopback" start time: May 20 14:38 CST
Output:
----------------------------------------------------------
Warning: Unclean shutdown of TCPConnection
Warning: Unclean shutdown of TCPConnection
Warning: Unclean shutdown of TCPConnection
Warning: Unclean shutdown of TCPConnection
Warning: Unclean shutdown of TCPConnection
Warning: Unclean shutdown of TCPConnection
Warning: Unclean shutdown of TCPConnection
Warning: Unclean shutdown of TCPConnection
Warning: Unclean shutdown of TCPConnection
Warning: Unclean shutdown of TCPConnection
Warning: Unclean shutdown of TCPConnection
Warning: Unclean shutdown of TCPConnection
Warning: Unclean shutdown of TCPConnection
Warning: Unclean shutdown of TCPConnection
Warning: Unclean shutdown of TCPConnection
Warning: Unclean shutdown of TCPConnection
Warning: Unclean shutdown of TCPConnection
Warning: Unclean shutdown of TCPConnection
Warning: Unclean shutdown of TCPConnection
Warning: Unclean shutdown of TCPConnection
Warning: Unclean shutdown of TCPConnection
Warning: Unclean shutdown of TCPConnection
Warning: Unclean shutdown of TCPConnection
Warning: Unclean shutdown of TCPConnection
Warning: Unclean shutdown of TCPConnection
Warning: Unclean shutdown of TCPConnection
Warning: Unclean shutdown of TCPConnection
Warning: Unclean shutdown of TCPConnection
Warning: Unclean shutdown of TCPConnection
Warning: Unclean shutdown of TCPConnection
Warning: Unclean shutdown of TCPConnection
Warning: Unclean shutdown of TCPConnection
Warning: Unclean shutdown of TCPConnection
Warning: Unclean shutdown of TCPConnection
Warning: Unclean shutdown of TCPConnection
Warning: Unclean shutdown of TCPConnection
Warning: Unclean shutdown of TCPConnection
Warning: Unclean shutdown of TCPConnection
Warning: Unclean shutdown of TCPConnection
Warning: Unclean shutdown of TCPConnection
Warning: Unclean shutdown of TCPConnection
Warning: Unclean shutdown of TCPConnection
Warning: Unclean shutdown of TCPConnection
Warning: Unclean shutdown of TCPConnection
Warning: Unclean shutdown of TCPConnection
Warning: Unclean shutdown of TCPConnection
Warning: Unclean shutdown of TCPConnection
Warning: Unclean shutdown of TCPConnection
Warning: Unclean shutdown of TCPConnection
Warning: Unclean shutdown of TCPConnection
Warning: Unclean shutdown of TCPConnection
Warning: Unclean shutdown of TCPConnection
Warning: Unclean shutdown of TCPConnection
Warning: Unclean shutdown of TCPConnection
Warning: Unclean shutdown of TCPConnection
Warning: Unclean shutdown of TCPConnection
Warning: Unclean shutdown of TCPConnection
Warning: Unclean shutdown of TCPConnection
Warning: Unclean shutdown of TCPConnection
Warning: Unclean shutdown of TCPConnection
Warning: Unclean shutdown of TCPConnection
Warning: Unclean shutdown of TCPConnection
Warning: Unclean shutdown of TCPConnection
Warning: Unclean shutdown of TCPConnection
<end of output>
Test time =   0.36 sec
----------------------------------------------------------
Test Passed.
"t_loopback" end time: May 20 14:38 CST
"t_loopback" time elapsed: 00:00:00
----------------------------------------------------------

51/169 Testing: t_loopback_win
51/169 Test: t_loopback_win
Command: "/home/shootzecond/sponge/build/tests/fsm_loopback_win"
Directory: /home/shootzecond/sponge/build
"t_loopback_win" start time: May 20 14:38 CST
Output:
----------------------------------------------------------
Warning: Unclean shutdown of TCPConnection
Warning: Unclean shutdown of TCPConnection
Warning: Unclean shutdown of TCPConnection
Warning: Unclean shutdown of TCPConnection
Warning: Unclean shutdown of TCPConnection
Warning: Unclean shutdown of TCPConnection
Warning: Unclean shutdown of TCPConnection
Warning: Unclean shutdown of TCPConnection
Warning: Unclean shutdown of TCPConnection
Warning: Unclean shutdown of TCPConnection
Warning: Unclean shutdown of TCPConnection
Warning: Unclean shutdown of TCPConnection
Warning: Unclean shutdown of TCPConnection
Warning: Unclean shutdown of TCPConnection
Warning: Unclean shutdown of TCPConnection
Warning: Unclean shutdown of TCPConnection
Warning: Unclean shutdown of TCPConnection
Warning: Unclean shutdown of TCPConnection
Warning: Unclean shutdown of TCPConnection
Warning: Unclean shutdown of TCPConnection
Warning: Unclean shutdown of TCPConnection
Warning: Unclean shutdown of TCPConnection
Warning: Unclean shutdown of TCPConnection
Warning: Unclean shutdown of TCPConnection
Warning: Unclean shutdown of TCPConnection
Warning: Unclean shutdown of TCPConnection
Warning: Unclean shutdown of TCPConnection
Warning: Unclean shutdown of TCPConnection
Warning: Unclean shutdown of TCPConnection
Warning: Unclean shutdown of TCPConnection
Warning: Unclean shutdown of TCPConnection
Warning: Unclean shutdown of TCPConnection
<end of output>
Test time =   0.21 sec
----------------------------------------------------------
Test Passed.
"t_loopback_win" end time: May 20 14:38 CST
"t_loopback_win" time elapsed: 00:00:00
----------------------------------------------------------

52/169 Testing: t_reorder
52/169 Test: t_reorder
Command: "/home/shootzecond/sponge/build/tests/fsm_reorder"
Directory: /home/shootzecond/sponge/build
"t_reorder" start time: May 20 14:38 CST
Output:
----------------------------------------------------------
Warning: Unclean shutdown of TCPConnection
Warning: Unclean shutdown of TCPConnection
Warning: Unclean shutdown of TCPConnection
Warning: Unclean shutdown of TCPConnection
Warning: Unclean shutdown of TCPConnection
Warning: Unclean shutdown of TCPConnection
Warning: Unclean shutdown of TCPConnection
Warning: Unclean shutdown of TCPConnection
Warning: Unclean shutdown of TCPConnection
Warning: Unclean shutdown of TCPConnection
Warning: Unclean shutdown of TCPConnection
Warning: Unclean shutdown of TCPConnection
Warning: Unclean shutdown of TCPConnection
Warning: Unclean shutdown of TCPConnection
Warning: Unclean shutdown of TCPConnection
Warning: Unclean shutdown of TCPConnection
Warning: Unclean shutdown of TCPConnection
Warning: Unclean shutdown of TCPConnection
Warning: Unclean shutdown of TCPConnection
Warning: Unclean shutdown of TCPConnection
Warning: Unclean shutdown of TCPConnection
Warning: Unclean shutdown of TCPConnection
Warning: Unclean shutdown of TCPConnection
Warning: Unclean shutdown of TCPConnection
Warning: Unclean shutdown of TCPConnection
Warning: Unclean shutdown of TCPConnection
Warning: Unclean shutdown of TCPConnection
Warning: Unclean shutdown of TCPConnection
Warning: Unclean shutdown of TCPConnection
Warning: Unclean shutdown of TCPConnection
Warning: Unclean shutdown of TCPConnection
Warning: Unclean shutdown of TCPConnection
Warning: Unclean shutdown of TCPConnection
Warning: Unclean shutdown of TCPConnection
Warning: Unclean shutdown of TCPConnection
Warning: Unclean shutdown of TCPConnection
Warning: Unclean shutdown of TCPConnection
Warning: Unclean shutdown of TCPConnection
Warning: Unclean shutdown of TCPConnection
Warning: Unclean shutdown of TCPConnection
Warning: Unclean shutdown of TCPConnection
Warning: Unclean shutdown of TCPConnection
Warning: Unclean shutdown of TCPConnection
Warning: Unclean shutdown of TCPConnection
Warning: Unclean shutdown of TCPConnection
Warning: Unclean shutdown of TCPConnection
Warning: Unclean shutdown of TCPConnection
Warning: Unclean shutdown of TCPConnection
Warning: Unclean shutdown of TCPConnection
Warning: Unclean shutdown of TCPConnection
Warning: Unclean shutdown of TCPConnection
Warning: Unclean shutdown of TCPConnection
Warning: Unclean shutdown of TCPConnection
Warning: Unclean shutdown of TCPConnection
Warning: Unclean shutdown of TCPConnection
Warning: Unclean shutdown of TCPConnection
Warning: Unclean shutdown of TCPConnection
Warning: Unclean shutdown of TCPConnection
Warning: Unclean shutdown of TCPConnection
Warning: Unclean shutdown of TCPConnection
Warning: Unclean shutdown of TCPConnection
Warning: Unclean shutdown of TCPConnection
Warning: Unclean shutdown of TCPConnection
Warning: Unclean shutdown of TCPConnection
<end of output>
Test time =   0.24 sec
----------------------------------------------------------
Test Passed.
"t_reorder" end time: May 20 14:38 CST
"t_reorder" time elapsed: 00:00:00
----------------------------------------------------------

53/169 Testing: t_address_dt
53/169 Test: t_address_dt
Command: "/home/shootzecond/sponge/build/doctests/address_dt"
Directory: /home/shootzecond/sponge/build
"t_address_dt" start time: May 20 14:38 CST
Output:
----------------------------------------------------------
<end of output>
Test time =   0.01 sec
----------------------------------------------------------
Test Passed.
"t_address_dt" end time: May 20 14:38 CST
"t_address_dt" time elapsed: 00:00:00
----------------------------------------------------------

54/169 Testing: t_parser_dt
54/169 Test: t_parser_dt
Command: "/home/shootzecond/sponge/build/doctests/parser_dt"
Directory: /home/shootzecond/sponge/build
"t_parser_dt" start time: May 20 14:38 CST
Output:
----------------------------------------------------------
<end of output>
Test time =   0.00 sec
----------------------------------------------------------
Test Passed.
"t_parser_dt" end time: May 20 14:38 CST
"t_parser_dt" time elapsed: 00:00:00
----------------------------------------------------------

55/169 Testing: t_socket_dt
55/169 Test: t_socket_dt
Command: "/home/shootzecond/sponge/build/doctests/socket_dt"
Directory: /home/shootzecond/sponge/build
"t_socket_dt" start time: May 20 14:38 CST
Output:
----------------------------------------------------------
<end of output>
Test time =   0.01 sec
----------------------------------------------------------
Test Passed.
"t_socket_dt" end time: May 20 14:38 CST
"t_socket_dt" time elapsed: 00:00:00
----------------------------------------------------------

56/169 Testing: t_udp_client_send
56/169 Test: t_udp_client_send
Command: "/home/shootzecond/sponge/txrx.sh" "-ucS"
Directory: /home/shootzecond/sponge/build
"t_udp_client_send" start time: May 20 14:38 CST
Output:
----------------------------------------------------------
DEBUG: Listening for incoming connection...
DEBUG: Connecting to 169.254.144.1:25647...
Successfully connected to 169.254.144.1:25647.
New connection from 169.254.144.1:51199.
DEBUG: Outbound stream to 169.254.144.1:51199 finished (1 byte still in flight).
DEBUG: Inbound stream from 169.254.144.1:25647 finished cleanly.
DEBUG: Outbound stream to 169.254.144.1:51199 has been fully acknowledged.
DEBUG: Waiting for clean shutdown... DEBUG: Outbound stream to 169.254.144.1:25647 finished (33 bytes still in flight).
DEBUG: Inbound stream from 169.254.144.1:51199 finished cleanly.
DEBUG: Waiting for lingering segments (e.g. retransmissions of FIN) from peer...
DEBUG: Waiting for clean shutdown... DEBUG: Outbound stream to 169.254.144.1:25647 has been fully acknowledged.
DEBUG: TCP connection finished cleanly.
done.
DEBUG: TCP connection finished cleanly.
done.
<end of output>
Test time =   0.25 sec
----------------------------------------------------------
Test Passed.
"t_udp_client_send" end time: May 20 14:38 CST
"t_udp_client_send" time elapsed: 00:00:00
----------------------------------------------------------

57/169 Testing: t_udp_server_send
57/169 Test: t_udp_server_send
Command: "/home/shootzecond/sponge/txrx.sh" "-usS"
Directory: /home/shootzecond/sponge/build
"t_udp_server_send" start time: May 20 14:38 CST
Output:
----------------------------------------------------------
DEBUG: Listening for incoming connection...
DEBUG: Connecting to 169.254.144.1:19466...
Successfully connected to 169.254.144.1:19466.
New connection from 169.254.144.1:34448.
DEBUG: Outbound stream to 169.254.144.1:34448 finished (33 bytes still in flight).
DEBUG: Outbound stream to 169.254.144.1:19466 finished (1 byte still in flight).
DEBUG: Inbound stream from 169.254.144.1:19466 finished cleanly.
DEBUG: Waiting for clean shutdown... DEBUG: Outbound stream to 169.254.144.1:34448 has been fully acknowledged.
DEBUG: Waiting for clean shutdown... DEBUG: Inbound stream from 169.254.144.1:34448 finished cleanly.
DEBUG: Waiting for lingering segments (e.g. retransmissions of FIN) from peer...
DEBUG: Outbound stream to 169.254.144.1:19466 has been fully acknowledged.
DEBUG: TCP connection finished cleanly.
done.
DEBUG: TCP connection finished cleanly.
done.
<end of output>
Test time =   0.25 sec
----------------------------------------------------------
Test Passed.
"t_udp_server_send" end time: May 20 14:38 CST
"t_udp_server_send" time elapsed: 00:00:00
----------------------------------------------------------

58/169 Testing: t_udp_client_recv
58/169 Test: t_udp_client_recv
Command: "/home/shootzecond/sponge/txrx.sh" "-ucR"
Directory: /home/shootzecond/sponge/build
"t_udp_client_recv" start time: May 20 14:38 CST
Output:
----------------------------------------------------------
DEBUG: Listening for incoming connection...
DEBUG: Connecting to 169.254.144.1:19808...
Successfully connected to 169.254.144.1:19808.
New connection from 169.254.144.1:37912.
DEBUG: Outbound stream to 169.254.144.1:37912 finished (33 bytes still in flight).
DEBUG: Outbound stream to 169.254.144.1:19808 finished (1 byte still in flight).
DEBUG: Inbound stream from 169.254.144.1:19808 finished cleanly.
DEBUG: Waiting for clean shutdown... DEBUG: Outbound stream to 169.254.144.1:37912 has been fully acknowledged.
DEBUG: Waiting for clean shutdown... DEBUG: Inbound stream from 169.254.144.1:37912 finished cleanly.
DEBUG: Waiting for lingering segments (e.g. retransmissions of FIN) from peer...
DEBUG: Outbound stream to 169.254.144.1:19808 has been fully acknowledged.
DEBUG: TCP connection finished cleanly.
done.
DEBUG: TCP connection finished cleanly.
done.
<end of output>
Test time =   0.26 sec
----------------------------------------------------------
Test Passed.
"t_udp_client_recv" end time: May 20 14:38 CST
"t_udp_client_recv" time elapsed: 00:00:00
----------------------------------------------------------

59/169 Testing: t_udp_server_recv
59/169 Test: t_udp_server_recv
Command: "/home/shootzecond/sponge/txrx.sh" "-usR"
Directory: /home/shootzecond/sponge/build
"t_udp_server_recv" start time: May 20 14:38 CST
Output:
----------------------------------------------------------
DEBUG: Listening for incoming connection...
DEBUG: Connecting to 169.254.144.1:28673...
Successfully connected to 169.254.144.1:28673.
New connection from 169.254.144.1:37908.
DEBUG: Outbound stream to 169.254.144.1:37908 finished (1 byte still in flight).
DEBUG: Outbound stream to 169.254.144.1:28673 finished (33 bytes still in flight).
DEBUG: Inbound stream from 169.254.144.1:28673 finished cleanly.
DEBUG: Waiting for clean shutdown... DEBUG: Outbound stream to 169.254.144.1:37908 has been fully acknowledged.
DEBUG: Inbound stream from 169.254.144.1:37908 finished cleanly.
DEBUG: Waiting for lingering segments (e.g. retransmissions of FIN) from peer...
DEBUG: Waiting for clean shutdown... DEBUG: Outbound stream to 169.254.144.1:28673 has been fully acknowledged.
DEBUG: TCP connection finished cleanly.
done.
DEBUG: TCP connection finished cleanly.
done.
<end of output>
Test time =   0.26 sec
----------------------------------------------------------
Test Passed.
"t_udp_server_recv" end time: May 20 14:38 CST
"t_udp_server_recv" time elapsed: 00:00:00
----------------------------------------------------------

60/169 Testing: t_udp_client_dupl
60/169 Test: t_udp_client_dupl
Command: "/home/shootzecond/sponge/txrx.sh" "-ucD"
Directory: /home/shootzecond/sponge/build
"t_udp_client_dupl" start time: May 20 14:38 CST
Output:
----------------------------------------------------------
DEBUG: Listening for incoming connection...
DEBUG: Connecting to 169.254.144.1:27795...
Successfully connected to 169.254.144.1:27795.
New connection from 169.254.144.1:34351.
DEBUG: Outbound stream to 169.254.144.1:34351 finished (33 bytes still in flight).
DEBUG: Inbound stream from 169.254.144.1:27795 finished cleanly.
DEBUG: Outbound stream to 169.254.144.1:34351 has been fully acknowledged.
DEBUG: Outbound stream to 169.254.144.1:27795 finished (33 bytes still in flight).
DEBUG: Waiting for clean shutdown... DEBUG: Waiting for clean shutdown... DEBUG: Inbound stream from 169.254.144.1:34351 finished cleanly.
DEBUG: Waiting for lingering segments (e.g. retransmissions of FIN) from peer...
DEBUG: Outbound stream to 169.254.144.1:27795 has been fully acknowledged.
DEBUG: TCP connection finished cleanly.
done.
DEBUG: TCP connection finished cleanly.
done.
<end of output>
Test time =   0.25 sec
----------------------------------------------------------
Test Passed.
"t_udp_client_dupl" end time: May 20 14:38 CST
"t_udp_client_dupl" time elapsed: 00:00:00
----------------------------------------------------------

61/169 Testing: t_udp_server_dupl
61/169 Test: t_udp_server_dupl
Command: "/home/shootzecond/sponge/txrx.sh" "-usD"
Directory: /home/shootzecond/sponge/build
"t_udp_server_dupl" start time: May 20 14:38 CST
Output:
----------------------------------------------------------
DEBUG: Listening for incoming connection...
DEBUG: Connecting to 169.254.144.1:19235...
Successfully connected to 169.254.144.1:19235.
New connection from 169.254.144.1:39722.
DEBUG: Outbound stream to 169.254.144.1:39722 finished (33 bytes still in flight).
DEBUG: Outbound stream to 169.254.144.1:19235 finished (33 bytes still in flight).
DEBUG: Inbound stream from 169.254.144.1:19235 finished cleanly.
DEBUG: Waiting for clean shutdown... DEBUG: Waiting for clean shutdown... DEBUG: Inbound stream from 169.254.144.1:39722 finished cleanly.
DEBUG: Outbound stream to 169.254.144.1:19235DEBUG: Outbound stream to 169.254.144.1:39722 has been fully acknowledged.
 has been fully acknowledged.
DEBUG: TCP connection finished cleanly.
done.
DEBUG: TCP connection finished cleanly.
done.
<end of output>
Test time =   0.26 sec
----------------------------------------------------------
Test Passed.
"t_udp_server_dupl" end time: May 20 14:38 CST
"t_udp_server_dupl" time elapsed: 00:00:00
----------------------------------------------------------

62/169 Testing: t_ucS_1M_32k
62/169 Test: t_ucS_1M_32k
Command: "/home/shootzecond/sponge/txrx.sh" "-ucSd" "1M" "-w" "32K"
Directory: /home/shootzecond/sponge/build
"t_ucS_1M_32k" start time: May 20 14:38 CST
Output:
----------------------------------------------------------
DEBUG: Listening for incoming connection...
DEBUG: Connecting to 169.254.144.1:25819...
Successfully connected to 169.254.144.1:25819.
New connection from 169.254.144.1:38251.
DEBUG: Outbound stream to 169.254.144.1:38251 finished (1 byte still in flight).
DEBUG: Inbound stream from 169.254.144.1:25819 finished cleanly.
DEBUG: Outbound stream to 169.254.144.1:38251 has been fully acknowledged.
DEBUG: Waiting for clean shutdown... DEBUG: Outbound stream to 169.254.144.1:25819 finished (30768 bytes still in flight).
DEBUG: Waiting for clean shutdown... DEBUG: Inbound stream from 169.254.144.1:38251 finished cleanly.
DEBUG: Waiting for lingering segments (e.g. retransmissions of FIN) from peer...
DEBUG: Outbound stream to 169.254.144.1:25819 has been fully acknowledged.
DEBUG: TCP connection finished cleanly.
done.
DEBUG: TCP connection finished cleanly.
done.
<end of output>
Test time =   0.42 sec
----------------------------------------------------------
Test Passed.
"t_ucS_1M_32k" end time: May 20 14:38 CST
"t_ucS_1M_32k" time elapsed: 00:00:00
----------------------------------------------------------

63/169 Testing: t_ucS_128K_8K
63/169 Test: t_ucS_128K_8K
Command: "/home/shootzecond/sponge/txrx.sh" "-ucSd" "128K" "-w" "8K"
Directory: /home/shootzecond/sponge/build
"t_ucS_128K_8K" start time: May 20 14:38 CST
Output:
----------------------------------------------------------
DEBUG: Listening for incoming connection...
DEBUG: Connecting to 169.254.144.1:10570...
Successfully connected to 169.254.144.1:10570.
New connection from 169.254.144.1:58906.
DEBUG: Outbound stream to 169.254.144.1:58906 finished (1 byte still in flight).
DEBUG: Inbound stream from 169.254.144.1:10570 finished cleanly.
DEBUG: Outbound stream to 169.254.144.1:58906 has been fully acknowledged.
DEBUG: Waiting for clean shutdown... DEBUG: Outbound stream to 169.254.144.1:10570 finished (7192 bytes still in flight).
DEBUG: Inbound stream from 169.254.144.1:58906 finished cleanly.
DEBUG: Waiting for lingering segments (e.g. retransmissions of FIN) from peer...
DEBUG: Waiting for clean shutdown... DEBUG: Outbound stream to 169.254.144.1:10570 has been fully acknowledged.
DEBUG: TCP connection finished cleanly.
done.
DEBUG: TCP connection finished cleanly.
done.
<end of output>
Test time =   0.28 sec
----------------------------------------------------------
Test Passed.
"t_ucS_128K_8K" end time: May 20 14:38 CST
"t_ucS_128K_8K" time elapsed: 00:00:00
----------------------------------------------------------

64/169 Testing: t_ucS_16_1
64/169 Test: t_ucS_16_1
Command: "/home/shootzecond/sponge/txrx.sh" "-ucSd" "16" "-w" "1"
Directory: /home/shootzecond/sponge/build
"t_ucS_16_1" start time: May 20 14:38 CST
Output:
----------------------------------------------------------
DEBUG: Listening for incoming connection...
DEBUG: Connecting to 169.254.144.1:2444...
Successfully connected to 169.254.144.1:2444.
New connection from 169.254.144.1:55951.
DEBUG: Outbound stream to 169.254.144.1:55951 finished (1 byte still in flight).
DEBUG: Inbound stream from 169.254.144.1:2444 finished cleanly.
DEBUG: Waiting for clean shutdown... DEBUG: Outbound stream to 169.254.144.1:2444 finished (1 byte still in flight).
DEBUG: Outbound stream to 169.254.144.1:55951 has been fully acknowledged.
DEBUG: Waiting for clean shutdown... DEBUG: Inbound stream from 169.254.144.1:55951 finished cleanly.
DEBUG: Waiting for lingering segments (e.g. retransmissions of FIN) from peer...
DEBUG: Outbound stream to 169.254.144.1:2444 has been fully acknowledged.
DEBUG: TCP connection finished cleanly.
done.
DEBUG: TCP connection finished cleanly.
done.
<end of output>
Test time =   0.26 sec
----------------------------------------------------------
Test Passed.
"t_ucS_16_1" end time: May 20 14:38 CST
"t_ucS_16_1" time elapsed: 00:00:00
----------------------------------------------------------

65/169 Testing: t_ucS_32K_d
65/169 Test: t_ucS_32K_d
Command: "/home/shootzecond/sponge/txrx.sh" "-ucSd" "32K"
Directory: /home/shootzecond/sponge/build
"t_ucS_32K_d" start time: May 20 14:38 CST
Output:
----------------------------------------------------------
DEBUG: Listening for incoming connection...
DEBUG: Connecting to 169.254.144.1:6868...
Successfully connected to 169.254.144.1:6868.
New connection from 169.254.144.1:43529.
DEBUG: Outbound stream to 169.254.144.1:43529 finished (1 byte still in flight).
DEBUG: Inbound stream from 169.254.144.1:6868 finished cleanly.
DEBUG: Outbound stream to 169.254.144.1:43529 has been fully acknowledged.
DEBUG: Waiting for clean shutdown... DEBUG: Outbound stream to 169.254.144.1:6868 finished (32769 bytes still in flight).
DEBUG: Inbound stream from 169.254.144.1:43529 finished cleanly.
DEBUG: Waiting for lingering segments (e.g. retransmissions of FIN) from peer...
DEBUG: Waiting for clean shutdown... DEBUG: Outbound stream to 169.254.144.1:6868 has been fully acknowledged.
DEBUG: TCP connection finished cleanly.
done.
DEBUG: TCP connection finished cleanly.
done.
<end of output>
Test time =   0.25 sec
----------------------------------------------------------
Test Passed.
"t_ucS_32K_d" end time: May 20 14:38 CST
"t_ucS_32K_d" time elapsed: 00:00:00
----------------------------------------------------------

66/169 Testing: t_ucR_1M_32k
66/169 Test: t_ucR_1M_32k
Command: "/home/shootzecond/sponge/txrx.sh" "-ucRd" "1M" "-w" "32K"
Directory: /home/shootzecond/sponge/build
"t_ucR_1M_32k" start time: May 20 14:38 CST
Output:
----------------------------------------------------------
DEBUG: Listening for incoming connection...
DEBUG: Connecting to 169.254.144.1:26200...
Successfully connected to 169.254.144.1:26200.
New connection from 169.254.144.1:47270.
DEBUG: Outbound stream to 169.254.144.1:26200 finished (1 byte still in flight).
DEBUG: Inbound stream from 169.254.144.1:47270 finished cleanly.
DEBUG: Outbound stream to 169.254.144.1:26200 has been fully acknowledged.
DEBUG: Waiting for clean shutdown... DEBUG: Outbound stream to 169.254.144.1:47270 finished (30768 bytes still in flight).
DEBUG: Outbound stream to DEBUG: Inbound stream from 169.254.144.1:26200 finished cleanly.
DEBUG: Waiting for lingering segments (e.g. retransmissions of FIN) from peer...
169.254.144.1:47270 has been fully acknowledged.
DEBUG: TCP connection finished cleanly.
done.
DEBUG: Waiting for clean shutdown... DEBUG: TCP connection finished cleanly.
done.
<end of output>
Test time =   0.45 sec
----------------------------------------------------------
Test Passed.
"t_ucR_1M_32k" end time: May 20 14:38 CST
"t_ucR_1M_32k" time elapsed: 00:00:00
----------------------------------------------------------

67/169 Testing: t_ucR_128K_8K
67/169 Test: t_ucR_128K_8K
Command: "/home/shootzecond/sponge/txrx.sh" "-ucRd" "128K" "-w" "8K"
Directory: /home/shootzecond/sponge/build
"t_ucR_128K_8K" start time: May 20 14:38 CST
Output:
----------------------------------------------------------
DEBUG: Listening for incoming connection...
DEBUG: Connecting to 169.254.144.1:16616...
Successfully connected to 169.254.144.1:16616.
New connection from 169.254.144.1:48034.
DEBUG: Outbound stream to 169.254.144.1:16616 finished (1 byte still in flight).
DEBUG: Inbound stream from 169.254.144.1:48034 finished cleanly.
DEBUG: Outbound stream to 169.254.144.1:16616 has been fully acknowledged.
DEBUG: Waiting for clean shutdown... DEBUG: Outbound stream to 169.254.144.1:48034 finished (7192 bytes still in flight).
DEBUG: Waiting for clean shutdown... DEBUG: Inbound stream from 169.254.144.1:16616 finished cleanly.
DEBUG: Waiting for lingering segments (e.g. retransmissions of FIN) from peer...
DEBUG: Outbound stream to 169.254.144.1:48034 has been fully acknowledged.
DEBUG: TCP connection finished cleanly.
done.
DEBUG: TCP connection finished cleanly.
done.
<end of output>
Test time =   0.30 sec
----------------------------------------------------------
Test Passed.
"t_ucR_128K_8K" end time: May 20 14:38 CST
"t_ucR_128K_8K" time elapsed: 00:00:00
----------------------------------------------------------

68/169 Testing: t_ucR_16_1
68/169 Test: t_ucR_16_1
Command: "/home/shootzecond/sponge/txrx.sh" "-ucRd" "16" "-w" "1"
Directory: /home/shootzecond/sponge/build
"t_ucR_16_1" start time: May 20 14:38 CST
Output:
----------------------------------------------------------
DEBUG: Listening for incoming connection...
DEBUG: Connecting to 169.254.144.1:30162...
Successfully connected to 169.254.144.1:30162.
New connection from 169.254.144.1:36257.
DEBUG: Outbound stream to 169.254.144.1:30162 finished (1 byte still in flight).
DEBUG: Outbound stream to 169.254.144.1:36257 finished (1 byte still in flight).
DEBUG: Waiting for clean shutdown... DEBUG: Inbound stream from 169.254.144.1:36257 finished cleanly.
DEBUG: Outbound stream to 169.254.144.1:30162 has been fully acknowledged.
DEBUG: Inbound stream from 169.254.144.1:30162 finished cleanly.
DEBUG: Waiting for lingering segments (e.g. retransmissions of FIN) from peer...
DEBUG: Outbound stream to 169.254.144.1:36257 has been fully acknowledged.
DEBUG: TCP connection finished cleanly.
done.
DEBUG: Waiting for clean shutdown... DEBUG: TCP connection finished cleanly.
done.
<end of output>
Test time =   0.25 sec
----------------------------------------------------------
Test Passed.
"t_ucR_16_1" end time: May 20 14:38 CST
"t_ucR_16_1" time elapsed: 00:00:00
----------------------------------------------------------

69/169 Testing: t_ucR_32K_d
69/169 Test: t_ucR_32K_d
Command: "/home/shootzecond/sponge/txrx.sh" "-ucRd" "32K"
Directory: /home/shootzecond/sponge/build
"t_ucR_32K_d" start time: May 20 14:38 CST
Output:
----------------------------------------------------------
DEBUG: Listening for incoming connection...
DEBUG: Connecting to 169.254.144.1:2677...
Successfully connected to 169.254.144.1:2677.
New connection from 169.254.144.1:36581.
DEBUG: Outbound stream to 169.254.144.1:2677 finished (1 byte still in flight).
DEBUG: Outbound stream to 169.254.144.1:36581 finished (32769 bytes still in flight).
DEBUG: Outbound stream to 169.254.144.1:2677 has been fully acknowledged.
DEBUG: Inbound stream from 169.254.144.1:2677 finished cleanly.
DEBUG: Waiting for lingering segments (e.g. retransmissions of FIN) from peer...
DEBUG: Waiting for clean shutdown... DEBUG: Waiting for clean shutdown... DEBUG: Inbound stream from 169.254.144.1:36581 finished cleanly.
DEBUG: Outbound stream to 169.254.144.1:36581 has been fully acknowledged.
DEBUG: TCP connection finished cleanly.
done.
DEBUG: TCP connection finished cleanly.
done.
<end of output>
Test time =   0.26 sec
----------------------------------------------------------
Test Passed.
"t_ucR_32K_d" end time: May 20 14:38 CST
"t_ucR_32K_d" time elapsed: 00:00:00
----------------------------------------------------------

70/169 Testing: t_ucD_1M_32k
70/169 Test: t_ucD_1M_32k
Command: "/home/shootzecond/sponge/txrx.sh" "-ucDd" "1M" "-w" "32K"
Directory: /home/shootzecond/sponge/build
"t_ucD_1M_32k" start time: May 20 14:38 CST
Output:
----------------------------------------------------------
DEBUG: Listening for incoming connection...
DEBUG: Connecting to 169.254.144.1:33223...
Successfully connected to 169.254.144.1:33223.
New connection from 169.254.144.1:50109.
DEBUG: Outbound stream to 169.254.144.1:50109 finished (31768 bytes still in flight).
DEBUG: Outbound stream to 169.254.144.1:33223 finished (31768 bytes still in flight).
DEBUG: Inbound stream from 169.254.144.1:33223 finished cleanly.
DEBUG: Waiting for clean shutdown... DEBUG: Outbound stream to 169.254.144.1:50109 has been fully acknowledged.
DEBUG: Waiting for clean shutdown... DEBUG: Inbound stream from 169.254.144.1:50109 finished cleanly.
DEBUG: Waiting for lingering segments (e.g. retransmissions of FIN) from peer...
DEBUG: Outbound stream to 169.254.144.1:33223 has been fully acknowledged.
DEBUG: TCP connection finished cleanly.
done.
DEBUG: TCP connection finished cleanly.
done.
<end of output>
Test time =   0.53 sec
----------------------------------------------------------
Test Passed.
"t_ucD_1M_32k" end time: May 20 14:38 CST
"t_ucD_1M_32k" time elapsed: 00:00:00
----------------------------------------------------------

71/169 Testing: t_ucD_128K_8K
71/169 Test: t_ucD_128K_8K
Command: "/home/shootzecond/sponge/txrx.sh" "-ucDd" "128K" "-w" "8K"
Directory: /home/shootzecond/sponge/build
"t_ucD_128K_8K" start time: May 20 14:38 CST
Output:
----------------------------------------------------------
DEBUG: Listening for incoming connection...
DEBUG: Connecting to 169.254.144.1:18495...
Successfully connected to 169.254.144.1:18495.
New connection from 169.254.144.1:52305.
DEBUG: Outbound stream to 169.254.144.1:18495 finished (7192 bytes still in flight).
DEBUG: Outbound stream to 169.254.144.1:52305 finished (7192 bytes still in flight).
DEBUG: Inbound stream from 169.254.144.1:18495 finished cleanly.
DEBUG: Waiting for clean shutdown... DEBUG: Outbound stream to 169.254.144.1:52305 has been fully acknowledged.
DEBUG: Inbound stream from 169.254.144.1:52305 finished cleanly.
DEBUG: Waiting for lingering segments (e.g. retransmissions of FIN) from peer...
DEBUG: Waiting for clean shutdown... DEBUG: Outbound stream to 169.254.144.1:18495 has been fully acknowledged.
DEBUG: TCP connection finished cleanly.
done.
DEBUG: TCP connection finished cleanly.
done.
<end of output>
Test time =   0.29 sec
----------------------------------------------------------
Test Passed.
"t_ucD_128K_8K" end time: May 20 14:38 CST
"t_ucD_128K_8K" time elapsed: 00:00:00
----------------------------------------------------------

72/169 Testing: t_ucD_16_1
72/169 Test: t_ucD_16_1
Command: "/home/shootzecond/sponge/txrx.sh" "-ucDd" "16" "-w" "1"
Directory: /home/shootzecond/sponge/build
"t_ucD_16_1" start time: May 20 14:38 CST
Output:
----------------------------------------------------------
DEBUG: Listening for incoming connection...
DEBUG: Connecting to 169.254.144.1:5125...
Successfully connected to 169.254.144.1:5125.
New connection from 169.254.144.1:40841.
DEBUG: Outbound stream to 169.254.144.1:40841 finished (1 byte still in flight).
DEBUG: Outbound stream to 169.254.144.1:5125 finished (1 byte still in flight).
DEBUG: Inbound stream from 169.254.144.1:5125 finished cleanly.
DEBUG: Waiting for clean shutdown... DEBUG: Outbound stream to 169.254.144.1:40841 has been fully acknowledged.
DEBUG: Waiting for clean shutdown... DEBUG: Inbound stream from 169.254.144.1:40841 finished cleanly.
DEBUG: Waiting for lingering segments (e.g. retransmissions of FIN) from peer...
DEBUG: Outbound stream to 169.254.144.1:5125 has been fully acknowledged.
DEBUG: TCP connection finished cleanly.
done.
DEBUG: TCP connection finished cleanly.
done.
<end of output>
Test time =   0.26 sec
----------------------------------------------------------
Test Passed.
"t_ucD_16_1" end time: May 20 14:38 CST
"t_ucD_16_1" time elapsed: 00:00:00
----------------------------------------------------------

73/169 Testing: t_ucD_32K_d
73/169 Test: t_ucD_32K_d
Command: "/home/shootzecond/sponge/txrx.sh" "-ucDd" "32K"
Directory: /home/shootzecond/sponge/build
"t_ucD_32K_d" start time: May 20 14:38 CST
Output:
----------------------------------------------------------
DEBUG: Listening for incoming connection...
DEBUG: Connecting to 169.254.144.1:20298...
Successfully connected to 169.254.144.1:20298.
New connection from 169.254.144.1:52213.
DEBUG: Outbound stream to 169.254.144.1:52213 finished (32769 bytes still in flight).
DEBUG: Outbound stream to 169.254.144.1:20298 finished (32769 bytes still in flight).
DEBUG: Inbound stream from DEBUG: Inbound stream from 169.254.144.1:20298 finished cleanly.
DEBUG: Waiting for clean shutdown... DEBUG: Waiting for clean shutdown... 169.254.144.1:52213 finished cleanly.
DEBUG: Outbound stream to 169.254.144.1:20298 has been fully acknowledged.
DEBUG: Outbound stream to 169.254.144.1:52213 has been fully acknowledged.
DEBUG: TCP connection finished cleanly.
done.
DEBUG: TCP connection finished cleanly.
done.
<end of output>
Test time =   0.26 sec
----------------------------------------------------------
Test Passed.
"t_ucD_32K_d" end time: May 20 14:38 CST
"t_ucD_32K_d" time elapsed: 00:00:00
----------------------------------------------------------

74/169 Testing: t_usS_1M_32k
74/169 Test: t_usS_1M_32k
Command: "/home/shootzecond/sponge/txrx.sh" "-usSd" "1M" "-w" "32K"
Directory: /home/shootzecond/sponge/build
"t_usS_1M_32k" start time: May 20 14:38 CST
Output:
----------------------------------------------------------
DEBUG: Listening for incoming connection...
DEBUG: Connecting to 169.254.144.1:27629...
Successfully connected to 169.254.144.1:27629.
New connection from 169.254.144.1:52892.
DEBUG: Outbound stream to 169.254.144.1:27629 finished (1 byte still in flight).
DEBUG: Inbound stream from 169.254.144.1:52892 finished cleanly.
DEBUG: Outbound stream to 169.254.144.1:27629 has been fully acknowledged.
DEBUG: Waiting for clean shutdown... DEBUG: Outbound stream to 169.254.144.1:52892 finished (32767 bytes still in flight).
DEBUG: Inbound stream from 169.254.144.1:27629 finished cleanly.
DEBUG: Waiting for lingering segments (e.g. retransmissions of FIN) from peer...
DEBUG: Outbound stream to 169.254.144.1:52892 has been fully acknowledged.
DEBUG: TCP connection finished cleanly.
done.
DEBUG: Waiting for clean shutdown... DEBUG: TCP connection finished cleanly.
done.
<end of output>
Test time =   0.47 sec
----------------------------------------------------------
Test Passed.
"t_usS_1M_32k" end time: May 20 14:38 CST
"t_usS_1M_32k" time elapsed: 00:00:00
----------------------------------------------------------

75/169 Testing: t_usS_128K_8K
75/169 Test: t_usS_128K_8K
Command: "/home/shootzecond/sponge/txrx.sh" "-usSd" "128K" "-w" "8K"
Directory: /home/shootzecond/sponge/build
"t_usS_128K_8K" start time: May 20 14:38 CST
Output:
----------------------------------------------------------
DEBUG: Listening for incoming connection...
DEBUG: Connecting to 169.254.144.1:29058...
Successfully connected to 169.254.144.1:29058.
New connection from 169.254.144.1:53833.
DEBUG: Outbound stream to 169.254.144.1:29058 finished (1 byte still in flight).
DEBUG: Outbound stream to 169.254.144.1:29058 has been fully acknowledged.
DEBUG: Inbound stream from 169.254.144.1:53833 finished cleanly.
DEBUG: Waiting for clean shutdown... DEBUG: Outbound stream to 169.254.144.1:53833 finished (7192 bytes still in flight).
DEBUG: Inbound stream from 169.254.144.1:29058 finished cleanly.
DEBUG: Waiting for lingering segments (e.g. retransmissions of FIN) from peer...
DEBUG: Waiting for clean shutdown... DEBUG: Outbound stream to 169.254.144.1:53833 has been fully acknowledged.
DEBUG: TCP connection finished cleanly.
done.
DEBUG: TCP connection finished cleanly.
done.
<end of output>
Test time =   0.28 sec
----------------------------------------------------------
Test Passed.
"t_usS_128K_8K" end time: May 20 14:38 CST
"t_usS_128K_8K" time elapsed: 00:00:00
----------------------------------------------------------

76/169 Testing: t_usS_16_1
76/169 Test: t_usS_16_1
Command: "/home/shootzecond/sponge/txrx.sh" "-usSd" "16" "-w" "1"
Directory: /home/shootzecond/sponge/build
"t_usS_16_1" start time: May 20 14:38 CST
Output:
----------------------------------------------------------
DEBUG: Listening for incoming connection...
DEBUG: Connecting to 169.254.144.1:1056...
Successfully connected to 169.254.144.1:1056.
DEBUG: Outbound stream to 169.254.144.1:1056 finished (1 byte still in flight).
New connection from 169.254.144.1:34835.
DEBUG: Inbound stream from 169.254.144.1:34835 finished cleanly.
DEBUG: Outbound stream to 169.254.144.1:1056 has been fully acknowledged.
DEBUG: Waiting for clean shutdown... DEBUG: Outbound stream to 169.254.144.1:34835 finished (1 byte still in flight).
DEBUG: Inbound stream from 169.254.144.1:1056 finished cleanly.
DEBUG: Waiting for lingering segments (e.g. retransmissions of FIN) from peer...
DEBUG: Waiting for clean shutdown... DEBUG: Outbound stream to 169.254.144.1:34835 has been fully acknowledged.
DEBUG: TCP connection finished cleanly.
done.
DEBUG: TCP connection finished cleanly.
done.
<end of output>
Test time =   0.25 sec
----------------------------------------------------------
Test Passed.
"t_usS_16_1" end time: May 20 14:38 CST
"t_usS_16_1" time elapsed: 00:00:00
----------------------------------------------------------

77/169 Testing: t_usS_32K_d
77/169 Test: t_usS_32K_d
Command: "/home/shootzecond/sponge/txrx.sh" "-usSd" "32K"
Directory: /home/shootzecond/sponge/build
"t_usS_32K_d" start time: May 20 14:38 CST
Output:
----------------------------------------------------------
DEBUG: Listening for incoming connection...
DEBUG: Connecting to 169.254.144.1:17285...
Successfully connected to 169.254.144.1:17285.
New connection from 169.254.144.1:38607.
DEBUG: Outbound stream to 169.254.144.1:17285 finished (1 byte still in flight).
DEBUG: Outbound stream to 169.254.144.1:38607 finished (32769 bytes still in flight).
DEBUG: Outbound stream to 169.254.144.1:17285 has been fully acknowledged.
DEBUG: Inbound stream from 169.254.144.1:17285 finished cleanly.
DEBUG: Waiting for lingering segments (e.g. retransmissions of FIN) from peer...
DEBUG: Waiting for clean shutdown... DEBUG: Waiting for clean shutdown... DEBUG: Inbound stream from 169.254.144.1:38607 finished cleanly.
DEBUG: Outbound stream to 169.254.144.1:38607 has been fully acknowledged.
DEBUG: TCP connection finished cleanly.
done.
DEBUG: TCP connection finished cleanly.
done.
<end of output>
Test time =   0.26 sec
----------------------------------------------------------
Test Passed.
"t_usS_32K_d" end time: May 20 14:38 CST
"t_usS_32K_d" time elapsed: 00:00:00
----------------------------------------------------------

78/169 Testing: t_usR_1M_32k
78/169 Test: t_usR_1M_32k
[...]
DEBUG: Outbound stream to 169.254.144.1:22301 has been fully acknowledged.
DEBUG: TCP connection finished cleanly.
done.
DEBUG: TCP connection finished cleanly.
done.
<end of output>
Test time =   0.50 sec
----------------------------------------------------------
Test Passed.
"t_isD_128K_8K_L" end time: May 20 14:38 CST
"t_isD_128K_8K_L" time elapsed: 00:00:00
----------------------------------------------------------

151/169 Testing: t_isD_128K_8K_lL
151/169 Test: t_isD_128K_8K_lL
Command: "/home/shootzecond/sponge/txrx.sh" "-isDd" "128K" "-w" "8K" "-l" "0.1" "-L" "0.1"
Directory: /home/shootzecond/sponge/build
"t_isD_128K_8K_lL" start time: May 20 14:38 CST
Output:
----------------------------------------------------------
DEBUG: Listening for incoming connection...
DEBUG: Connecting to 169.254.144.9:11095...
Successfully connected to 169.254.144.9:11095.
New connection from 169.254.144.1:52171.
DEBUG: Outbound stream to 169.254.144.1:52171 finished (7192 bytes still in flight).
DEBUG: Outbound stream to 169.254.144.9:11095 finished (6192 bytes still in flight).
DEBUG: Waiting for clean shutdown... DEBUG: Inbound stream from 169.254.144.9:11095 finished cleanly.
DEBUG: Outbound stream to 169.254.144.1:52171 has been fully acknowledged.
DEBUG: Waiting for clean shutdown... DEBUG: Inbound stream from 169.254.144.1:52171 finished cleanly.
DEBUG: Waiting for lingering segments (e.g. retransmissions of FIN) from peer...
DEBUG: Outbound stream to 169.254.144.9:11095 has been fully acknowledged.
DEBUG: TCP connection finished cleanly.
done.
DEBUG: TCP connection finished cleanly.
done.
<end of output>
Test time =   0.67 sec
----------------------------------------------------------
Test Passed.
"t_isD_128K_8K_lL" end time: May 20 14:38 CST
"t_isD_128K_8K_lL" time elapsed: 00:00:00
----------------------------------------------------------

152/169 Testing: t_icnS_128K_8K_l
152/169 Test: t_icnS_128K_8K_l
Command: "/home/shootzecond/sponge/txrx.sh" "-icSnd" "128K" "-w" "8K" "-l" "0.1"
Directory: /home/shootzecond/sponge/build
"t_icnS_128K_8K_l" start time: May 20 14:38 CST
Output:
----------------------------------------------------------
DEBUG: Connecting to 169.254.144.1:16368...
Successfully connected to 169.254.144.1:16368.
DEBUG: Inbound stream from 169.254.144.1:16368 finished cleanly.
DEBUG: Waiting for clean shutdown... DEBUG: Outbound stream to 169.254.144.1:16368 finished (64000 bytes still in flight).
DEBUG: Outbound stream to 169.254.144.1:16368 has been fully acknowledged.
DEBUG: TCP connection finished cleanly.
done.
<end of output>
Test time =   0.17 sec
----------------------------------------------------------
Test Passed.
"t_icnS_128K_8K_l" end time: May 20 14:38 CST
"t_icnS_128K_8K_l" time elapsed: 00:00:00
----------------------------------------------------------

153/169 Testing: t_icnS_128K_8K_L
153/169 Test: t_icnS_128K_8K_L
Command: "/home/shootzecond/sponge/txrx.sh" "-icSnd" "128K" "-w" "8K" "-L" "0.1"
Directory: /home/shootzecond/sponge/build
"t_icnS_128K_8K_L" start time: May 20 14:38 CST
Output:
----------------------------------------------------------
DEBUG: Connecting to 169.254.144.1:6654...
Successfully connected to 169.254.144.1:6654.
DEBUG: Inbound stream from 169.254.144.1:6654 finished cleanly.
DEBUG: Waiting for clean shutdown... DEBUG: Outbound stream to 169.254.144.1:6654 finished (56000 bytes still in flight).
DEBUG: Outbound stream to 169.254.144.1:6654 has been fully acknowledged.
DEBUG: TCP connection finished cleanly.
done.
<end of output>
Test time =   0.35 sec
----------------------------------------------------------
Test Passed.
"t_icnS_128K_8K_L" end time: May 20 14:38 CST
"t_icnS_128K_8K_L" time elapsed: 00:00:00
----------------------------------------------------------

154/169 Testing: t_icnS_128K_8K_lL
154/169 Test: t_icnS_128K_8K_lL
Command: "/home/shootzecond/sponge/txrx.sh" "-icSnd" "128K" "-w" "8K" "-l" "0.1" "-L" "0.1"
Directory: /home/shootzecond/sponge/build
"t_icnS_128K_8K_lL" start time: May 20 14:38 CST
Output:
----------------------------------------------------------
DEBUG: Connecting to 169.254.144.1:24583...
Successfully connected to 169.254.144.1:24583.
DEBUG: Inbound stream from 169.254.144.1:24583 finished cleanly.
DEBUG: Waiting for clean shutdown... DEBUG: Outbound stream to 169.254.144.1:24583 finished (59000 bytes still in flight).
DEBUG: Outbound stream to 169.254.144.1:24583 has been fully acknowledged.
DEBUG: TCP connection finished cleanly.
done.
<end of output>
Test time =   0.40 sec
----------------------------------------------------------
Test Passed.
"t_icnS_128K_8K_lL" end time: May 20 14:38 CST
"t_icnS_128K_8K_lL" time elapsed: 00:00:00
----------------------------------------------------------

155/169 Testing: t_icnR_128K_8K_l
155/169 Test: t_icnR_128K_8K_l
Command: "/home/shootzecond/sponge/txrx.sh" "-icRnd" "128K" "-w" "8K" "-l" "0.1"
Directory: /home/shootzecond/sponge/build
"t_icnR_128K_8K_l" start time: May 20 14:38 CST
Output:
----------------------------------------------------------
DEBUG: Connecting to 169.254.144.1:1400...
Successfully connected to 169.254.144.1:1400.
DEBUG: Outbound stream to 169.254.144.1:1400 finished (1 byte still in flight).
DEBUG: Outbound stream to 169.254.144.1:1400 has been fully acknowledged.
DEBUG: Inbound stream from 169.254.144.1:1400 finished cleanly.
DEBUG: Waiting for lingering segments (e.g. retransmissions of FIN) from peer...
DEBUG: Waiting for clean shutdown... DEBUG: TCP connection finished cleanly.
done.
<end of output>
Test time =   0.38 sec
----------------------------------------------------------
Test Passed.
"t_icnR_128K_8K_l" end time: May 20 14:38 CST
"t_icnR_128K_8K_l" time elapsed: 00:00:00
----------------------------------------------------------

156/169 Testing: t_icnR_128K_8K_L
156/169 Test: t_icnR_128K_8K_L
Command: "/home/shootzecond/sponge/txrx.sh" "-icRnd" "128K" "-w" "8K" "-L" "0.1"
Directory: /home/shootzecond/sponge/build
"t_icnR_128K_8K_L" start time: May 20 14:38 CST
Output:
----------------------------------------------------------
DEBUG: Connecting to 169.254.144.1:27452...
Successfully connected to 169.254.144.1:27452.
DEBUG: Outbound stream to 169.254.144.1:27452 finished (1 byte still in flight).
DEBUG: Outbound stream to 169.254.144.1:27452 has been fully acknowledged.
DEBUG: Inbound stream from 169.254.144.1:27452 finished cleanly.
DEBUG: Waiting for lingering segments (e.g. retransmissions of FIN) from peer...
DEBUG: Waiting for clean shutdown... DEBUG: TCP connection finished cleanly.
done.
<end of output>
Test time =   0.27 sec
----------------------------------------------------------
Test Passed.
"t_icnR_128K_8K_L" end time: May 20 14:38 CST
"t_icnR_128K_8K_L" time elapsed: 00:00:00
----------------------------------------------------------

157/169 Testing: t_icnR_128K_8K_lL
157/169 Test: t_icnR_128K_8K_lL
Command: "/home/shootzecond/sponge/txrx.sh" "-icRnd" "128K" "-w" "8K" "-l" "0.1" "-L" "0.1"
Directory: /home/shootzecond/sponge/build
"t_icnR_128K_8K_lL" start time: May 20 14:38 CST
Output:
----------------------------------------------------------
DEBUG: Connecting to 169.254.144.1:12140...
Successfully connected to 169.254.144.1:12140.
DEBUG: Outbound stream to 169.254.144.1:12140 finished (1 byte still in flight).
DEBUG: Outbound stream to 169.254.144.1:12140 has been fully acknowledged.
DEBUG: Waiting for clean shutdown... DEBUG: Inbound stream from 169.254.144.1:12140 finished cleanly.
DEBUG: Waiting for lingering segments (e.g. retransmissions of FIN) from peer...
DEBUG: TCP connection finished cleanly.
done.
<end of output>
Test time =   0.96 sec
----------------------------------------------------------
Test Passed.
"t_icnR_128K_8K_lL" end time: May 20 14:38 CST
"t_icnR_128K_8K_lL" time elapsed: 00:00:00
----------------------------------------------------------

158/169 Testing: t_icnD_128K_8K_l
158/169 Test: t_icnD_128K_8K_l
Command: "/home/shootzecond/sponge/txrx.sh" "-icDnd" "128K" "-w" "8K" "-l" "0.1"
Directory: /home/shootzecond/sponge/build
"t_icnD_128K_8K_l" start time: May 20 14:38 CST
Output:
----------------------------------------------------------
DEBUG: Connecting to 169.254.144.1:18085...
Successfully connected to 169.254.144.1:18085.
DEBUG: Outbound stream to 169.254.144.1:18085 finished (64000 bytes still in flight).
DEBUG: Outbound stream to 169.254.144.1:18085 has been fully acknowledged.
DEBUG: Inbound stream from 169.254.144.1:18085 finished cleanly.
DEBUG: Waiting for lingering segments (e.g. retransmissions of FIN) from peer...
DEBUG: Waiting for clean shutdown... DEBUG: TCP connection finished cleanly.
done.
<end of output>
Test time =   0.45 sec
----------------------------------------------------------
Test Passed.
"t_icnD_128K_8K_l" end time: May 20 14:38 CST
"t_icnD_128K_8K_l" time elapsed: 00:00:00
----------------------------------------------------------

159/169 Testing: t_icnD_128K_8K_L
159/169 Test: t_icnD_128K_8K_L
Command: "/home/shootzecond/sponge/txrx.sh" "-icDnd" "128K" "-w" "8K" "-L" "0.1"
Directory: /home/shootzecond/sponge/build
"t_icnD_128K_8K_L" start time: May 20 14:38 CST
Output:
----------------------------------------------------------
DEBUG: Connecting to 169.254.144.1:22208...
Successfully connected to 169.254.144.1:22208.
DEBUG: Inbound stream from 169.254.144.1:22208 finished cleanly.
DEBUG: Waiting for clean shutdown... DEBUG: Outbound stream to 169.254.144.1:22208 finished (41000 bytes still in flight).
DEBUG: Outbound stream to 169.254.144.1:22208 has been fully acknowledged.
DEBUG: TCP connection finished cleanly.
done.
<end of output>
Test time =   0.35 sec
----------------------------------------------------------
Test Passed.
"t_icnD_128K_8K_L" end time: May 20 14:38 CST
"t_icnD_128K_8K_L" time elapsed: 00:00:00
----------------------------------------------------------

160/169 Testing: t_icnD_128K_8K_lL
160/169 Test: t_icnD_128K_8K_lL
Command: "/home/shootzecond/sponge/txrx.sh" "-icDnd" "128K" "-w" "8K" "-l" "0.1" "-L" "0.1"
Directory: /home/shootzecond/sponge/build
"t_icnD_128K_8K_lL" start time: May 20 14:38 CST
Output:
----------------------------------------------------------
DEBUG: Connecting to 169.254.144.1:30949...
Successfully connected to 169.254.144.1:30949.
DEBUG: Outbound stream to 169.254.144.1:30949 finished (39000 bytes still in flight).
DEBUG: Inbound stream from 169.254.144.1:30949 finished cleanly.
DEBUG: Waiting for clean shutdown... DEBUG: Outbound stream to 169.254.144.1:30949 has been fully acknowledged.
DEBUG: TCP connection finished cleanly.
done.
<end of output>
Test time =   0.55 sec
----------------------------------------------------------
Test Passed.
"t_icnD_128K_8K_lL" end time: May 20 14:38 CST
"t_icnD_128K_8K_lL" time elapsed: 00:00:00
----------------------------------------------------------

161/169 Testing: t_isnS_128K_8K_l
161/169 Test: t_isnS_128K_8K_l
Command: "/home/shootzecond/sponge/txrx.sh" "-isSnd" "128K" "-w" "8K" "-l" "0.1"
Directory: /home/shootzecond/sponge/build
"t_isnS_128K_8K_l" start time: May 20 14:38 CST
Output:
----------------------------------------------------------
DEBUG: Listening for incoming connection...
New connection from 169.254.144.1:53428.
DEBUG: Inbound stream from 169.254.144.1:53428 finished cleanly.
DEBUG: Waiting for clean shutdown... DEBUG: Outbound stream to 169.254.144.1:53428 finished (64000 bytes still in flight).
DEBUG: Outbound stream to 169.254.144.1:53428 has been fully acknowledged.
DEBUG: TCP connection finished cleanly.
done.
<end of output>
Test time =   0.15 sec
----------------------------------------------------------
Test Passed.
"t_isnS_128K_8K_l" end time: May 20 14:38 CST
"t_isnS_128K_8K_l" time elapsed: 00:00:00
----------------------------------------------------------

162/169 Testing: t_isnS_128K_8K_L
162/169 Test: t_isnS_128K_8K_L
Command: "/home/shootzecond/sponge/txrx.sh" "-isSnd" "128K" "-w" "8K" "-L" "0.1"
Directory: /home/shootzecond/sponge/build
"t_isnS_128K_8K_L" start time: May 20 14:38 CST
Output:
----------------------------------------------------------
DEBUG: Listening for incoming connection...
New connection from 169.254.144.1:37120.
DEBUG: Inbound stream from 169.254.144.1:37120 finished cleanly.
DEBUG: Waiting for clean shutdown... DEBUG: Outbound stream to 169.254.144.1:37120 finished (64000 bytes still in flight).
DEBUG: Outbound stream to 169.254.144.1:37120 has been fully acknowledged.
DEBUG: TCP connection finished cleanly.
done.
<end of output>
Test time =   0.28 sec
----------------------------------------------------------
Test Passed.
"t_isnS_128K_8K_L" end time: May 20 14:38 CST
"t_isnS_128K_8K_L" time elapsed: 00:00:00
----------------------------------------------------------

163/169 Testing: t_isnS_128K_8K_lL
163/169 Test: t_isnS_128K_8K_lL
Command: "/home/shootzecond/sponge/txrx.sh" "-isSnd" "128K" "-w" "8K" "-l" "0.1" "-L" "0.1"
Directory: /home/shootzecond/sponge/build
"t_isnS_128K_8K_lL" start time: May 20 14:38 CST
Output:
----------------------------------------------------------
DEBUG: Listening for incoming connection...
New connection from 169.254.144.1:57046.
DEBUG: Inbound stream from 169.254.144.1:57046 finished cleanly.
DEBUG: Waiting for clean shutdown... DEBUG: Outbound stream to 169.254.144.1:57046 finished (44000 bytes still in flight).
DEBUG: Outbound stream to 169.254.144.1:57046 has been fully acknowledged.
DEBUG: TCP connection finished cleanly.
done.
<end of output>
Test time =   0.41 sec
----------------------------------------------------------
Test Passed.
"t_isnS_128K_8K_lL" end time: May 20 14:38 CST
"t_isnS_128K_8K_lL" time elapsed: 00:00:00
----------------------------------------------------------

164/169 Testing: t_isnR_128K_8K_l
164/169 Test: t_isnR_128K_8K_l
Command: "/home/shootzecond/sponge/txrx.sh" "-isRnd" "128K" "-w" "8K" "-l" "0.1"
Directory: /home/shootzecond/sponge/build
"t_isnR_128K_8K_l" start time: May 20 14:38 CST
Output:
----------------------------------------------------------
DEBUG: Listening for incoming connection...
New connection from 169.254.144.1:44470.
DEBUG: Outbound stream to 169.254.144.1:44470 finished (1 byte still in flight).
DEBUG: Outbound stream to 169.254.144.1:44470 has been fully acknowledged.
DEBUG: Waiting for clean shutdown... DEBUG: Inbound stream from 169.254.144.1:44470 finished cleanly.
DEBUG: Waiting for lingering segments (e.g. retransmissions of FIN) from peer...
DEBUG: TCP connection finished cleanly.
done.
<end of output>
Test time =   0.46 sec
----------------------------------------------------------
Test Passed.
"t_isnR_128K_8K_l" end time: May 20 14:38 CST
"t_isnR_128K_8K_l" time elapsed: 00:00:00
----------------------------------------------------------

165/169 Testing: t_isnR_128K_8K_L
165/169 Test: t_isnR_128K_8K_L
Command: "/home/shootzecond/sponge/txrx.sh" "-isRnd" "128K" "-w" "8K" "-L" "0.1"
Directory: /home/shootzecond/sponge/build
"t_isnR_128K_8K_L" start time: May 20 14:38 CST
Output:
----------------------------------------------------------
DEBUG: Listening for incoming connection...
New connection from 169.254.144.1:58464.
DEBUG: Outbound stream to 169.254.144.1:58464 finished (1 byte still in flight).
DEBUG: Outbound stream to 169.254.144.1:58464 has been fully acknowledged.
DEBUG: Waiting for clean shutdown... DEBUG: Inbound stream from 169.254.144.1:58464 finished cleanly.
DEBUG: Waiting for lingering segments (e.g. retransmissions of FIN) from peer...
DEBUG: TCP connection finished cleanly.
done.
<end of output>
Test time =   0.28 sec
----------------------------------------------------------
Test Passed.
"t_isnR_128K_8K_L" end time: May 20 14:38 CST
"t_isnR_128K_8K_L" time elapsed: 00:00:00
----------------------------------------------------------

166/169 Testing: t_isnR_128K_8K_lL
166/169 Test: t_isnR_128K_8K_lL
Command: "/home/shootzecond/sponge/txrx.sh" "-isRnd" "128K" "-w" "8K" "-l" "0.1" "-L" "0.1"
Directory: /home/shootzecond/sponge/build
"t_isnR_128K_8K_lL" start time: May 20 14:38 CST
Output:
----------------------------------------------------------
DEBUG: Listening for incoming connection...
New connection from 169.254.144.1:42968.
DEBUG: Outbound stream to 169.254.144.1:42968 finished (1 byte still in flight).
DEBUG: Outbound stream to 169.254.144.1:42968 has been fully acknowledged.
DEBUG: Inbound stream from 169.254.144.1:42968 finished cleanly.
DEBUG: Waiting for lingering segments (e.g. retransmissions of FIN) from peer...
DEBUG: Waiting for clean shutdown... DEBUG: TCP connection finished cleanly.
done.
<end of output>
Test time =   0.57 sec
----------------------------------------------------------
Test Passed.
"t_isnR_128K_8K_lL" end time: May 20 14:38 CST
"t_isnR_128K_8K_lL" time elapsed: 00:00:00
----------------------------------------------------------

167/169 Testing: t_isnD_128K_8K_l
167/169 Test: t_isnD_128K_8K_l
Command: "/home/shootzecond/sponge/txrx.sh" "-isDnd" "128K" "-w" "8K" "-l" "0.1"
Directory: /home/shootzecond/sponge/build
"t_isnD_128K_8K_l" start time: May 20 14:38 CST
Output:
----------------------------------------------------------
DEBUG: Listening for incoming connection...
New connection from 169.254.144.1:46110.
DEBUG: Outbound stream to 169.254.144.1:46110 finished (64000 bytes still in flight).
DEBUG: Outbound stream to 169.254.144.1:46110 has been fully acknowledged.
DEBUG: Inbound stream from 169.254.144.1:46110 finished cleanly.
DEBUG: Waiting for lingering segments (e.g. retransmissions of FIN) from peer...
DEBUG: Waiting for clean shutdown... DEBUG: TCP connection finished cleanly.
done.
<end of output>
Test time =   0.95 sec
----------------------------------------------------------
Test Passed.
"t_isnD_128K_8K_l" end time: May 20 14:38 CST
"t_isnD_128K_8K_l" time elapsed: 00:00:00
----------------------------------------------------------

168/169 Testing: t_isnD_128K_8K_L
168/169 Test: t_isnD_128K_8K_L
Command: "/home/shootzecond/sponge/txrx.sh" "-isDnd" "128K" "-w" "8K" "-L" "0.1"
Directory: /home/shootzecond/sponge/build
"t_isnD_128K_8K_L" start time: May 20 14:38 CST
Output:
----------------------------------------------------------
DEBUG: Listening for incoming connection...
New connection from 169.254.144.1:34586.
DEBUG: Inbound stream from 169.254.144.1:34586 finished cleanly.
DEBUG: Waiting for clean shutdown... DEBUG: Outbound stream to 169.254.144.1:34586 finished (33000 bytes still in flight).
DEBUG: Outbound stream to 169.254.144.1:34586 has been fully acknowledged.
DEBUG: TCP connection finished cleanly.
done.
<end of output>
Test time =   0.42 sec
----------------------------------------------------------
Test Passed.
"t_isnD_128K_8K_L" end time: May 20 14:38 CST
"t_isnD_128K_8K_L" time elapsed: 00:00:00
----------------------------------------------------------

169/169 Testing: t_isnD_128K_8K_lL
169/169 Test: t_isnD_128K_8K_lL
Command: "/home/shootzecond/sponge/txrx.sh" "-isDnd" "128K" "-w" "8K" "-l" "0.1" "-L" "0.1"
Directory: /home/shootzecond/sponge/build
"t_isnD_128K_8K_lL" start time: May 20 14:38 CST
Output:
----------------------------------------------------------
DEBUG: Listening for incoming connection...
New connection from 169.254.144.1:48210.
DEBUG: Outbound stream to 169.254.144.1:48210 finished (36000 bytes still in flight).
DEBUG: Outbound stream to 169.254.144.1:48210 has been fully acknowledged.
DEBUG: Inbound stream from 169.254.144.1:48210 finished cleanly.
DEBUG: Waiting for lingering segments (e.g. retransmissions of FIN) from peer...
DEBUG: Waiting for clean shutdown... DEBUG: TCP connection finished cleanly.
done.
<end of output>
Test time =   0.73 sec
----------------------------------------------------------
Test Passed.
"t_isnD_128K_8K_lL" end time: May 20 14:38 CST
"t_isnD_128K_8K_lL" time elapsed: 00:00:00
----------------------------------------------------------

End testing: May 20 14:38 CST
